Jun 19, 2020 9:50:38 AM org.apache.karaf.main.Main launch
INFO: Installing and starting initial bundles
Jun 19, 2020 9:50:38 AM org.apache.karaf.main.Main launch
INFO: All initial bundles installed and set to start
Jun 19, 2020 9:50:38 AM org.apache.karaf.main.Main$KarafLockCallback lockAcquired
INFO: Lock acquired. Setting startlevel to 100
Jun 19, 2020 10:04:49 AM org.apache.karaf.main.Main launch
INFO: Installing and starting initial bundles
Jun 19, 2020 10:04:50 AM org.apache.karaf.main.Main launch
INFO: All initial bundles installed and set to start
Jun 19, 2020 10:04:50 AM org.apache.karaf.main.Main$KarafLockCallback lockAcquired
INFO: Lock acquired. Setting startlevel to 100
Jun 19, 2020 10:09:52 AM org.apache.karaf.main.Main launch
INFO: Installing and starting initial bundles
Jun 19, 2020 10:09:52 AM org.apache.karaf.main.Main launch
INFO: All initial bundles installed and set to start
Jun 19, 2020 10:09:53 AM org.apache.karaf.main.Main$KarafLockCallback lockAcquired
INFO: Lock acquired. Setting startlevel to 100
Jun 19, 2020 10:10:05 AM org.apache.karaf.main.Main launch
INFO: Installing and starting initial bundles
Jun 19, 2020 10:10:06 AM org.apache.karaf.main.Main launch
INFO: All initial bundles installed and set to start
Jun 19, 2020 10:10:06 AM org.apache.karaf.main.Main$KarafLockCallback lockAcquired
INFO: Lock acquired. Setting startlevel to 100
Jun 19, 2020 12:42:02 PM org.apache.karaf.main.Main launch
INFO: Installing and starting initial bundles
Jun 19, 2020 12:42:03 PM org.apache.karaf.main.Main launch
INFO: All initial bundles installed and set to start
Jun 19, 2020 12:42:03 PM org.apache.karaf.main.Main$KarafLockCallback lockAcquired
INFO: Lock acquired. Setting startlevel to 100
Jun 19, 2020 1:53:54 PM org.apache.karaf.main.Main launch
INFO: Installing and starting initial bundles
Jun 19, 2020 1:53:54 PM org.apache.karaf.main.Main launch
INFO: All initial bundles installed and set to start
Jun 19, 2020 1:53:54 PM org.apache.karaf.main.Main$KarafLockCallback lockAcquired
INFO: Lock acquired. Setting startlevel to 100
Jun 22, 2020 6:10:06 AM org.apache.karaf.main.Main launch
INFO: Installing and starting initial bundles
Jun 22, 2020 6:10:08 AM org.apache.karaf.main.Main launch
INFO: All initial bundles installed and set to start
Jun 22, 2020 6:10:09 AM org.apache.karaf.main.Main$KarafLockCallback lockAcquired
INFO: Lock acquired. Setting startlevel to 100
Jun 22, 2020 6:12:43 AM org.apache.karaf.main.Main launch
INFO: Installing and starting initial bundles
Jun 22, 2020 6:12:43 AM org.apache.karaf.main.Main launch
INFO: All initial bundles installed and set to start
Jun 22, 2020 6:12:44 AM org.apache.karaf.main.Main$KarafLockCallback lockAcquired
INFO: Lock acquired. Setting startlevel to 100
Jun 22, 2020 6:25:11 AM org.apache.karaf.main.Main launch
INFO: Installing and starting initial bundles
Jun 22, 2020 6:25:11 AM org.apache.karaf.main.Main launch
INFO: All initial bundles installed and set to start
Jun 22, 2020 6:25:12 AM org.apache.karaf.main.Main$KarafLockCallback lockAcquired
INFO: Lock acquired. Setting startlevel to 100
Jun 22, 2020 6:32:15 AM org.apache.karaf.main.Main launch
INFO: Installing and starting initial bundles
Jun 22, 2020 6:32:15 AM org.apache.karaf.main.Main launch
INFO: All initial bundles installed and set to start
Jun 22, 2020 6:32:16 AM org.apache.karaf.main.Main$KarafLockCallback lockAcquired
INFO: Lock acquired. Setting startlevel to 100
Jun 22, 2020 8:12:46 AM org.apache.karaf.main.Main launch
INFO: Installing and starting initial bundles
Jun 22, 2020 8:12:47 AM org.apache.karaf.main.Main launch
INFO: All initial bundles installed and set to start
Jun 22, 2020 8:12:47 AM org.apache.karaf.main.Main$KarafLockCallback lockAcquired
INFO: Lock acquired. Setting startlevel to 100
Jun 22, 2020 8:36:31 AM org.apache.karaf.main.Main launch
INFO: Installing and starting initial bundles
Jun 22, 2020 8:36:32 AM org.apache.karaf.main.Main launch
INFO: All initial bundles installed and set to start
Jun 22, 2020 8:36:32 AM org.apache.karaf.main.Main$KarafLockCallback lockAcquired
INFO: Lock acquired. Setting startlevel to 100
Jun 22, 2020 8:47:43 AM org.apache.karaf.main.Main launch
INFO: Installing and starting initial bundles
Jun 22, 2020 8:47:44 AM org.apache.karaf.main.Main launch
INFO: All initial bundles installed and set to start
Jun 22, 2020 8:47:44 AM org.apache.karaf.main.Main$KarafLockCallback lockAcquired
INFO: Lock acquired. Setting startlevel to 100
Jun 22, 2020 8:53:07 AM org.apache.karaf.main.Main launch
INFO: Installing and starting initial bundles
Jun 22, 2020 8:53:08 AM org.apache.karaf.main.Main launch
INFO: All initial bundles installed and set to start
Jun 22, 2020 8:53:08 AM org.apache.karaf.main.Main$KarafLockCallback lockAcquired
INFO: Lock acquired. Setting startlevel to 100
Jun 22, 2020 8:54:17 AM org.apache.karaf.main.Main launch
INFO: Installing and starting initial bundles
Jun 22, 2020 8:54:17 AM org.apache.karaf.main.Main launch
INFO: All initial bundles installed and set to start
Jun 22, 2020 8:54:18 AM org.apache.karaf.main.Main$KarafLockCallback lockAcquired
INFO: Lock acquired. Setting startlevel to 100
Jun 23, 2020 1:31:25 PM org.apache.karaf.main.Main launch
INFO: Installing and starting initial bundles
Jun 23, 2020 1:31:25 PM org.apache.karaf.main.Main launch
INFO: All initial bundles installed and set to start
Jun 23, 2020 1:31:26 PM org.apache.karaf.main.Main$KarafLockCallback lockAcquired
INFO: Lock acquired. Setting startlevel to 100
Jun 23, 2020 1:40:27 PM org.apache.karaf.main.Main launch
INFO: Installing and starting initial bundles
Jun 23, 2020 1:40:28 PM org.apache.karaf.main.Main launch
INFO: All initial bundles installed and set to start
Jun 23, 2020 1:40:28 PM org.apache.karaf.main.Main$KarafLockCallback lockAcquired
INFO: Lock acquired. Setting startlevel to 100
Jun 23, 2020 1:48:17 PM org.apache.karaf.main.Main launch
INFO: Installing and starting initial bundles
Jun 23, 2020 1:48:17 PM org.apache.karaf.main.Main launch
INFO: All initial bundles installed and set to start
Jun 23, 2020 1:48:18 PM org.apache.karaf.main.Main$KarafLockCallback lockAcquired
INFO: Lock acquired. Setting startlevel to 100
Jun 23, 2020 1:57:25 PM org.apache.karaf.main.Main launch
INFO: Installing and starting initial bundles
Jun 23, 2020 1:57:26 PM org.apache.karaf.main.Main launch
INFO: All initial bundles installed and set to start
Jun 23, 2020 1:57:26 PM org.apache.karaf.main.Main$KarafLockCallback lockAcquired
INFO: Lock acquired. Setting startlevel to 100
Jun 23, 2020 2:05:07 PM org.apache.karaf.main.Main launch
INFO: Installing and starting initial bundles
Jun 23, 2020 2:05:07 PM org.apache.karaf.main.Main launch
INFO: All initial bundles installed and set to start
Jun 23, 2020 2:05:08 PM org.apache.karaf.main.Main$KarafLockCallback lockAcquired
INFO: Lock acquired. Setting startlevel to 100
Jun 23, 2020 2:09:47 PM org.apache.karaf.main.Main launch
INFO: Installing and starting initial bundles
Jun 23, 2020 2:09:47 PM org.apache.karaf.main.Main launch
INFO: All initial bundles installed and set to start
Jun 23, 2020 2:09:48 PM org.apache.karaf.main.Main$KarafLockCallback lockAcquired
INFO: Lock acquired. Setting startlevel to 100
Jun 23, 2020 2:13:46 PM org.apache.karaf.main.Main launch
INFO: Installing and starting initial bundles
Jun 23, 2020 2:13:47 PM org.apache.karaf.main.Main launch
INFO: All initial bundles installed and set to start
Jun 23, 2020 2:13:47 PM org.apache.karaf.main.Main$KarafLockCallback lockAcquired
INFO: Lock acquired. Setting startlevel to 100
Jun 24, 2020 7:27:56 AM org.apache.karaf.main.Main launch
INFO: Installing and starting initial bundles
Jun 24, 2020 7:27:56 AM org.apache.karaf.main.Main launch
INFO: All initial bundles installed and set to start
Jun 24, 2020 7:27:56 AM org.apache.karaf.main.Main$KarafLockCallback lockAcquired
INFO: Lock acquired. Setting startlevel to 100
Jun 24, 2020 7:49:11 AM org.apache.karaf.main.Main launch
INFO: Installing and starting initial bundles
Jun 24, 2020 7:49:11 AM org.apache.karaf.main.Main launch
INFO: All initial bundles installed and set to start
Jun 24, 2020 7:49:12 AM org.apache.karaf.main.Main$KarafLockCallback lockAcquired
INFO: Lock acquired. Setting startlevel to 100
Jun 24, 2020 7:54:28 AM org.apache.karaf.main.Main launch
INFO: Installing and starting initial bundles
Jun 24, 2020 7:54:28 AM org.apache.karaf.main.Main launch
INFO: All initial bundles installed and set to start
Jun 24, 2020 7:54:29 AM org.apache.karaf.main.Main$KarafLockCallback lockAcquired
INFO: Lock acquired. Setting startlevel to 100
Jun 24, 2020 9:45:48 AM org.apache.karaf.main.Main launch
INFO: Installing and starting initial bundles
Jun 24, 2020 9:45:49 AM org.apache.karaf.main.Main launch
INFO: All initial bundles installed and set to start
Jun 24, 2020 9:45:49 AM org.apache.karaf.main.Main$KarafLockCallback lockAcquired
INFO: Lock acquired. Setting startlevel to 100
Jun 25, 2020 7:50:44 AM org.apache.karaf.main.Main launch
INFO: Installing and starting initial bundles
Jun 25, 2020 7:50:45 AM org.apache.karaf.main.Main launch
INFO: All initial bundles installed and set to start
Jun 25, 2020 7:50:45 AM org.apache.karaf.main.Main$KarafLockCallback lockAcquired
INFO: Lock acquired. Setting startlevel to 100
Jun 25, 2020 10:06:26 AM org.apache.karaf.main.Main launch
INFO: Installing and starting initial bundles
Jun 25, 2020 10:06:26 AM org.apache.karaf.main.Main launch
INFO: All initial bundles installed and set to start
Jun 25, 2020 10:06:27 AM org.apache.karaf.main.Main$KarafLockCallback lockAcquired
INFO: Lock acquired. Setting startlevel to 100
Jun 25, 2020 11:13:56 AM org.apache.karaf.main.Main launch
INFO: Installing and starting initial bundles
Jun 25, 2020 11:13:56 AM org.apache.karaf.main.Main launch
INFO: All initial bundles installed and set to start
Jun 25, 2020 11:13:57 AM org.apache.karaf.main.Main$KarafLockCallback lockAcquired
INFO: Lock acquired. Setting startlevel to 100
Jun 25, 2020 11:22:01 AM org.apache.karaf.main.Main launch
INFO: Installing and starting initial bundles
Jun 25, 2020 11:22:01 AM org.apache.karaf.main.Main launch
INFO: All initial bundles installed and set to start
Jun 25, 2020 11:22:01 AM org.apache.karaf.main.Main$KarafLockCallback lockAcquired
INFO: Lock acquired. Setting startlevel to 100
Jun 25, 2020 11:31:35 AM org.apache.karaf.main.Main launch
INFO: Installing and starting initial bundles
Jun 25, 2020 11:31:35 AM org.apache.karaf.main.Main launch
INFO: All initial bundles installed and set to start
Jun 25, 2020 11:31:36 AM org.apache.karaf.main.Main$KarafLockCallback lockAcquired
INFO: Lock acquired. Setting startlevel to 100
Jun 25, 2020 11:37:08 AM org.apache.karaf.main.Main launch
INFO: Installing and starting initial bundles
Jun 25, 2020 11:37:09 AM org.apache.karaf.main.Main launch
INFO: All initial bundles installed and set to start
Jun 25, 2020 11:37:09 AM org.apache.karaf.main.Main$KarafLockCallback lockAcquired
INFO: Lock acquired. Setting startlevel to 100
Jun 25, 2020 11:56:37 AM org.apache.karaf.main.Main launch
INFO: Installing and starting initial bundles
Jun 25, 2020 11:56:37 AM org.apache.karaf.main.Main launch
INFO: All initial bundles installed and set to start
Jun 25, 2020 11:56:38 AM org.apache.karaf.main.Main$KarafLockCallback lockAcquired
INFO: Lock acquired. Setting startlevel to 100
Jun 25, 2020 11:58:14 AM org.apache.karaf.main.Main launch
INFO: Installing and starting initial bundles
Jun 25, 2020 11:58:14 AM org.apache.karaf.main.Main launch
INFO: All initial bundles installed and set to start
Jun 25, 2020 11:58:15 AM org.apache.karaf.main.Main$KarafLockCallback lockAcquired
INFO: Lock acquired. Setting startlevel to 100
Jun 25, 2020 12:06:27 PM org.apache.karaf.main.Main launch
INFO: Installing and starting initial bundles
Jun 25, 2020 12:06:27 PM org.apache.karaf.main.Main launch
INFO: All initial bundles installed and set to start
Jun 25, 2020 12:06:28 PM org.apache.karaf.main.Main$KarafLockCallback lockAcquired
INFO: Lock acquired. Setting startlevel to 100
Jun 25, 2020 12:12:04 PM org.apache.karaf.main.Main launch
INFO: Installing and starting initial bundles
Jun 25, 2020 12:12:05 PM org.apache.karaf.main.Main launch
INFO: All initial bundles installed and set to start
Jun 25, 2020 12:12:05 PM org.apache.karaf.main.Main$KarafLockCallback lockAcquired
INFO: Lock acquired. Setting startlevel to 100
Jun 25, 2020 12:36:48 PM org.apache.karaf.main.Main launch
INFO: Installing and starting initial bundles
Jun 25, 2020 12:36:49 PM org.apache.karaf.main.Main launch
INFO: All initial bundles installed and set to start
Jun 25, 2020 12:36:49 PM org.apache.karaf.main.Main$KarafLockCallback lockAcquired
INFO: Lock acquired. Setting startlevel to 100
Jun 25, 2020 12:38:30 PM org.apache.karaf.main.Main launch
INFO: Installing and starting initial bundles
Jun 25, 2020 12:38:30 PM org.apache.karaf.main.Main launch
INFO: All initial bundles installed and set to start
Jun 25, 2020 12:38:31 PM org.apache.karaf.main.Main$KarafLockCallback lockAcquired
INFO: Lock acquired. Setting startlevel to 100
Jun 25, 2020 12:48:05 PM org.apache.karaf.main.Main launch
INFO: Installing and starting initial bundles
Jun 25, 2020 12:48:05 PM org.apache.karaf.main.Main launch
INFO: All initial bundles installed and set to start
Jun 25, 2020 12:48:06 PM org.apache.karaf.main.Main$KarafLockCallback lockAcquired
INFO: Lock acquired. Setting startlevel to 100
Jun 25, 2020 12:57:47 PM org.apache.karaf.main.Main launch
INFO: Installing and starting initial bundles
Jun 25, 2020 12:57:47 PM org.apache.karaf.main.Main launch
INFO: All initial bundles installed and set to start
Jun 25, 2020 12:57:48 PM org.apache.karaf.main.Main$KarafLockCallback lockAcquired
INFO: Lock acquired. Setting startlevel to 100
Jun 25, 2020 1:00:56 PM org.apache.karaf.main.Main launch
INFO: Installing and starting initial bundles
Jun 25, 2020 1:00:57 PM org.apache.karaf.main.Main launch
INFO: All initial bundles installed and set to start
Jun 25, 2020 1:00:57 PM org.apache.karaf.main.Main$KarafLockCallback lockAcquired
INFO: Lock acquired. Setting startlevel to 100
Jun 25, 2020 1:04:56 PM org.apache.karaf.main.Main launch
INFO: Installing and starting initial bundles
Jun 25, 2020 1:04:57 PM org.apache.karaf.main.Main launch
INFO: All initial bundles installed and set to start
Jun 25, 2020 1:04:57 PM org.apache.karaf.main.Main$KarafLockCallback lockAcquired
INFO: Lock acquired. Setting startlevel to 100
Jun 25, 2020 1:08:33 PM org.apache.karaf.main.Main launch
INFO: Installing and starting initial bundles
Jun 25, 2020 1:08:34 PM org.apache.karaf.main.Main launch
INFO: All initial bundles installed and set to start
Jun 25, 2020 1:08:34 PM org.apache.karaf.main.Main$KarafLockCallback lockAcquired
INFO: Lock acquired. Setting startlevel to 100
Jun 25, 2020 1:15:09 PM org.apache.karaf.main.Main launch
INFO: Installing and starting initial bundles
Jun 25, 2020 1:15:09 PM org.apache.karaf.main.Main launch
INFO: All initial bundles installed and set to start
Jun 25, 2020 1:15:10 PM org.apache.karaf.main.Main$KarafLockCallback lockAcquired
INFO: Lock acquired. Setting startlevel to 100
Jun 25, 2020 1:17:16 PM org.apache.karaf.main.Main launch
INFO: Installing and starting initial bundles
Jun 25, 2020 1:17:17 PM org.apache.karaf.main.Main launch
INFO: All initial bundles installed and set to start
Jun 25, 2020 1:17:17 PM org.apache.karaf.main.Main$KarafLockCallback lockAcquired
INFO: Lock acquired. Setting startlevel to 100
Jun 25, 2020 1:18:38 PM org.apache.karaf.main.Main launch
INFO: Installing and starting initial bundles
Jun 25, 2020 1:18:39 PM org.apache.karaf.main.Main launch
INFO: All initial bundles installed and set to start
Jun 25, 2020 1:18:39 PM org.apache.karaf.main.Main$KarafLockCallback lockAcquired
INFO: Lock acquired. Setting startlevel to 100
Jun 25, 2020 1:21:09 PM org.apache.karaf.main.Main launch
INFO: Installing and starting initial bundles
Jun 25, 2020 1:21:09 PM org.apache.karaf.main.Main launch
INFO: All initial bundles installed and set to start
Jun 25, 2020 1:21:10 PM org.apache.karaf.main.Main$KarafLockCallback lockAcquired
INFO: Lock acquired. Setting startlevel to 100
Jun 25, 2020 1:30:05 PM org.apache.karaf.main.Main launch
INFO: Installing and starting initial bundles
Jun 25, 2020 1:30:05 PM org.apache.karaf.main.Main launch
INFO: All initial bundles installed and set to start
Jun 25, 2020 1:30:06 PM org.apache.karaf.main.Main$KarafLockCallback lockAcquired
INFO: Lock acquired. Setting startlevel to 100
Jun 25, 2020 1:57:07 PM org.apache.karaf.main.Main launch
INFO: Installing and starting initial bundles
Jun 25, 2020 1:57:08 PM org.apache.karaf.main.Main launch
INFO: All initial bundles installed and set to start
Jun 25, 2020 1:57:08 PM org.apache.karaf.main.Main$KarafLockCallback lockAcquired
INFO: Lock acquired. Setting startlevel to 100
Jun 25, 2020 2:00:34 PM org.apache.karaf.main.Main launch
INFO: Installing and starting initial bundles
Jun 25, 2020 2:00:35 PM org.apache.karaf.main.Main launch
INFO: All initial bundles installed and set to start
Jun 25, 2020 2:00:35 PM org.apache.karaf.main.Main$KarafLockCallback lockAcquired
INFO: Lock acquired. Setting startlevel to 100
Jun 25, 2020 2:01:52 PM org.apache.karaf.main.Main launch
INFO: Installing and starting initial bundles
Jun 25, 2020 2:01:53 PM org.apache.karaf.main.Main launch
INFO: All initial bundles installed and set to start
Jun 25, 2020 2:01:53 PM org.apache.karaf.main.Main$KarafLockCallback lockAcquired
INFO: Lock acquired. Setting startlevel to 100
Jun 26, 2020 6:14:16 AM org.apache.karaf.main.Main launch
INFO: Installing and starting initial bundles
Jun 26, 2020 6:14:16 AM org.apache.karaf.main.Main launch
INFO: All initial bundles installed and set to start
Jun 26, 2020 6:14:17 AM org.apache.karaf.main.Main$KarafLockCallback lockAcquired
INFO: Lock acquired. Setting startlevel to 100
Jun 26, 2020 6:33:34 AM org.apache.karaf.main.Main launch
INFO: Installing and starting initial bundles
Jun 26, 2020 6:33:35 AM org.apache.karaf.main.Main launch
INFO: All initial bundles installed and set to start
Jun 26, 2020 6:33:35 AM org.apache.karaf.main.Main$KarafLockCallback lockAcquired
INFO: Lock acquired. Setting startlevel to 100
Jun 26, 2020 6:35:54 AM org.apache.karaf.main.Main launch
INFO: Installing and starting initial bundles
Jun 26, 2020 6:35:55 AM org.apache.karaf.main.Main launch
INFO: All initial bundles installed and set to start
Jun 26, 2020 6:35:55 AM org.apache.karaf.main.Main$KarafLockCallback lockAcquired
INFO: Lock acquired. Setting startlevel to 100
Jun 26, 2020 6:44:47 AM org.apache.karaf.main.Main launch
INFO: Installing and starting initial bundles
Jun 26, 2020 6:44:47 AM org.apache.karaf.main.Main launch
INFO: All initial bundles installed and set to start
Jun 26, 2020 6:44:48 AM org.apache.karaf.main.Main$KarafLockCallback lockAcquired
INFO: Lock acquired. Setting startlevel to 100
Jun 26, 2020 6:48:17 AM org.apache.karaf.main.Main launch
INFO: Installing and starting initial bundles
Jun 26, 2020 6:48:17 AM org.apache.karaf.main.Main launch
INFO: All initial bundles installed and set to start
Jun 26, 2020 6:48:18 AM org.apache.karaf.main.Main$KarafLockCallback lockAcquired
INFO: Lock acquired. Setting startlevel to 100
Jun 26, 2020 6:50:53 AM org.apache.karaf.main.Main launch
INFO: Installing and starting initial bundles
Jun 26, 2020 6:50:54 AM org.apache.karaf.main.Main launch
INFO: All initial bundles installed and set to start
Jun 26, 2020 6:50:54 AM org.apache.karaf.main.Main$KarafLockCallback lockAcquired
INFO: Lock acquired. Setting startlevel to 100
Jun 26, 2020 6:55:36 AM org.apache.karaf.main.Main launch
INFO: Installing and starting initial bundles
Jun 26, 2020 6:55:36 AM org.apache.karaf.main.Main launch
INFO: All initial bundles installed and set to start
Jun 26, 2020 6:55:37 AM org.apache.karaf.main.Main$KarafLockCallback lockAcquired
INFO: Lock acquired. Setting startlevel to 100
Jun 26, 2020 7:02:48 AM org.apache.karaf.main.Main launch
INFO: Installing and starting initial bundles
Jun 26, 2020 7:02:48 AM org.apache.karaf.main.Main launch
INFO: All initial bundles installed and set to start
Jun 26, 2020 7:02:48 AM org.apache.karaf.main.Main$KarafLockCallback lockAcquired
INFO: Lock acquired. Setting startlevel to 100
Jun 26, 2020 7:04:09 AM org.apache.karaf.main.Main launch
INFO: Installing and starting initial bundles
Jun 26, 2020 7:04:11 AM org.apache.karaf.main.Main launch
INFO: All initial bundles installed and set to start
Jun 26, 2020 7:04:12 AM org.apache.karaf.main.Main$KarafLockCallback lockAcquired
INFO: Lock acquired. Setting startlevel to 100
Jun 26, 2020 7:05:03 AM org.apache.karaf.main.Main launch
INFO: Installing and starting initial bundles
Jun 26, 2020 7:05:03 AM org.apache.karaf.main.Main launch
INFO: All initial bundles installed and set to start
Jun 26, 2020 7:05:03 AM org.apache.karaf.main.Main$KarafLockCallback lockAcquired
INFO: Lock acquired. Setting startlevel to 100
Jun 26, 2020 7:05:55 AM org.apache.karaf.main.Main launch
INFO: Installing and starting initial bundles
Jun 26, 2020 7:05:56 AM org.apache.karaf.main.Main launch
INFO: All initial bundles installed and set to start
Jun 26, 2020 7:05:56 AM org.apache.karaf.main.Main$KarafLockCallback lockAcquired
INFO: Lock acquired. Setting startlevel to 100
Jun 26, 2020 7:07:28 AM org.apache.karaf.main.Main launch
INFO: Installing and starting initial bundles
Jun 26, 2020 7:07:28 AM org.apache.karaf.main.Main launch
INFO: All initial bundles installed and set to start
Jun 26, 2020 7:07:28 AM org.apache.karaf.main.Main$KarafLockCallback lockAcquired
INFO: Lock acquired. Setting startlevel to 100
Jun 26, 2020 7:09:32 AM org.apache.karaf.main.Main launch
INFO: Installing and starting initial bundles
Jun 26, 2020 7:09:33 AM org.apache.karaf.main.Main launch
INFO: All initial bundles installed and set to start
Jun 26, 2020 7:09:33 AM org.apache.karaf.main.Main$KarafLockCallback lockAcquired
INFO: Lock acquired. Setting startlevel to 100
Jun 26, 2020 7:11:26 AM org.apache.karaf.main.Main launch
INFO: Installing and starting initial bundles
Jun 26, 2020 7:11:26 AM org.apache.karaf.main.Main launch
INFO: All initial bundles installed and set to start
Jun 26, 2020 7:11:26 AM org.apache.karaf.main.Main$KarafLockCallback lockAcquired
INFO: Lock acquired. Setting startlevel to 100
Jun 26, 2020 7:15:34 AM org.apache.karaf.main.Main launch
INFO: Installing and starting initial bundles
Jun 26, 2020 7:15:35 AM org.apache.karaf.main.Main launch
INFO: All initial bundles installed and set to start
Jun 26, 2020 7:15:35 AM org.apache.karaf.main.Main$KarafLockCallback lockAcquired
INFO: Lock acquired. Setting startlevel to 100
Jun 26, 2020 7:17:51 AM org.apache.karaf.main.Main launch
INFO: Installing and starting initial bundles
Jun 26, 2020 7:17:51 AM org.apache.karaf.main.Main launch
INFO: All initial bundles installed and set to start
Jun 26, 2020 7:17:51 AM org.apache.karaf.main.Main$KarafLockCallback lockAcquired
INFO: Lock acquired. Setting startlevel to 100
Jun 26, 2020 7:19:49 AM org.apache.karaf.main.Main launch
INFO: Installing and starting initial bundles
Jun 26, 2020 7:19:50 AM org.apache.karaf.main.Main launch
INFO: All initial bundles installed and set to start
Jun 26, 2020 7:19:50 AM org.apache.karaf.main.Main$KarafLockCallback lockAcquired
INFO: Lock acquired. Setting startlevel to 100
Jun 26, 2020 7:21:25 AM org.apache.karaf.main.Main launch
INFO: Installing and starting initial bundles
Jun 26, 2020 7:21:25 AM org.apache.karaf.main.Main launch
INFO: All initial bundles installed and set to start
Jun 26, 2020 7:21:25 AM org.apache.karaf.main.Main$KarafLockCallback lockAcquired
INFO: Lock acquired. Setting startlevel to 100
Jun 26, 2020 7:22:24 AM org.apache.karaf.main.Main launch
INFO: Installing and starting initial bundles
Jun 26, 2020 7:22:24 AM org.apache.karaf.main.Main launch
INFO: All initial bundles installed and set to start
Jun 26, 2020 7:22:25 AM org.apache.karaf.main.Main$KarafLockCallback lockAcquired
INFO: Lock acquired. Setting startlevel to 100
Jun 26, 2020 7:24:35 AM org.apache.karaf.main.Main launch
INFO: Installing and starting initial bundles
Jun 26, 2020 7:24:36 AM org.apache.karaf.main.Main launch
INFO: All initial bundles installed and set to start
Jun 26, 2020 7:24:36 AM org.apache.karaf.main.Main$KarafLockCallback lockAcquired
INFO: Lock acquired. Setting startlevel to 100
Jun 26, 2020 7:25:22 AM org.apache.karaf.main.Main launch
INFO: Installing and starting initial bundles
Jun 26, 2020 7:25:22 AM org.apache.karaf.main.Main launch
INFO: All initial bundles installed and set to start
Jun 26, 2020 7:25:22 AM org.apache.karaf.main.Main$KarafLockCallback lockAcquired
INFO: Lock acquired. Setting startlevel to 100
Jun 26, 2020 7:26:39 AM org.apache.karaf.main.Main launch
INFO: Installing and starting initial bundles
Jun 26, 2020 7:26:39 AM org.apache.karaf.main.Main launch
INFO: All initial bundles installed and set to start
Jun 26, 2020 7:26:39 AM org.apache.karaf.main.Main$KarafLockCallback lockAcquired
INFO: Lock acquired. Setting startlevel to 100
Jun 26, 2020 7:28:39 AM org.apache.karaf.main.Main launch
INFO: Installing and starting initial bundles
Jun 26, 2020 7:28:40 AM org.apache.karaf.main.Main launch
INFO: All initial bundles installed and set to start
Jun 26, 2020 7:28:40 AM org.apache.karaf.main.Main$KarafLockCallback lockAcquired
INFO: Lock acquired. Setting startlevel to 100
Jun 26, 2020 7:46:42 AM org.apache.karaf.main.Main launch
INFO: Installing and starting initial bundles
Jun 26, 2020 7:46:43 AM org.apache.karaf.main.Main launch
INFO: All initial bundles installed and set to start
Jun 26, 2020 7:46:43 AM org.apache.karaf.main.Main$KarafLockCallback lockAcquired
INFO: Lock acquired. Setting startlevel to 100
Jun 26, 2020 7:58:47 AM org.apache.karaf.main.Main launch
INFO: Installing and starting initial bundles
Jun 26, 2020 7:58:47 AM org.apache.karaf.main.Main launch
INFO: All initial bundles installed and set to start
Jun 26, 2020 7:58:47 AM org.apache.karaf.main.Main$KarafLockCallback lockAcquired
INFO: Lock acquired. Setting startlevel to 100
Jun 26, 2020 8:02:26 AM org.apache.karaf.main.Main launch
INFO: Installing and starting initial bundles
Jun 26, 2020 8:02:27 AM org.apache.karaf.main.Main launch
INFO: All initial bundles installed and set to start
Jun 26, 2020 8:02:27 AM org.apache.karaf.main.Main$KarafLockCallback lockAcquired
INFO: Lock acquired. Setting startlevel to 100
Jun 26, 2020 8:11:29 AM org.apache.karaf.main.Main launch
INFO: Installing and starting initial bundles
Jun 26, 2020 8:11:30 AM org.apache.karaf.main.Main launch
INFO: All initial bundles installed and set to start
Jun 26, 2020 8:11:30 AM org.apache.karaf.main.Main$KarafLockCallback lockAcquired
INFO: Lock acquired. Setting startlevel to 100
Jun 26, 2020 8:14:44 AM org.apache.karaf.main.Main launch
INFO: Installing and starting initial bundles
Jun 26, 2020 8:14:44 AM org.apache.karaf.main.Main launch
INFO: All initial bundles installed and set to start
Jun 26, 2020 8:14:45 AM org.apache.karaf.main.Main$KarafLockCallback lockAcquired
INFO: Lock acquired. Setting startlevel to 100
Jun 26, 2020 8:15:38 AM org.apache.karaf.main.Main launch
INFO: Installing and starting initial bundles
Jun 26, 2020 8:15:38 AM org.apache.karaf.main.Main launch
INFO: All initial bundles installed and set to start
Jun 26, 2020 8:15:39 AM org.apache.karaf.main.Main$KarafLockCallback lockAcquired
INFO: Lock acquired. Setting startlevel to 100
Jun 26, 2020 8:18:33 AM org.apache.karaf.main.Main launch
INFO: Installing and starting initial bundles
Jun 26, 2020 8:18:34 AM org.apache.karaf.main.Main launch
INFO: All initial bundles installed and set to start
Jun 26, 2020 8:18:34 AM org.apache.karaf.main.Main$KarafLockCallback lockAcquired
INFO: Lock acquired. Setting startlevel to 100
Jun 26, 2020 8:20:35 AM org.apache.karaf.main.Main launch
INFO: Installing and starting initial bundles
Jun 26, 2020 8:20:35 AM org.apache.karaf.main.Main launch
INFO: All initial bundles installed and set to start
Jun 26, 2020 8:20:36 AM org.apache.karaf.main.Main$KarafLockCallback lockAcquired
INFO: Lock acquired. Setting startlevel to 100
Jun 26, 2020 8:22:28 AM org.apache.karaf.main.Main launch
INFO: Installing and starting initial bundles
Jun 26, 2020 8:22:28 AM org.apache.karaf.main.Main launch
INFO: All initial bundles installed and set to start
Jun 26, 2020 8:22:29 AM org.apache.karaf.main.Main$KarafLockCallback lockAcquired
INFO: Lock acquired. Setting startlevel to 100
Jun 26, 2020 8:26:58 AM org.apache.karaf.main.Main launch
INFO: Installing and starting initial bundles
Jun 26, 2020 8:26:59 AM org.apache.karaf.main.Main launch
INFO: All initial bundles installed and set to start
Jun 26, 2020 8:26:59 AM org.apache.karaf.main.Main$KarafLockCallback lockAcquired
INFO: Lock acquired. Setting startlevel to 100
Jun 26, 2020 1:50:51 PM org.apache.karaf.main.Main launch
INFO: Installing and starting initial bundles
Jun 26, 2020 1:50:52 PM org.apache.karaf.main.Main launch
INFO: All initial bundles installed and set to start
Jun 26, 2020 1:50:52 PM org.apache.karaf.main.Main$KarafLockCallback lockAcquired
INFO: Lock acquired. Setting startlevel to 100
Jun 26, 2020 1:58:49 PM org.apache.karaf.main.Main launch
INFO: Installing and starting initial bundles
Jun 26, 2020 1:58:49 PM org.apache.karaf.main.Main launch
INFO: All initial bundles installed and set to start
Jun 26, 2020 1:58:49 PM org.apache.karaf.main.Main$KarafLockCallback lockAcquired
INFO: Lock acquired. Setting startlevel to 100
Jun 29, 2020 8:26:18 AM org.apache.karaf.main.Main launch
INFO: Installing and starting initial bundles
Jun 29, 2020 8:26:19 AM org.apache.karaf.main.Main launch
INFO: All initial bundles installed and set to start
Jun 29, 2020 8:26:20 AM org.apache.karaf.main.Main$KarafLockCallback lockAcquired
INFO: Lock acquired. Setting startlevel to 100
Jun 29, 2020 9:29:30 AM org.apache.karaf.main.Main launch
INFO: Installing and starting initial bundles
Jun 29, 2020 9:29:30 AM org.apache.karaf.main.Main launch
INFO: All initial bundles installed and set to start
Jun 29, 2020 9:29:30 AM org.apache.karaf.main.Main$KarafLockCallback lockAcquired
INFO: Lock acquired. Setting startlevel to 100
Jun 29, 2020 9:52:51 AM org.apache.karaf.main.Main launch
INFO: Installing and starting initial bundles
Jun 29, 2020 9:52:51 AM org.apache.karaf.main.Main launch
INFO: All initial bundles installed and set to start
Jun 29, 2020 9:52:52 AM org.apache.karaf.main.Main$KarafLockCallback lockAcquired
INFO: Lock acquired. Setting startlevel to 100
Jun 29, 2020 11:17:45 AM org.apache.karaf.main.Main launch
INFO: Installing and starting initial bundles
Jun 29, 2020 11:17:45 AM org.apache.karaf.main.Main launch
INFO: All initial bundles installed and set to start
Jun 29, 2020 11:17:46 AM org.apache.karaf.main.Main$KarafLockCallback lockAcquired
INFO: Lock acquired. Setting startlevel to 100
Jun 29, 2020 11:20:03 AM org.apache.karaf.main.Main launch
INFO: Installing and starting initial bundles
Jun 29, 2020 11:20:03 AM org.apache.karaf.main.Main launch
INFO: All initial bundles installed and set to start
Jun 29, 2020 11:20:03 AM org.apache.karaf.main.Main$KarafLockCallback lockAcquired
INFO: Lock acquired. Setting startlevel to 100
Jun 29, 2020 11:20:50 AM org.apache.karaf.main.Main launch
INFO: Installing and starting initial bundles
Jun 29, 2020 11:20:51 AM org.apache.karaf.main.Main launch
INFO: All initial bundles installed and set to start
Jun 29, 2020 11:20:51 AM org.apache.karaf.main.Main$KarafLockCallback lockAcquired
INFO: Lock acquired. Setting startlevel to 100
Jun 29, 2020 11:25:33 AM org.apache.karaf.main.Main launch
INFO: Installing and starting initial bundles
Jun 29, 2020 11:25:33 AM org.apache.karaf.main.Main launch
INFO: All initial bundles installed and set to start
Jun 29, 2020 11:25:34 AM org.apache.karaf.main.Main$KarafLockCallback lockAcquired
INFO: Lock acquired. Setting startlevel to 100
Jun 29, 2020 11:26:56 AM org.apache.karaf.main.Main launch
INFO: Installing and starting initial bundles
Jun 29, 2020 11:26:57 AM org.apache.karaf.main.Main launch
INFO: All initial bundles installed and set to start
Jun 29, 2020 11:26:57 AM org.apache.karaf.main.Main$KarafLockCallback lockAcquired
INFO: Lock acquired. Setting startlevel to 100
Jun 29, 2020 11:31:16 AM org.apache.karaf.main.Main launch
INFO: Installing and starting initial bundles
Jun 29, 2020 11:31:17 AM org.apache.karaf.main.Main launch
INFO: All initial bundles installed and set to start
Jun 29, 2020 11:31:17 AM org.apache.karaf.main.Main$KarafLockCallback lockAcquired
INFO: Lock acquired. Setting startlevel to 100
Jun 29, 2020 11:36:46 AM org.apache.karaf.main.Main launch
INFO: Installing and starting initial bundles
Jun 29, 2020 11:36:47 AM org.apache.karaf.main.Main launch
INFO: All initial bundles installed and set to start
Jun 29, 2020 11:36:47 AM org.apache.karaf.main.Main$KarafLockCallback lockAcquired
INFO: Lock acquired. Setting startlevel to 100
Jun 29, 2020 11:42:37 AM org.apache.karaf.main.Main launch
INFO: Installing and starting initial bundles
Jun 29, 2020 11:42:38 AM org.apache.karaf.main.Main launch
INFO: All initial bundles installed and set to start
Jun 29, 2020 11:42:38 AM org.apache.karaf.main.Main$KarafLockCallback lockAcquired
INFO: Lock acquired. Setting startlevel to 100
Jun 29, 2020 11:54:22 AM org.apache.karaf.main.Main launch
INFO: Installing and starting initial bundles
Jun 29, 2020 11:54:22 AM org.apache.karaf.main.Main launch
INFO: All initial bundles installed and set to start
Jun 29, 2020 11:54:23 AM org.apache.karaf.main.Main$KarafLockCallback lockAcquired
INFO: Lock acquired. Setting startlevel to 100
Jun 29, 2020 12:01:54 PM org.apache.karaf.main.Main launch
INFO: Installing and starting initial bundles
Jun 29, 2020 12:01:55 PM org.apache.karaf.main.Main launch
INFO: All initial bundles installed and set to start
Jun 29, 2020 12:01:55 PM org.apache.karaf.main.Main$KarafLockCallback lockAcquired
INFO: Lock acquired. Setting startlevel to 100
Jun 29, 2020 12:13:34 PM org.apache.karaf.main.Main launch
INFO: Installing and starting initial bundles
Jun 29, 2020 12:13:35 PM org.apache.karaf.main.Main launch
INFO: All initial bundles installed and set to start
Jun 29, 2020 12:13:35 PM org.apache.karaf.main.Main$KarafLockCallback lockAcquired
INFO: Lock acquired. Setting startlevel to 100
Jun 29, 2020 12:26:18 PM org.apache.karaf.main.Main launch
INFO: Installing and starting initial bundles
Jun 29, 2020 12:26:19 PM org.apache.karaf.main.Main launch
INFO: All initial bundles installed and set to start
Jun 29, 2020 12:26:19 PM org.apache.karaf.main.Main$KarafLockCallback lockAcquired
INFO: Lock acquired. Setting startlevel to 100
Jun 29, 2020 12:26:54 PM org.apache.karaf.main.Main launch
INFO: Installing and starting initial bundles
Jun 29, 2020 12:26:55 PM org.apache.karaf.main.Main launch
INFO: All initial bundles installed and set to start
Jun 29, 2020 12:26:55 PM org.apache.karaf.main.Main$KarafLockCallback lockAcquired
INFO: Lock acquired. Setting startlevel to 100
Jun 29, 2020 12:32:14 PM org.apache.karaf.main.Main launch
INFO: Installing and starting initial bundles
Jun 29, 2020 12:32:15 PM org.apache.karaf.main.Main launch
INFO: All initial bundles installed and set to start
Jun 29, 2020 12:32:15 PM org.apache.karaf.main.Main$KarafLockCallback lockAcquired
INFO: Lock acquired. Setting startlevel to 100
Jun 29, 2020 12:38:09 PM org.apache.karaf.main.Main launch
INFO: Installing and starting initial bundles
Jun 29, 2020 12:38:09 PM org.apache.karaf.main.Main launch
INFO: All initial bundles installed and set to start
Jun 29, 2020 12:38:10 PM org.apache.karaf.main.Main$KarafLockCallback lockAcquired
INFO: Lock acquired. Setting startlevel to 100
Jun 29, 2020 12:41:43 PM org.apache.karaf.main.Main launch
INFO: Installing and starting initial bundles
Jun 29, 2020 12:41:44 PM org.apache.karaf.main.Main launch
INFO: All initial bundles installed and set to start
Jun 29, 2020 12:41:44 PM org.apache.karaf.main.Main$KarafLockCallback lockAcquired
INFO: Lock acquired. Setting startlevel to 100
Jun 29, 2020 1:17:30 PM org.apache.karaf.main.Main launch
INFO: Installing and starting initial bundles
Jun 29, 2020 1:17:31 PM org.apache.karaf.main.Main launch
INFO: All initial bundles installed and set to start
Jun 29, 2020 1:17:31 PM org.apache.karaf.main.Main$KarafLockCallback lockAcquired
INFO: Lock acquired. Setting startlevel to 100
Jun 29, 2020 1:23:09 PM org.apache.karaf.main.Main launch
INFO: Installing and starting initial bundles
Jun 29, 2020 1:23:09 PM org.apache.karaf.main.Main launch
INFO: All initial bundles installed and set to start
Jun 29, 2020 1:23:10 PM org.apache.karaf.main.Main$KarafLockCallback lockAcquired
INFO: Lock acquired. Setting startlevel to 100
Jun 29, 2020 1:31:44 PM org.apache.karaf.main.Main launch
INFO: Installing and starting initial bundles
Jun 29, 2020 1:31:45 PM org.apache.karaf.main.Main launch
INFO: All initial bundles installed and set to start
Jun 29, 2020 1:31:45 PM org.apache.karaf.main.Main$KarafLockCallback lockAcquired
INFO: Lock acquired. Setting startlevel to 100
Jun 29, 2020 1:35:33 PM org.apache.karaf.main.Main launch
INFO: Installing and starting initial bundles
Jun 29, 2020 1:35:34 PM org.apache.karaf.main.Main launch
INFO: All initial bundles installed and set to start
Jun 29, 2020 1:35:34 PM org.apache.karaf.main.Main$KarafLockCallback lockAcquired
INFO: Lock acquired. Setting startlevel to 100
Jun 29, 2020 1:39:24 PM org.apache.karaf.main.Main launch
INFO: Installing and starting initial bundles
Jun 29, 2020 1:39:24 PM org.apache.karaf.main.Main launch
INFO: All initial bundles installed and set to start
Jun 29, 2020 1:39:24 PM org.apache.karaf.main.Main$KarafLockCallback lockAcquired
INFO: Lock acquired. Setting startlevel to 100
Jun 29, 2020 1:44:11 PM org.apache.karaf.main.Main launch
INFO: Installing and starting initial bundles
Jun 29, 2020 1:44:11 PM org.apache.karaf.main.Main launch
INFO: All initial bundles installed and set to start
Jun 29, 2020 1:44:11 PM org.apache.karaf.main.Main$KarafLockCallback lockAcquired
INFO: Lock acquired. Setting startlevel to 100
Jun 29, 2020 1:47:37 PM org.apache.karaf.main.Main launch
INFO: Installing and starting initial bundles
Jun 29, 2020 1:47:37 PM org.apache.karaf.main.Main launch
INFO: All initial bundles installed and set to start
Jun 29, 2020 1:47:38 PM org.apache.karaf.main.Main$KarafLockCallback lockAcquired
INFO: Lock acquired. Setting startlevel to 100
Jun 29, 2020 1:49:25 PM org.apache.karaf.main.Main launch
INFO: Installing and starting initial bundles
Jun 29, 2020 1:49:26 PM org.apache.karaf.main.Main launch
INFO: All initial bundles installed and set to start
Jun 29, 2020 1:49:26 PM org.apache.karaf.main.Main$KarafLockCallback lockAcquired
INFO: Lock acquired. Setting startlevel to 100
Jun 29, 2020 1:56:19 PM org.apache.karaf.main.Main launch
INFO: Installing and starting initial bundles
Jun 29, 2020 1:56:20 PM org.apache.karaf.main.Main launch
INFO: All initial bundles installed and set to start
Jun 29, 2020 1:56:20 PM org.apache.karaf.main.Main$KarafLockCallback lockAcquired
INFO: Lock acquired. Setting startlevel to 100
Jun 29, 2020 2:02:01 PM org.apache.karaf.main.Main launch
INFO: Installing and starting initial bundles
Jun 29, 2020 2:02:02 PM org.apache.karaf.main.Main launch
INFO: All initial bundles installed and set to start
Jun 29, 2020 2:02:02 PM org.apache.karaf.main.Main$KarafLockCallback lockAcquired
INFO: Lock acquired. Setting startlevel to 100
Jun 29, 2020 2:03:22 PM org.apache.karaf.main.Main launch
INFO: Installing and starting initial bundles
Jun 29, 2020 2:03:23 PM org.apache.karaf.main.Main launch
INFO: All initial bundles installed and set to start
Jun 29, 2020 2:03:23 PM org.apache.karaf.main.Main$KarafLockCallback lockAcquired
INFO: Lock acquired. Setting startlevel to 100
Jun 29, 2020 2:06:15 PM org.apache.karaf.main.Main launch
INFO: Installing and starting initial bundles
Jun 29, 2020 2:06:16 PM org.apache.karaf.main.Main launch
INFO: All initial bundles installed and set to start
Jun 29, 2020 2:06:16 PM org.apache.karaf.main.Main$KarafLockCallback lockAcquired
INFO: Lock acquired. Setting startlevel to 100
Jun 29, 2020 2:10:42 PM org.apache.karaf.main.Main launch
INFO: Installing and starting initial bundles
Jun 29, 2020 2:10:43 PM org.apache.karaf.main.Main launch
INFO: All initial bundles installed and set to start
Jun 29, 2020 2:10:43 PM org.apache.karaf.main.Main$KarafLockCallback lockAcquired
INFO: Lock acquired. Setting startlevel to 100
Jun 29, 2020 2:11:38 PM org.apache.karaf.main.Main launch
INFO: Installing and starting initial bundles
Jun 29, 2020 2:11:39 PM org.apache.karaf.main.Main launch
INFO: All initial bundles installed and set to start
Jun 29, 2020 2:11:39 PM org.apache.karaf.main.Main$KarafLockCallback lockAcquired
INFO: Lock acquired. Setting startlevel to 100
Jun 30, 2020 6:24:02 AM org.apache.karaf.main.Main launch
INFO: Installing and starting initial bundles
Jun 30, 2020 6:24:02 AM org.apache.karaf.main.Main launch
INFO: All initial bundles installed and set to start
Jun 30, 2020 6:24:03 AM org.apache.karaf.main.Main$KarafLockCallback lockAcquired
INFO: Lock acquired. Setting startlevel to 100
Jun 30, 2020 6:29:23 AM org.apache.karaf.main.Main launch
INFO: Installing and starting initial bundles
Jun 30, 2020 6:29:24 AM org.apache.karaf.main.Main launch
INFO: All initial bundles installed and set to start
Jun 30, 2020 6:29:24 AM org.apache.karaf.main.Main$KarafLockCallback lockAcquired
INFO: Lock acquired. Setting startlevel to 100
Jun 30, 2020 6:33:57 AM org.apache.karaf.main.Main launch
INFO: Installing and starting initial bundles
Jun 30, 2020 6:33:57 AM org.apache.karaf.main.Main launch
INFO: All initial bundles installed and set to start
Jun 30, 2020 6:33:58 AM org.apache.karaf.main.Main$KarafLockCallback lockAcquired
INFO: Lock acquired. Setting startlevel to 100
Jun 30, 2020 6:37:51 AM org.apache.karaf.main.Main launch
INFO: Installing and starting initial bundles
Jun 30, 2020 6:37:51 AM org.apache.karaf.main.Main launch
INFO: All initial bundles installed and set to start
Jun 30, 2020 6:37:51 AM org.apache.karaf.main.Main$KarafLockCallback lockAcquired
INFO: Lock acquired. Setting startlevel to 100
Jun 30, 2020 6:43:59 AM org.apache.karaf.main.Main launch
INFO: Installing and starting initial bundles
Jun 30, 2020 6:44:00 AM org.apache.karaf.main.Main launch
INFO: All initial bundles installed and set to start
Jun 30, 2020 6:44:00 AM org.apache.karaf.main.Main$KarafLockCallback lockAcquired
INFO: Lock acquired. Setting startlevel to 100
Jun 30, 2020 6:45:17 AM org.apache.karaf.main.Main launch
INFO: Installing and starting initial bundles
Jun 30, 2020 6:45:18 AM org.apache.karaf.main.Main launch
INFO: All initial bundles installed and set to start
Jun 30, 2020 6:45:18 AM org.apache.karaf.main.Main$KarafLockCallback lockAcquired
INFO: Lock acquired. Setting startlevel to 100
Jun 30, 2020 6:46:03 AM org.apache.karaf.main.Main launch
INFO: Installing and starting initial bundles
Jun 30, 2020 6:46:04 AM org.apache.karaf.main.Main launch
INFO: All initial bundles installed and set to start
Jun 30, 2020 6:46:04 AM org.apache.karaf.main.Main$KarafLockCallback lockAcquired
INFO: Lock acquired. Setting startlevel to 100
Jun 30, 2020 6:49:48 AM org.apache.karaf.main.Main launch
INFO: Installing and starting initial bundles
Jun 30, 2020 6:49:49 AM org.apache.karaf.main.Main launch
INFO: All initial bundles installed and set to start
Jun 30, 2020 6:49:49 AM org.apache.karaf.main.Main$KarafLockCallback lockAcquired
INFO: Lock acquired. Setting startlevel to 100
Jun 30, 2020 6:59:14 AM org.apache.karaf.main.Main launch
INFO: Installing and starting initial bundles
Jun 30, 2020 6:59:14 AM org.apache.karaf.main.Main launch
INFO: All initial bundles installed and set to start
Jun 30, 2020 6:59:15 AM org.apache.karaf.main.Main$KarafLockCallback lockAcquired
INFO: Lock acquired. Setting startlevel to 100
Jun 30, 2020 7:07:41 AM org.apache.karaf.main.Main launch
INFO: Installing and starting initial bundles
Jun 30, 2020 7:07:41 AM org.apache.karaf.main.Main launch
INFO: All initial bundles installed and set to start
Jun 30, 2020 7:07:41 AM org.apache.karaf.main.Main$KarafLockCallback lockAcquired
INFO: Lock acquired. Setting startlevel to 100
Jun 30, 2020 7:24:04 AM org.apache.karaf.main.Main launch
INFO: Installing and starting initial bundles
Jun 30, 2020 7:24:04 AM org.apache.karaf.main.Main launch
INFO: All initial bundles installed and set to start
Jun 30, 2020 7:24:05 AM org.apache.karaf.main.Main$KarafLockCallback lockAcquired
INFO: Lock acquired. Setting startlevel to 100
Jun 30, 2020 7:54:41 AM org.apache.karaf.main.Main launch
INFO: Installing and starting initial bundles
Jun 30, 2020 7:54:42 AM org.apache.karaf.main.Main launch
INFO: All initial bundles installed and set to start
Jun 30, 2020 7:54:42 AM org.apache.karaf.main.Main$KarafLockCallback lockAcquired
INFO: Lock acquired. Setting startlevel to 100
Jun 30, 2020 7:56:32 AM org.apache.karaf.main.Main launch
INFO: Installing and starting initial bundles
Jun 30, 2020 7:56:32 AM org.apache.karaf.main.Main launch
INFO: All initial bundles installed and set to start
Jun 30, 2020 7:56:33 AM org.apache.karaf.main.Main$KarafLockCallback lockAcquired
INFO: Lock acquired. Setting startlevel to 100
Jun 30, 2020 9:32:55 AM org.apache.karaf.main.Main launch
INFO: Installing and starting initial bundles
Jun 30, 2020 9:32:57 AM org.apache.karaf.main.Main launch
INFO: All initial bundles installed and set to start
Jun 30, 2020 9:32:58 AM org.apache.karaf.main.Main$KarafLockCallback lockAcquired
INFO: Lock acquired. Setting startlevel to 100
Jun 30, 2020 10:49:59 AM org.apache.karaf.main.Main launch
INFO: Installing and starting initial bundles
Jun 30, 2020 10:49:59 AM org.apache.karaf.main.Main launch
INFO: All initial bundles installed and set to start
Jun 30, 2020 10:49:59 AM org.apache.karaf.main.Main$KarafLockCallback lockAcquired
INFO: Lock acquired. Setting startlevel to 100
Jun 30, 2020 10:55:48 AM org.apache.karaf.main.Main launch
INFO: Installing and starting initial bundles
Jun 30, 2020 10:55:49 AM org.apache.karaf.main.Main launch
INFO: All initial bundles installed and set to start
Jun 30, 2020 10:55:49 AM org.apache.karaf.main.Main$KarafLockCallback lockAcquired
INFO: Lock acquired. Setting startlevel to 100
Jun 30, 2020 10:58:17 AM org.apache.karaf.main.Main launch
INFO: Installing and starting initial bundles
Jun 30, 2020 10:58:17 AM org.apache.karaf.main.Main launch
INFO: All initial bundles installed and set to start
Jun 30, 2020 10:58:18 AM org.apache.karaf.main.Main$KarafLockCallback lockAcquired
INFO: Lock acquired. Setting startlevel to 100
Jun 30, 2020 12:52:10 PM org.apache.karaf.main.Main launch
INFO: Installing and starting initial bundles
Jun 30, 2020 12:52:10 PM org.apache.karaf.main.Main launch
INFO: All initial bundles installed and set to start
Jun 30, 2020 12:52:11 PM org.apache.karaf.main.Main$KarafLockCallback lockAcquired
INFO: Lock acquired. Setting startlevel to 100
Jul 01, 2020 7:58:11 AM org.apache.karaf.main.Main launch
INFO: Installing and starting initial bundles
Jul 01, 2020 7:58:11 AM org.apache.karaf.main.Main launch
INFO: All initial bundles installed and set to start
Jul 01, 2020 7:58:11 AM org.apache.karaf.main.Main$KarafLockCallback lockAcquired
INFO: Lock acquired. Setting startlevel to 100
Jul 01, 2020 8:04:08 AM org.apache.karaf.main.Main launch
INFO: Installing and starting initial bundles
Jul 01, 2020 8:04:08 AM org.apache.karaf.main.Main launch
INFO: All initial bundles installed and set to start
Jul 01, 2020 8:04:08 AM org.apache.karaf.main.Main$KarafLockCallback lockAcquired
INFO: Lock acquired. Setting startlevel to 100
Jul 01, 2020 8:06:19 AM org.apache.karaf.main.Main launch
INFO: Installing and starting initial bundles
Jul 01, 2020 8:06:20 AM org.apache.karaf.main.Main launch
INFO: All initial bundles installed and set to start
Jul 01, 2020 8:06:20 AM org.apache.karaf.main.Main$KarafLockCallback lockAcquired
INFO: Lock acquired. Setting startlevel to 100
Jul 01, 2020 8:13:09 AM org.apache.karaf.main.Main launch
INFO: Installing and starting initial bundles
Jul 01, 2020 8:13:09 AM org.apache.karaf.main.Main launch
INFO: All initial bundles installed and set to start
Jul 01, 2020 8:13:10 AM org.apache.karaf.main.Main$KarafLockCallback lockAcquired
INFO: Lock acquired. Setting startlevel to 100
Jul 01, 2020 8:17:14 AM org.apache.karaf.main.Main launch
INFO: Installing and starting initial bundles
Jul 01, 2020 8:17:14 AM org.apache.karaf.main.Main launch
INFO: All initial bundles installed and set to start
Jul 01, 2020 8:17:15 AM org.apache.karaf.main.Main$KarafLockCallback lockAcquired
INFO: Lock acquired. Setting startlevel to 100
Jul 01, 2020 8:18:18 AM org.apache.karaf.main.Main launch
INFO: Installing and starting initial bundles
Jul 01, 2020 8:18:18 AM org.apache.karaf.main.Main launch
INFO: All initial bundles installed and set to start
Jul 01, 2020 8:18:18 AM org.apache.karaf.main.Main$KarafLockCallback lockAcquired
INFO: Lock acquired. Setting startlevel to 100
Jul 01, 2020 8:19:29 AM org.apache.karaf.main.Main launch
INFO: Installing and starting initial bundles
Jul 01, 2020 8:19:30 AM org.apache.karaf.main.Main launch
INFO: All initial bundles installed and set to start
Jul 01, 2020 8:19:30 AM org.apache.karaf.main.Main$KarafLockCallback lockAcquired
INFO: Lock acquired. Setting startlevel to 100
Jul 01, 2020 8:25:05 AM org.apache.karaf.main.Main launch
INFO: Installing and starting initial bundles
Jul 01, 2020 8:25:05 AM org.apache.karaf.main.Main launch
INFO: All initial bundles installed and set to start
Jul 01, 2020 8:25:06 AM org.apache.karaf.main.Main$KarafLockCallback lockAcquired
INFO: Lock acquired. Setting startlevel to 100
Jul 01, 2020 11:46:46 AM org.apache.karaf.main.Main launch
INFO: Installing and starting initial bundles
Jul 01, 2020 11:46:46 AM org.apache.karaf.main.Main launch
INFO: All initial bundles installed and set to start
Jul 01, 2020 11:46:47 AM org.apache.karaf.main.Main$KarafLockCallback lockAcquired
INFO: Lock acquired. Setting startlevel to 100
