2020.06.25 11:57:25 INFO  ce[][o.s.p.ProcessEntryPoint] Starting ce
2020.06.25 11:57:25 INFO  ce[][o.s.ce.app.CeServer] Compute Engine starting up...
2020.06.25 11:57:26 INFO  ce[][o.e.p.PluginsService] no modules loaded
2020.06.25 11:57:26 INFO  ce[][o.e.p.PluginsService] loaded plugin [org.elasticsearch.join.ParentJoinPlugin]
2020.06.25 11:57:26 INFO  ce[][o.e.p.PluginsService] loaded plugin [org.elasticsearch.percolator.PercolatorPlugin]
2020.06.25 11:57:26 INFO  ce[][o.e.p.PluginsService] loaded plugin [org.elasticsearch.transport.Netty4Plugin]
2020.06.25 11:57:27 INFO  ce[][o.s.s.e.EsClientProvider] Connected to local Elasticsearch: [127.0.0.1:9001]
2020.06.25 11:57:27 INFO  ce[][o.sonar.db.Database] Create JDBC data source for jdbc:h2:tcp://127.0.0.1:9092/sonar
2020.06.25 11:57:27 WARN  ce[][o.s.db.dialect.H2] H2 database should be used for evaluation purpose only.
2020.06.25 11:57:28 INFO  ce[][o.s.s.p.ServerFileSystemImpl] SonarQube home: /opt/sonarqube
2020.06.25 11:57:28 INFO  ce[][o.s.c.c.CePluginRepository] Load plugins
2020.06.25 11:57:28 INFO  ce[][o.s.c.c.ComputeEngineContainerImpl] Running Community edition
2020.06.25 11:57:28 INFO  ce[][o.s.ce.app.CeServer] Compute Engine is operational
2020.06.25 11:58:01 INFO  ce[][o.s.p.ProcessEntryPoint] Gracefully stopping process
2020.06.25 11:58:01 INFO  ce[][o.s.ce.app.CeServer] Compute Engine is stopping...
2020.06.25 11:58:01 INFO  ce[][o.s.c.t.CeProcessingSchedulerImpl] Gracefully stopping workers...
2020.06.25 11:58:02 INFO  ce[][o.s.ce.app.CeServer] Compute Engine is stopped
2020.06.25 11:58:51 INFO  ce[][o.s.p.ProcessEntryPoint] Starting ce
2020.06.25 11:58:51 INFO  ce[][o.s.ce.app.CeServer] Compute Engine starting up...
2020.06.25 11:58:51 INFO  ce[][o.e.p.PluginsService] no modules loaded
2020.06.25 11:58:51 INFO  ce[][o.e.p.PluginsService] loaded plugin [org.elasticsearch.join.ParentJoinPlugin]
2020.06.25 11:58:51 INFO  ce[][o.e.p.PluginsService] loaded plugin [org.elasticsearch.percolator.PercolatorPlugin]
2020.06.25 11:58:51 INFO  ce[][o.e.p.PluginsService] loaded plugin [org.elasticsearch.transport.Netty4Plugin]
2020.06.25 11:58:52 INFO  ce[][o.s.s.e.EsClientProvider] Connected to local Elasticsearch: [127.0.0.1:9001]
2020.06.25 11:58:52 INFO  ce[][o.sonar.db.Database] Create JDBC data source for jdbc:h2:tcp://127.0.0.1:9092/sonar
2020.06.25 11:58:53 WARN  ce[][o.s.db.dialect.H2] H2 database should be used for evaluation purpose only.
2020.06.25 11:58:53 INFO  ce[][o.s.s.p.ServerFileSystemImpl] SonarQube home: /opt/sonarqube
2020.06.25 11:58:53 INFO  ce[][o.s.c.c.CePluginRepository] Load plugins
2020.06.25 11:58:54 INFO  ce[][o.s.c.c.ComputeEngineContainerImpl] Running Community edition
2020.06.25 11:58:54 INFO  ce[][o.s.ce.app.CeServer] Compute Engine is operational
2020.06.25 12:06:18 INFO  ce[][o.s.p.ProcessEntryPoint] Gracefully stopping process
2020.06.25 12:06:18 INFO  ce[][o.s.ce.app.CeServer] Compute Engine is stopping...
2020.06.25 12:06:18 INFO  ce[][o.s.c.t.CeProcessingSchedulerImpl] Gracefully stopping workers...
2020.06.25 12:06:19 INFO  ce[][o.s.ce.app.CeServer] Compute Engine is stopped
2020.06.25 12:07:03 INFO  ce[][o.s.p.ProcessEntryPoint] Starting ce
2020.06.25 12:07:03 INFO  ce[][o.s.ce.app.CeServer] Compute Engine starting up...
2020.06.25 12:07:04 INFO  ce[][o.e.p.PluginsService] no modules loaded
2020.06.25 12:07:04 INFO  ce[][o.e.p.PluginsService] loaded plugin [org.elasticsearch.join.ParentJoinPlugin]
2020.06.25 12:07:04 INFO  ce[][o.e.p.PluginsService] loaded plugin [org.elasticsearch.percolator.PercolatorPlugin]
2020.06.25 12:07:04 INFO  ce[][o.e.p.PluginsService] loaded plugin [org.elasticsearch.transport.Netty4Plugin]
2020.06.25 12:07:04 INFO  ce[][o.s.s.e.EsClientProvider] Connected to local Elasticsearch: [127.0.0.1:9001]
2020.06.25 12:07:05 INFO  ce[][o.sonar.db.Database] Create JDBC data source for jdbc:h2:tcp://127.0.0.1:9092/sonar
2020.06.25 12:07:05 WARN  ce[][o.s.db.dialect.H2] H2 database should be used for evaluation purpose only.
2020.06.25 12:07:05 INFO  ce[][o.s.s.p.ServerFileSystemImpl] SonarQube home: /opt/sonarqube
2020.06.25 12:07:05 INFO  ce[][o.s.c.c.CePluginRepository] Load plugins
2020.06.25 12:07:06 INFO  ce[][o.s.c.c.ComputeEngineContainerImpl] Running Community edition
2020.06.25 12:07:06 INFO  ce[][o.s.ce.app.CeServer] Compute Engine is operational
2020.06.25 12:11:54 INFO  ce[][o.s.p.ProcessEntryPoint] Gracefully stopping process
2020.06.25 12:11:54 INFO  ce[][o.s.ce.app.CeServer] Compute Engine is stopping...
2020.06.25 12:11:54 INFO  ce[][o.s.c.t.CeProcessingSchedulerImpl] Gracefully stopping workers...
2020.06.25 12:11:54 INFO  ce[][o.s.ce.app.CeServer] Compute Engine is stopped
2020.06.25 12:12:44 INFO  ce[][o.s.p.ProcessEntryPoint] Starting ce
2020.06.25 12:12:44 INFO  ce[][o.s.ce.app.CeServer] Compute Engine starting up...
2020.06.25 12:12:44 INFO  ce[][o.e.p.PluginsService] no modules loaded
2020.06.25 12:12:44 INFO  ce[][o.e.p.PluginsService] loaded plugin [org.elasticsearch.join.ParentJoinPlugin]
2020.06.25 12:12:44 INFO  ce[][o.e.p.PluginsService] loaded plugin [org.elasticsearch.percolator.PercolatorPlugin]
2020.06.25 12:12:44 INFO  ce[][o.e.p.PluginsService] loaded plugin [org.elasticsearch.transport.Netty4Plugin]
2020.06.25 12:12:45 INFO  ce[][o.s.s.e.EsClientProvider] Connected to local Elasticsearch: [127.0.0.1:9001]
2020.06.25 12:12:45 INFO  ce[][o.sonar.db.Database] Create JDBC data source for jdbc:h2:tcp://127.0.0.1:9092/sonar
2020.06.25 12:12:45 WARN  ce[][o.s.db.dialect.H2] H2 database should be used for evaluation purpose only.
2020.06.25 12:12:46 INFO  ce[][o.s.s.p.ServerFileSystemImpl] SonarQube home: /opt/sonarqube
2020.06.25 12:12:46 INFO  ce[][o.s.c.c.CePluginRepository] Load plugins
2020.06.25 12:12:47 INFO  ce[][o.s.c.c.ComputeEngineContainerImpl] Running Community edition
2020.06.25 12:12:47 INFO  ce[][o.s.ce.app.CeServer] Compute Engine is operational
2020.06.25 12:36:35 INFO  ce[][o.s.p.ProcessEntryPoint] Gracefully stopping process
2020.06.25 12:36:35 INFO  ce[][o.s.ce.app.CeServer] Compute Engine is stopping...
2020.06.25 12:36:35 INFO  ce[][o.s.c.t.CeProcessingSchedulerImpl] Gracefully stopping workers...
2020.06.25 12:36:36 INFO  ce[][o.s.ce.app.CeServer] Compute Engine is stopped
2020.06.25 12:39:06 INFO  ce[][o.s.p.ProcessEntryPoint] Starting ce
2020.06.25 12:39:06 INFO  ce[][o.s.ce.app.CeServer] Compute Engine starting up...
2020.06.25 12:39:07 INFO  ce[][o.e.p.PluginsService] no modules loaded
2020.06.25 12:39:07 INFO  ce[][o.e.p.PluginsService] loaded plugin [org.elasticsearch.join.ParentJoinPlugin]
2020.06.25 12:39:07 INFO  ce[][o.e.p.PluginsService] loaded plugin [org.elasticsearch.percolator.PercolatorPlugin]
2020.06.25 12:39:07 INFO  ce[][o.e.p.PluginsService] loaded plugin [org.elasticsearch.transport.Netty4Plugin]
2020.06.25 12:39:08 INFO  ce[][o.s.s.e.EsClientProvider] Connected to local Elasticsearch: [127.0.0.1:9001]
2020.06.25 12:39:08 INFO  ce[][o.sonar.db.Database] Create JDBC data source for jdbc:h2:tcp://127.0.0.1:9092/sonar
2020.06.25 12:39:08 WARN  ce[][o.s.db.dialect.H2] H2 database should be used for evaluation purpose only.
2020.06.25 12:39:09 INFO  ce[][o.s.s.p.ServerFileSystemImpl] SonarQube home: /opt/sonarqube
2020.06.25 12:39:09 INFO  ce[][o.s.c.c.CePluginRepository] Load plugins
2020.06.25 12:39:10 INFO  ce[][o.s.c.c.ComputeEngineContainerImpl] Running Community edition
2020.06.25 12:39:10 INFO  ce[][o.s.ce.app.CeServer] Compute Engine is operational
2020.06.25 12:47:54 INFO  ce[][o.s.p.ProcessEntryPoint] Gracefully stopping process
2020.06.25 12:47:55 INFO  ce[][o.s.ce.app.CeServer] Compute Engine is stopping...
2020.06.25 12:47:55 INFO  ce[][o.s.c.t.CeProcessingSchedulerImpl] Gracefully stopping workers...
2020.06.25 12:47:55 INFO  ce[][o.s.ce.app.CeServer] Compute Engine is stopped
2020.06.25 12:48:41 INFO  ce[][o.s.p.ProcessEntryPoint] Starting ce
2020.06.25 12:48:41 INFO  ce[][o.s.ce.app.CeServer] Compute Engine starting up...
2020.06.25 12:48:42 INFO  ce[][o.e.p.PluginsService] no modules loaded
2020.06.25 12:48:42 INFO  ce[][o.e.p.PluginsService] loaded plugin [org.elasticsearch.join.ParentJoinPlugin]
2020.06.25 12:48:42 INFO  ce[][o.e.p.PluginsService] loaded plugin [org.elasticsearch.percolator.PercolatorPlugin]
2020.06.25 12:48:42 INFO  ce[][o.e.p.PluginsService] loaded plugin [org.elasticsearch.transport.Netty4Plugin]
2020.06.25 12:48:43 INFO  ce[][o.s.s.e.EsClientProvider] Connected to local Elasticsearch: [127.0.0.1:9001]
2020.06.25 12:48:43 INFO  ce[][o.sonar.db.Database] Create JDBC data source for jdbc:h2:tcp://127.0.0.1:9092/sonar
2020.06.25 12:48:43 WARN  ce[][o.s.db.dialect.H2] H2 database should be used for evaluation purpose only.
2020.06.25 12:48:43 INFO  ce[][o.s.s.p.ServerFileSystemImpl] SonarQube home: /opt/sonarqube
2020.06.25 12:48:44 INFO  ce[][o.s.c.c.CePluginRepository] Load plugins
2020.06.25 12:48:44 INFO  ce[][o.s.c.c.ComputeEngineContainerImpl] Running Community edition
2020.06.25 12:48:44 INFO  ce[][o.s.ce.app.CeServer] Compute Engine is operational
2020.06.25 12:57:36 INFO  ce[][o.s.p.ProcessEntryPoint] Gracefully stopping process
2020.06.25 12:57:36 INFO  ce[][o.s.ce.app.CeServer] Compute Engine is stopping...
2020.06.25 12:57:36 INFO  ce[][o.s.c.t.CeProcessingSchedulerImpl] Gracefully stopping workers...
2020.06.25 12:57:37 INFO  ce[][o.s.ce.app.CeServer] Compute Engine is stopped
2020.06.25 12:58:24 INFO  ce[][o.s.p.ProcessEntryPoint] Starting ce
2020.06.25 12:58:24 INFO  ce[][o.s.ce.app.CeServer] Compute Engine starting up...
2020.06.25 12:58:25 INFO  ce[][o.e.p.PluginsService] no modules loaded
2020.06.25 12:58:25 INFO  ce[][o.e.p.PluginsService] loaded plugin [org.elasticsearch.join.ParentJoinPlugin]
2020.06.25 12:58:25 INFO  ce[][o.e.p.PluginsService] loaded plugin [org.elasticsearch.percolator.PercolatorPlugin]
2020.06.25 12:58:25 INFO  ce[][o.e.p.PluginsService] loaded plugin [org.elasticsearch.transport.Netty4Plugin]
2020.06.25 12:58:26 INFO  ce[][o.s.s.e.EsClientProvider] Connected to local Elasticsearch: [127.0.0.1:9001]
2020.06.25 12:58:26 INFO  ce[][o.sonar.db.Database] Create JDBC data source for jdbc:h2:tcp://127.0.0.1:9092/sonar
2020.06.25 12:58:26 WARN  ce[][o.s.db.dialect.H2] H2 database should be used for evaluation purpose only.
2020.06.25 12:58:27 INFO  ce[][o.s.s.p.ServerFileSystemImpl] SonarQube home: /opt/sonarqube
2020.06.25 12:58:27 INFO  ce[][o.s.c.c.CePluginRepository] Load plugins
2020.06.25 12:58:28 INFO  ce[][o.s.c.c.ComputeEngineContainerImpl] Running Community edition
2020.06.25 12:58:28 INFO  ce[][o.s.ce.app.CeServer] Compute Engine is operational
2020.06.25 13:00:39 INFO  ce[][o.s.p.ProcessEntryPoint] Gracefully stopping process
2020.06.25 13:00:39 INFO  ce[][o.s.ce.app.CeServer] Compute Engine is stopping...
2020.06.25 13:00:39 INFO  ce[][o.s.c.t.CeProcessingSchedulerImpl] Gracefully stopping workers...
2020.06.25 13:00:39 INFO  ce[][o.s.ce.app.CeServer] Compute Engine is stopped
2020.06.25 13:01:33 INFO  ce[][o.s.p.ProcessEntryPoint] Starting ce
2020.06.25 13:01:33 INFO  ce[][o.s.ce.app.CeServer] Compute Engine starting up...
2020.06.25 13:01:34 INFO  ce[][o.e.p.PluginsService] no modules loaded
2020.06.25 13:01:34 INFO  ce[][o.e.p.PluginsService] loaded plugin [org.elasticsearch.join.ParentJoinPlugin]
2020.06.25 13:01:34 INFO  ce[][o.e.p.PluginsService] loaded plugin [org.elasticsearch.percolator.PercolatorPlugin]
2020.06.25 13:01:34 INFO  ce[][o.e.p.PluginsService] loaded plugin [org.elasticsearch.transport.Netty4Plugin]
2020.06.25 13:01:35 INFO  ce[][o.s.s.e.EsClientProvider] Connected to local Elasticsearch: [127.0.0.1:9001]
2020.06.25 13:01:35 INFO  ce[][o.sonar.db.Database] Create JDBC data source for jdbc:h2:tcp://127.0.0.1:9092/sonar
2020.06.25 13:01:35 WARN  ce[][o.s.db.dialect.H2] H2 database should be used for evaluation purpose only.
2020.06.25 13:01:36 INFO  ce[][o.s.s.p.ServerFileSystemImpl] SonarQube home: /opt/sonarqube
2020.06.25 13:01:36 INFO  ce[][o.s.c.c.CePluginRepository] Load plugins
2020.06.25 13:01:37 INFO  ce[][o.s.c.c.ComputeEngineContainerImpl] Running Community edition
2020.06.25 13:01:37 INFO  ce[][o.s.ce.app.CeServer] Compute Engine is operational
2020.06.25 13:04:38 INFO  ce[][o.s.p.ProcessEntryPoint] Gracefully stopping process
2020.06.25 13:04:38 INFO  ce[][o.s.ce.app.CeServer] Compute Engine is stopping...
2020.06.25 13:04:38 INFO  ce[][o.s.c.t.CeProcessingSchedulerImpl] Gracefully stopping workers...
2020.06.25 13:04:38 INFO  ce[][o.s.ce.app.CeServer] Compute Engine is stopped
2020.06.25 13:05:34 INFO  ce[][o.s.p.ProcessEntryPoint] Starting ce
2020.06.25 13:05:34 INFO  ce[][o.s.ce.app.CeServer] Compute Engine starting up...
2020.06.25 13:05:35 INFO  ce[][o.e.p.PluginsService] no modules loaded
2020.06.25 13:05:35 INFO  ce[][o.e.p.PluginsService] loaded plugin [org.elasticsearch.join.ParentJoinPlugin]
2020.06.25 13:05:35 INFO  ce[][o.e.p.PluginsService] loaded plugin [org.elasticsearch.percolator.PercolatorPlugin]
2020.06.25 13:05:35 INFO  ce[][o.e.p.PluginsService] loaded plugin [org.elasticsearch.transport.Netty4Plugin]
2020.06.25 13:05:36 INFO  ce[][o.s.s.e.EsClientProvider] Connected to local Elasticsearch: [127.0.0.1:9001]
2020.06.25 13:05:36 INFO  ce[][o.sonar.db.Database] Create JDBC data source for jdbc:h2:tcp://127.0.0.1:9092/sonar
2020.06.25 13:05:36 WARN  ce[][o.s.db.dialect.H2] H2 database should be used for evaluation purpose only.
2020.06.25 13:05:37 INFO  ce[][o.s.s.p.ServerFileSystemImpl] SonarQube home: /opt/sonarqube
2020.06.25 13:05:37 INFO  ce[][o.s.c.c.CePluginRepository] Load plugins
2020.06.25 13:05:37 INFO  ce[][o.s.c.c.ComputeEngineContainerImpl] Running Community edition
2020.06.25 13:05:37 INFO  ce[][o.s.ce.app.CeServer] Compute Engine is operational
2020.06.25 13:07:08 INFO  ce[][o.s.p.ProcessEntryPoint] Gracefully stopping process
2020.06.25 13:07:08 INFO  ce[][o.s.ce.app.CeServer] Compute Engine is stopping...
2020.06.25 13:07:08 INFO  ce[][o.s.c.t.CeProcessingSchedulerImpl] Gracefully stopping workers...
2020.06.25 13:07:08 INFO  ce[][o.s.ce.app.CeServer] Compute Engine is stopped
2020.06.25 13:09:12 INFO  ce[][o.s.p.ProcessEntryPoint] Starting ce
2020.06.25 13:09:12 INFO  ce[][o.s.ce.app.CeServer] Compute Engine starting up...
2020.06.25 13:09:13 INFO  ce[][o.e.p.PluginsService] no modules loaded
2020.06.25 13:09:13 INFO  ce[][o.e.p.PluginsService] loaded plugin [org.elasticsearch.join.ParentJoinPlugin]
2020.06.25 13:09:13 INFO  ce[][o.e.p.PluginsService] loaded plugin [org.elasticsearch.percolator.PercolatorPlugin]
2020.06.25 13:09:13 INFO  ce[][o.e.p.PluginsService] loaded plugin [org.elasticsearch.transport.Netty4Plugin]
2020.06.25 13:09:14 INFO  ce[][o.s.s.e.EsClientProvider] Connected to local Elasticsearch: [127.0.0.1:9001]
2020.06.25 13:09:14 INFO  ce[][o.sonar.db.Database] Create JDBC data source for jdbc:h2:tcp://127.0.0.1:9092/sonar
2020.06.25 13:09:14 WARN  ce[][o.s.db.dialect.H2] H2 database should be used for evaluation purpose only.
2020.06.25 13:09:15 INFO  ce[][o.s.s.p.ServerFileSystemImpl] SonarQube home: /opt/sonarqube
2020.06.25 13:09:15 INFO  ce[][o.s.c.c.CePluginRepository] Load plugins
2020.06.25 13:09:16 INFO  ce[][o.s.c.c.ComputeEngineContainerImpl] Running Community edition
2020.06.25 13:09:16 INFO  ce[][o.s.ce.app.CeServer] Compute Engine is operational
2020.06.25 13:14:50 INFO  ce[][o.s.p.ProcessEntryPoint] Gracefully stopping process
2020.06.25 13:14:50 INFO  ce[][o.s.ce.app.CeServer] Compute Engine is stopping...
2020.06.25 13:14:50 INFO  ce[][o.s.c.t.CeProcessingSchedulerImpl] Gracefully stopping workers...
2020.06.25 13:14:50 INFO  ce[][o.s.ce.app.CeServer] Compute Engine is stopped
2020.06.25 13:15:46 INFO  ce[][o.s.p.ProcessEntryPoint] Starting ce
2020.06.25 13:15:46 INFO  ce[][o.s.ce.app.CeServer] Compute Engine starting up...
2020.06.25 13:15:46 INFO  ce[][o.e.p.PluginsService] no modules loaded
2020.06.25 13:15:46 INFO  ce[][o.e.p.PluginsService] loaded plugin [org.elasticsearch.join.ParentJoinPlugin]
2020.06.25 13:15:46 INFO  ce[][o.e.p.PluginsService] loaded plugin [org.elasticsearch.percolator.PercolatorPlugin]
2020.06.25 13:15:46 INFO  ce[][o.e.p.PluginsService] loaded plugin [org.elasticsearch.transport.Netty4Plugin]
2020.06.25 13:15:47 INFO  ce[][o.s.s.e.EsClientProvider] Connected to local Elasticsearch: [127.0.0.1:9001]
2020.06.25 13:15:47 INFO  ce[][o.sonar.db.Database] Create JDBC data source for jdbc:h2:tcp://127.0.0.1:9092/sonar
2020.06.25 13:15:47 WARN  ce[][o.s.db.dialect.H2] H2 database should be used for evaluation purpose only.
2020.06.25 13:15:48 INFO  ce[][o.s.s.p.ServerFileSystemImpl] SonarQube home: /opt/sonarqube
2020.06.25 13:15:48 INFO  ce[][o.s.c.c.CePluginRepository] Load plugins
2020.06.25 13:15:49 INFO  ce[][o.s.c.c.ComputeEngineContainerImpl] Running Community edition
2020.06.25 13:15:49 INFO  ce[][o.s.ce.app.CeServer] Compute Engine is operational
2020.06.25 13:16:07 INFO  ce[][o.s.p.ProcessEntryPoint] Gracefully stopping process
2020.06.25 13:16:07 INFO  ce[][o.s.ce.app.CeServer] Compute Engine is stopping...
2020.06.25 13:16:07 INFO  ce[][o.s.c.t.CeProcessingSchedulerImpl] Gracefully stopping workers...
2020.06.25 13:16:08 INFO  ce[][o.s.ce.app.CeServer] Compute Engine is stopped
2020.06.25 13:17:54 INFO  ce[][o.s.p.ProcessEntryPoint] Starting ce
2020.06.25 13:17:54 INFO  ce[][o.s.ce.app.CeServer] Compute Engine starting up...
2020.06.25 13:17:54 INFO  ce[][o.e.p.PluginsService] no modules loaded
2020.06.25 13:17:54 INFO  ce[][o.e.p.PluginsService] loaded plugin [org.elasticsearch.join.ParentJoinPlugin]
2020.06.25 13:17:54 INFO  ce[][o.e.p.PluginsService] loaded plugin [org.elasticsearch.percolator.PercolatorPlugin]
2020.06.25 13:17:54 INFO  ce[][o.e.p.PluginsService] loaded plugin [org.elasticsearch.transport.Netty4Plugin]
2020.06.25 13:17:55 INFO  ce[][o.s.s.e.EsClientProvider] Connected to local Elasticsearch: [127.0.0.1:9001]
2020.06.25 13:17:55 INFO  ce[][o.sonar.db.Database] Create JDBC data source for jdbc:h2:tcp://127.0.0.1:9092/sonar
2020.06.25 13:17:55 WARN  ce[][o.s.db.dialect.H2] H2 database should be used for evaluation purpose only.
2020.06.25 13:17:56 INFO  ce[][o.s.s.p.ServerFileSystemImpl] SonarQube home: /opt/sonarqube
2020.06.25 13:17:56 INFO  ce[][o.s.c.c.CePluginRepository] Load plugins
2020.06.25 13:17:57 INFO  ce[][o.s.c.c.ComputeEngineContainerImpl] Running Community edition
2020.06.25 13:17:57 INFO  ce[][o.s.ce.app.CeServer] Compute Engine is operational
2020.06.25 13:18:22 INFO  ce[][o.s.p.ProcessEntryPoint] Gracefully stopping process
2020.06.25 13:18:22 INFO  ce[][o.s.ce.app.CeServer] Compute Engine is stopping...
2020.06.25 13:18:22 INFO  ce[][o.s.c.t.CeProcessingSchedulerImpl] Gracefully stopping workers...
2020.06.25 13:18:23 INFO  ce[][o.s.ce.app.CeServer] Compute Engine is stopped
2020.06.25 13:19:16 INFO  ce[][o.s.p.ProcessEntryPoint] Starting ce
2020.06.25 13:19:16 INFO  ce[][o.s.ce.app.CeServer] Compute Engine starting up...
2020.06.25 13:19:16 INFO  ce[][o.e.p.PluginsService] no modules loaded
2020.06.25 13:19:16 INFO  ce[][o.e.p.PluginsService] loaded plugin [org.elasticsearch.join.ParentJoinPlugin]
2020.06.25 13:19:16 INFO  ce[][o.e.p.PluginsService] loaded plugin [org.elasticsearch.percolator.PercolatorPlugin]
2020.06.25 13:19:16 INFO  ce[][o.e.p.PluginsService] loaded plugin [org.elasticsearch.transport.Netty4Plugin]
2020.06.25 13:19:17 INFO  ce[][o.s.s.e.EsClientProvider] Connected to local Elasticsearch: [127.0.0.1:9001]
2020.06.25 13:19:17 INFO  ce[][o.sonar.db.Database] Create JDBC data source for jdbc:h2:tcp://127.0.0.1:9092/sonar
2020.06.25 13:19:18 WARN  ce[][o.s.db.dialect.H2] H2 database should be used for evaluation purpose only.
2020.06.25 13:19:18 INFO  ce[][o.s.s.p.ServerFileSystemImpl] SonarQube home: /opt/sonarqube
2020.06.25 13:19:18 INFO  ce[][o.s.c.c.CePluginRepository] Load plugins
2020.06.25 13:19:19 INFO  ce[][o.s.c.c.ComputeEngineContainerImpl] Running Community edition
2020.06.25 13:19:19 INFO  ce[][o.s.ce.app.CeServer] Compute Engine is operational
2020.06.25 13:20:51 INFO  ce[][o.s.p.ProcessEntryPoint] Gracefully stopping process
2020.06.25 13:20:51 INFO  ce[][o.s.ce.app.CeServer] Compute Engine is stopping...
2020.06.25 13:20:51 INFO  ce[][o.s.c.t.CeProcessingSchedulerImpl] Gracefully stopping workers...
2020.06.25 13:20:51 INFO  ce[][o.s.ce.app.CeServer] Compute Engine is stopped
2020.06.25 13:21:44 INFO  ce[][o.s.p.ProcessEntryPoint] Starting ce
2020.06.25 13:21:45 INFO  ce[][o.s.ce.app.CeServer] Compute Engine starting up...
2020.06.25 13:21:45 INFO  ce[][o.e.p.PluginsService] no modules loaded
2020.06.25 13:21:45 INFO  ce[][o.e.p.PluginsService] loaded plugin [org.elasticsearch.join.ParentJoinPlugin]
2020.06.25 13:21:45 INFO  ce[][o.e.p.PluginsService] loaded plugin [org.elasticsearch.percolator.PercolatorPlugin]
2020.06.25 13:21:45 INFO  ce[][o.e.p.PluginsService] loaded plugin [org.elasticsearch.transport.Netty4Plugin]
2020.06.25 13:21:46 INFO  ce[][o.s.s.e.EsClientProvider] Connected to local Elasticsearch: [127.0.0.1:9001]
2020.06.25 13:21:46 INFO  ce[][o.sonar.db.Database] Create JDBC data source for jdbc:h2:tcp://127.0.0.1:9092/sonar
2020.06.25 13:21:46 WARN  ce[][o.s.db.dialect.H2] H2 database should be used for evaluation purpose only.
2020.06.25 13:21:47 INFO  ce[][o.s.s.p.ServerFileSystemImpl] SonarQube home: /opt/sonarqube
2020.06.25 13:21:47 INFO  ce[][o.s.c.c.CePluginRepository] Load plugins
2020.06.25 13:21:48 INFO  ce[][o.s.c.c.ComputeEngineContainerImpl] Running Community edition
2020.06.25 13:21:48 INFO  ce[][o.s.ce.app.CeServer] Compute Engine is operational
2020.06.25 13:29:46 INFO  ce[][o.s.p.ProcessEntryPoint] Gracefully stopping process
2020.06.25 13:29:46 INFO  ce[][o.s.ce.app.CeServer] Compute Engine is stopping...
2020.06.25 13:29:46 INFO  ce[][o.s.c.t.CeProcessingSchedulerImpl] Gracefully stopping workers...
2020.06.25 13:29:47 INFO  ce[][o.s.ce.app.CeServer] Compute Engine is stopped
2020.06.25 13:30:41 INFO  ce[][o.s.p.ProcessEntryPoint] Starting ce
2020.06.25 13:30:41 INFO  ce[][o.s.ce.app.CeServer] Compute Engine starting up...
2020.06.25 13:30:42 INFO  ce[][o.e.p.PluginsService] no modules loaded
2020.06.25 13:30:42 INFO  ce[][o.e.p.PluginsService] loaded plugin [org.elasticsearch.join.ParentJoinPlugin]
2020.06.25 13:30:42 INFO  ce[][o.e.p.PluginsService] loaded plugin [org.elasticsearch.percolator.PercolatorPlugin]
2020.06.25 13:30:42 INFO  ce[][o.e.p.PluginsService] loaded plugin [org.elasticsearch.transport.Netty4Plugin]
2020.06.25 13:30:43 INFO  ce[][o.s.s.e.EsClientProvider] Connected to local Elasticsearch: [127.0.0.1:9001]
2020.06.25 13:30:43 INFO  ce[][o.sonar.db.Database] Create JDBC data source for jdbc:h2:tcp://127.0.0.1:9092/sonar
2020.06.25 13:30:43 WARN  ce[][o.s.db.dialect.H2] H2 database should be used for evaluation purpose only.
2020.06.25 13:30:44 INFO  ce[][o.s.s.p.ServerFileSystemImpl] SonarQube home: /opt/sonarqube
2020.06.25 13:30:44 INFO  ce[][o.s.c.c.CePluginRepository] Load plugins
2020.06.25 13:30:44 INFO  ce[][o.s.c.c.ComputeEngineContainerImpl] Running Community edition
2020.06.25 13:30:44 INFO  ce[][o.s.ce.app.CeServer] Compute Engine is operational
2020.06.25 13:56:37 INFO  ce[][o.s.p.ProcessEntryPoint] Gracefully stopping process
2020.06.25 13:56:37 INFO  ce[][o.s.ce.app.CeServer] Compute Engine is stopping...
2020.06.25 13:56:37 INFO  ce[][o.s.c.t.CeProcessingSchedulerImpl] Gracefully stopping workers...
2020.06.25 13:56:37 INFO  ce[][o.s.ce.app.CeServer] Compute Engine is stopped
2020.06.25 13:57:47 INFO  ce[][o.s.p.ProcessEntryPoint] Starting ce
2020.06.25 13:57:47 INFO  ce[][o.s.ce.app.CeServer] Compute Engine starting up...
2020.06.25 13:57:47 INFO  ce[][o.e.p.PluginsService] no modules loaded
2020.06.25 13:57:47 INFO  ce[][o.e.p.PluginsService] loaded plugin [org.elasticsearch.join.ParentJoinPlugin]
2020.06.25 13:57:47 INFO  ce[][o.e.p.PluginsService] loaded plugin [org.elasticsearch.percolator.PercolatorPlugin]
2020.06.25 13:57:47 INFO  ce[][o.e.p.PluginsService] loaded plugin [org.elasticsearch.transport.Netty4Plugin]
2020.06.25 13:57:48 INFO  ce[][o.s.s.e.EsClientProvider] Connected to local Elasticsearch: [127.0.0.1:9001]
2020.06.25 13:57:48 INFO  ce[][o.sonar.db.Database] Create JDBC data source for jdbc:h2:tcp://127.0.0.1:9092/sonar
2020.06.25 13:57:48 WARN  ce[][o.s.db.dialect.H2] H2 database should be used for evaluation purpose only.
2020.06.25 13:57:49 INFO  ce[][o.s.s.p.ServerFileSystemImpl] SonarQube home: /opt/sonarqube
2020.06.25 13:57:49 INFO  ce[][o.s.c.c.CePluginRepository] Load plugins
2020.06.25 13:57:50 INFO  ce[][o.s.c.c.ComputeEngineContainerImpl] Running Community edition
2020.06.25 13:57:50 INFO  ce[][o.s.ce.app.CeServer] Compute Engine is operational
2020.06.25 13:59:50 INFO  ce[][o.s.p.ProcessEntryPoint] Gracefully stopping process
2020.06.25 13:59:50 INFO  ce[][o.s.ce.app.CeServer] Compute Engine is stopping...
2020.06.25 13:59:50 INFO  ce[][o.s.c.t.CeProcessingSchedulerImpl] Gracefully stopping workers...
2020.06.25 13:59:51 INFO  ce[][o.s.ce.app.CeServer] Compute Engine is stopped
2020.06.25 14:01:09 INFO  ce[][o.s.p.ProcessEntryPoint] Starting ce
2020.06.25 14:01:09 INFO  ce[][o.s.ce.app.CeServer] Compute Engine starting up...
2020.06.25 14:01:09 INFO  ce[][o.e.p.PluginsService] no modules loaded
2020.06.25 14:01:09 INFO  ce[][o.e.p.PluginsService] loaded plugin [org.elasticsearch.join.ParentJoinPlugin]
2020.06.25 14:01:09 INFO  ce[][o.e.p.PluginsService] loaded plugin [org.elasticsearch.percolator.PercolatorPlugin]
2020.06.25 14:01:09 INFO  ce[][o.e.p.PluginsService] loaded plugin [org.elasticsearch.transport.Netty4Plugin]
2020.06.25 14:01:10 INFO  ce[][o.s.s.e.EsClientProvider] Connected to local Elasticsearch: [127.0.0.1:9001]
2020.06.25 14:01:10 INFO  ce[][o.sonar.db.Database] Create JDBC data source for jdbc:h2:tcp://127.0.0.1:9092/sonar
2020.06.25 14:01:10 WARN  ce[][o.s.db.dialect.H2] H2 database should be used for evaluation purpose only.
2020.06.25 14:01:11 INFO  ce[][o.s.s.p.ServerFileSystemImpl] SonarQube home: /opt/sonarqube
2020.06.25 14:01:11 INFO  ce[][o.s.c.c.CePluginRepository] Load plugins
2020.06.25 14:01:12 INFO  ce[][o.s.c.c.ComputeEngineContainerImpl] Running Community edition
2020.06.25 14:01:12 INFO  ce[][o.s.ce.app.CeServer] Compute Engine is operational
2020.06.25 14:01:26 INFO  ce[][o.s.p.ProcessEntryPoint] Gracefully stopping process
2020.06.25 14:01:26 INFO  ce[][o.s.ce.app.CeServer] Compute Engine is stopping...
2020.06.25 14:01:26 INFO  ce[][o.s.c.t.CeProcessingSchedulerImpl] Gracefully stopping workers...
2020.06.25 14:01:27 INFO  ce[][o.s.ce.app.CeServer] Compute Engine is stopped
2020.06.25 14:02:34 INFO  ce[][o.s.p.ProcessEntryPoint] Starting ce
2020.06.25 14:02:34 INFO  ce[][o.s.ce.app.CeServer] Compute Engine starting up...
2020.06.25 14:02:35 INFO  ce[][o.e.p.PluginsService] no modules loaded
2020.06.25 14:02:35 INFO  ce[][o.e.p.PluginsService] loaded plugin [org.elasticsearch.join.ParentJoinPlugin]
2020.06.25 14:02:35 INFO  ce[][o.e.p.PluginsService] loaded plugin [org.elasticsearch.percolator.PercolatorPlugin]
2020.06.25 14:02:35 INFO  ce[][o.e.p.PluginsService] loaded plugin [org.elasticsearch.transport.Netty4Plugin]
2020.06.25 14:02:36 INFO  ce[][o.s.s.e.EsClientProvider] Connected to local Elasticsearch: [127.0.0.1:9001]
2020.06.25 14:02:36 INFO  ce[][o.sonar.db.Database] Create JDBC data source for jdbc:h2:tcp://127.0.0.1:9092/sonar
2020.06.25 14:02:36 WARN  ce[][o.s.db.dialect.H2] H2 database should be used for evaluation purpose only.
2020.06.25 14:02:37 INFO  ce[][o.s.s.p.ServerFileSystemImpl] SonarQube home: /opt/sonarqube
2020.06.25 14:02:37 INFO  ce[][o.s.c.c.CePluginRepository] Load plugins
2020.06.25 14:02:38 INFO  ce[][o.s.c.c.ComputeEngineContainerImpl] Running Community edition
2020.06.25 14:02:38 INFO  ce[][o.s.ce.app.CeServer] Compute Engine is operational
