2020.06.26 06:13:41 INFO  ce[][o.s.p.ProcessEntryPoint] Gracefully stopping process
2020.06.26 06:13:41 INFO  ce[][o.s.ce.app.CeServer] Compute Engine is stopping...
2020.06.26 06:13:41 INFO  ce[][o.s.c.t.CeProcessingSchedulerImpl] Gracefully stopping workers...
2020.06.26 06:13:41 INFO  ce[][o.s.ce.app.CeServer] Compute Engine is stopped
2020.06.26 06:14:53 INFO  ce[][o.s.p.ProcessEntryPoint] Starting ce
2020.06.26 06:14:53 INFO  ce[][o.s.ce.app.CeServer] Compute Engine starting up...
2020.06.26 06:14:53 INFO  ce[][o.e.p.PluginsService] no modules loaded
2020.06.26 06:14:53 INFO  ce[][o.e.p.PluginsService] loaded plugin [org.elasticsearch.join.ParentJoinPlugin]
2020.06.26 06:14:53 INFO  ce[][o.e.p.PluginsService] loaded plugin [org.elasticsearch.percolator.PercolatorPlugin]
2020.06.26 06:14:53 INFO  ce[][o.e.p.PluginsService] loaded plugin [org.elasticsearch.transport.Netty4Plugin]
2020.06.26 06:14:54 INFO  ce[][o.s.s.e.EsClientProvider] Connected to local Elasticsearch: [127.0.0.1:9001]
2020.06.26 06:14:54 INFO  ce[][o.sonar.db.Database] Create JDBC data source for jdbc:h2:tcp://127.0.0.1:9092/sonar
2020.06.26 06:14:54 WARN  ce[][o.s.db.dialect.H2] H2 database should be used for evaluation purpose only.
2020.06.26 06:14:55 INFO  ce[][o.s.s.p.ServerFileSystemImpl] SonarQube home: /opt/sonarqube
2020.06.26 06:14:55 INFO  ce[][o.s.c.c.CePluginRepository] Load plugins
2020.06.26 06:14:56 INFO  ce[][o.s.c.c.ComputeEngineContainerImpl] Running Community edition
2020.06.26 06:14:56 INFO  ce[][o.s.ce.app.CeServer] Compute Engine is operational
2020.06.26 06:32:50 INFO  ce[][o.s.p.ProcessEntryPoint] Gracefully stopping process
2020.06.26 06:32:50 INFO  ce[][o.s.ce.app.CeServer] Compute Engine is stopping...
2020.06.26 06:32:50 INFO  ce[][o.s.c.t.CeProcessingSchedulerImpl] Gracefully stopping workers...
2020.06.26 06:32:50 INFO  ce[][o.s.ce.app.CeServer] Compute Engine is stopped
2020.06.26 06:34:12 INFO  ce[][o.s.p.ProcessEntryPoint] Starting ce
2020.06.26 06:34:12 INFO  ce[][o.s.ce.app.CeServer] Compute Engine starting up...
2020.06.26 06:34:13 INFO  ce[][o.e.p.PluginsService] no modules loaded
2020.06.26 06:34:13 INFO  ce[][o.e.p.PluginsService] loaded plugin [org.elasticsearch.join.ParentJoinPlugin]
2020.06.26 06:34:13 INFO  ce[][o.e.p.PluginsService] loaded plugin [org.elasticsearch.percolator.PercolatorPlugin]
2020.06.26 06:34:13 INFO  ce[][o.e.p.PluginsService] loaded plugin [org.elasticsearch.transport.Netty4Plugin]
2020.06.26 06:34:14 INFO  ce[][o.s.s.e.EsClientProvider] Connected to local Elasticsearch: [127.0.0.1:9001]
2020.06.26 06:34:14 INFO  ce[][o.sonar.db.Database] Create JDBC data source for jdbc:h2:tcp://127.0.0.1:9092/sonar
2020.06.26 06:34:14 WARN  ce[][o.s.db.dialect.H2] H2 database should be used for evaluation purpose only.
2020.06.26 06:34:15 INFO  ce[][o.s.s.p.ServerFileSystemImpl] SonarQube home: /opt/sonarqube
2020.06.26 06:34:15 INFO  ce[][o.s.c.c.CePluginRepository] Load plugins
2020.06.26 06:34:15 INFO  ce[][o.s.c.c.ComputeEngineContainerImpl] Running Community edition
2020.06.26 06:34:15 INFO  ce[][o.s.ce.app.CeServer] Compute Engine is operational
2020.06.26 06:35:09 INFO  ce[][o.s.p.ProcessEntryPoint] Gracefully stopping process
2020.06.26 06:35:09 INFO  ce[][o.s.ce.app.CeServer] Compute Engine is stopping...
2020.06.26 06:35:09 INFO  ce[][o.s.c.t.CeProcessingSchedulerImpl] Gracefully stopping workers...
2020.06.26 06:35:10 INFO  ce[][o.s.ce.app.CeServer] Compute Engine is stopped
2020.06.26 06:36:34 INFO  ce[][o.s.p.ProcessEntryPoint] Starting ce
2020.06.26 06:36:34 INFO  ce[][o.s.ce.app.CeServer] Compute Engine starting up...
2020.06.26 06:36:34 INFO  ce[][o.e.p.PluginsService] no modules loaded
2020.06.26 06:36:34 INFO  ce[][o.e.p.PluginsService] loaded plugin [org.elasticsearch.join.ParentJoinPlugin]
2020.06.26 06:36:34 INFO  ce[][o.e.p.PluginsService] loaded plugin [org.elasticsearch.percolator.PercolatorPlugin]
2020.06.26 06:36:34 INFO  ce[][o.e.p.PluginsService] loaded plugin [org.elasticsearch.transport.Netty4Plugin]
2020.06.26 06:36:35 INFO  ce[][o.s.s.e.EsClientProvider] Connected to local Elasticsearch: [127.0.0.1:9001]
2020.06.26 06:36:35 INFO  ce[][o.sonar.db.Database] Create JDBC data source for jdbc:h2:tcp://127.0.0.1:9092/sonar
2020.06.26 06:36:36 WARN  ce[][o.s.db.dialect.H2] H2 database should be used for evaluation purpose only.
2020.06.26 06:36:36 INFO  ce[][o.s.s.p.ServerFileSystemImpl] SonarQube home: /opt/sonarqube
2020.06.26 06:36:37 INFO  ce[][o.s.c.c.CePluginRepository] Load plugins
2020.06.26 06:36:37 INFO  ce[][o.s.c.c.ComputeEngineContainerImpl] Running Community edition
2020.06.26 06:36:37 INFO  ce[][o.s.ce.app.CeServer] Compute Engine is operational
2020.06.26 06:44:14 INFO  ce[][o.s.p.ProcessEntryPoint] Gracefully stopping process
2020.06.26 06:44:14 INFO  ce[][o.s.ce.app.CeServer] Compute Engine is stopping...
2020.06.26 06:44:14 INFO  ce[][o.s.c.t.CeProcessingSchedulerImpl] Gracefully stopping workers...
2020.06.26 06:44:15 INFO  ce[][o.s.ce.app.CeServer] Compute Engine is stopped
2020.06.26 06:45:26 INFO  ce[][o.s.p.ProcessEntryPoint] Starting ce
2020.06.26 06:45:26 INFO  ce[][o.s.ce.app.CeServer] Compute Engine starting up...
2020.06.26 06:45:27 INFO  ce[][o.e.p.PluginsService] no modules loaded
2020.06.26 06:45:27 INFO  ce[][o.e.p.PluginsService] loaded plugin [org.elasticsearch.join.ParentJoinPlugin]
2020.06.26 06:45:27 INFO  ce[][o.e.p.PluginsService] loaded plugin [org.elasticsearch.percolator.PercolatorPlugin]
2020.06.26 06:45:27 INFO  ce[][o.e.p.PluginsService] loaded plugin [org.elasticsearch.transport.Netty4Plugin]
2020.06.26 06:45:28 INFO  ce[][o.s.s.e.EsClientProvider] Connected to local Elasticsearch: [127.0.0.1:9001]
2020.06.26 06:45:28 INFO  ce[][o.sonar.db.Database] Create JDBC data source for jdbc:h2:tcp://127.0.0.1:9092/sonar
2020.06.26 06:45:28 WARN  ce[][o.s.db.dialect.H2] H2 database should be used for evaluation purpose only.
2020.06.26 06:45:28 INFO  ce[][o.s.s.p.ServerFileSystemImpl] SonarQube home: /opt/sonarqube
2020.06.26 06:45:29 INFO  ce[][o.s.c.c.CePluginRepository] Load plugins
2020.06.26 06:45:29 INFO  ce[][o.s.c.c.ComputeEngineContainerImpl] Running Community edition
2020.06.26 06:45:29 INFO  ce[][o.s.ce.app.CeServer] Compute Engine is operational
2020.06.26 06:47:49 INFO  ce[][o.s.p.ProcessEntryPoint] Gracefully stopping process
2020.06.26 06:47:49 INFO  ce[][o.s.ce.app.CeServer] Compute Engine is stopping...
2020.06.26 06:47:49 INFO  ce[][o.s.c.t.CeProcessingSchedulerImpl] Gracefully stopping workers...
2020.06.26 06:47:49 INFO  ce[][o.s.ce.app.CeServer] Compute Engine is stopped
2020.06.26 06:48:56 INFO  ce[][o.s.p.ProcessEntryPoint] Starting ce
2020.06.26 06:48:56 INFO  ce[][o.s.ce.app.CeServer] Compute Engine starting up...
2020.06.26 06:48:57 INFO  ce[][o.e.p.PluginsService] no modules loaded
2020.06.26 06:48:57 INFO  ce[][o.e.p.PluginsService] loaded plugin [org.elasticsearch.join.ParentJoinPlugin]
2020.06.26 06:48:57 INFO  ce[][o.e.p.PluginsService] loaded plugin [org.elasticsearch.percolator.PercolatorPlugin]
2020.06.26 06:48:57 INFO  ce[][o.e.p.PluginsService] loaded plugin [org.elasticsearch.transport.Netty4Plugin]
2020.06.26 06:48:58 INFO  ce[][o.s.s.e.EsClientProvider] Connected to local Elasticsearch: [127.0.0.1:9001]
2020.06.26 06:48:58 INFO  ce[][o.sonar.db.Database] Create JDBC data source for jdbc:h2:tcp://127.0.0.1:9092/sonar
2020.06.26 06:48:58 WARN  ce[][o.s.db.dialect.H2] H2 database should be used for evaluation purpose only.
2020.06.26 06:48:59 INFO  ce[][o.s.s.p.ServerFileSystemImpl] SonarQube home: /opt/sonarqube
2020.06.26 06:48:59 INFO  ce[][o.s.c.c.CePluginRepository] Load plugins
2020.06.26 06:48:59 INFO  ce[][o.s.c.c.ComputeEngineContainerImpl] Running Community edition
2020.06.26 06:48:59 INFO  ce[][o.s.ce.app.CeServer] Compute Engine is operational
2020.06.26 06:50:36 INFO  ce[][o.s.p.ProcessEntryPoint] Gracefully stopping process
2020.06.26 06:50:36 INFO  ce[][o.s.ce.app.CeServer] Compute Engine is stopping...
2020.06.26 06:50:36 INFO  ce[][o.s.c.t.CeProcessingSchedulerImpl] Gracefully stopping workers...
2020.06.26 06:50:36 INFO  ce[][o.s.ce.app.CeServer] Compute Engine is stopped
2020.06.26 06:51:31 INFO  ce[][o.s.p.ProcessEntryPoint] Starting ce
2020.06.26 06:51:31 INFO  ce[][o.s.ce.app.CeServer] Compute Engine starting up...
2020.06.26 06:51:32 INFO  ce[][o.e.p.PluginsService] no modules loaded
2020.06.26 06:51:32 INFO  ce[][o.e.p.PluginsService] loaded plugin [org.elasticsearch.join.ParentJoinPlugin]
2020.06.26 06:51:32 INFO  ce[][o.e.p.PluginsService] loaded plugin [org.elasticsearch.percolator.PercolatorPlugin]
2020.06.26 06:51:32 INFO  ce[][o.e.p.PluginsService] loaded plugin [org.elasticsearch.transport.Netty4Plugin]
2020.06.26 06:51:33 INFO  ce[][o.s.s.e.EsClientProvider] Connected to local Elasticsearch: [127.0.0.1:9001]
2020.06.26 06:51:33 INFO  ce[][o.sonar.db.Database] Create JDBC data source for jdbc:h2:tcp://127.0.0.1:9092/sonar
2020.06.26 06:51:33 WARN  ce[][o.s.db.dialect.H2] H2 database should be used for evaluation purpose only.
2020.06.26 06:51:34 INFO  ce[][o.s.s.p.ServerFileSystemImpl] SonarQube home: /opt/sonarqube
2020.06.26 06:51:34 INFO  ce[][o.s.c.c.CePluginRepository] Load plugins
2020.06.26 06:51:34 INFO  ce[][o.s.c.c.ComputeEngineContainerImpl] Running Community edition
2020.06.26 06:51:34 INFO  ce[][o.s.ce.app.CeServer] Compute Engine is operational
2020.06.26 06:55:14 INFO  ce[][o.s.p.ProcessEntryPoint] Gracefully stopping process
2020.06.26 06:55:14 INFO  ce[][o.s.ce.app.CeServer] Compute Engine is stopping...
2020.06.26 06:55:14 INFO  ce[][o.s.c.t.CeProcessingSchedulerImpl] Gracefully stopping workers...
2020.06.26 06:55:14 INFO  ce[][o.s.ce.app.CeServer] Compute Engine is stopped
2020.06.26 06:56:15 INFO  ce[][o.s.p.ProcessEntryPoint] Starting ce
2020.06.26 06:56:15 INFO  ce[][o.s.ce.app.CeServer] Compute Engine starting up...
2020.06.26 06:56:16 INFO  ce[][o.e.p.PluginsService] no modules loaded
2020.06.26 06:56:16 INFO  ce[][o.e.p.PluginsService] loaded plugin [org.elasticsearch.join.ParentJoinPlugin]
2020.06.26 06:56:16 INFO  ce[][o.e.p.PluginsService] loaded plugin [org.elasticsearch.percolator.PercolatorPlugin]
2020.06.26 06:56:16 INFO  ce[][o.e.p.PluginsService] loaded plugin [org.elasticsearch.transport.Netty4Plugin]
2020.06.26 06:56:17 INFO  ce[][o.s.s.e.EsClientProvider] Connected to local Elasticsearch: [127.0.0.1:9001]
2020.06.26 06:56:17 INFO  ce[][o.sonar.db.Database] Create JDBC data source for jdbc:h2:tcp://127.0.0.1:9092/sonar
2020.06.26 06:56:17 WARN  ce[][o.s.db.dialect.H2] H2 database should be used for evaluation purpose only.
2020.06.26 06:56:17 INFO  ce[][o.s.s.p.ServerFileSystemImpl] SonarQube home: /opt/sonarqube
2020.06.26 06:56:18 INFO  ce[][o.s.c.c.CePluginRepository] Load plugins
2020.06.26 06:56:18 INFO  ce[][o.s.c.c.ComputeEngineContainerImpl] Running Community edition
2020.06.26 06:56:18 INFO  ce[][o.s.ce.app.CeServer] Compute Engine is operational
2020.06.26 07:02:45 INFO  ce[][o.s.p.ProcessEntryPoint] Gracefully stopping process
2020.06.26 07:02:45 INFO  ce[][o.s.ce.app.CeServer] Compute Engine is stopping...
2020.06.26 07:02:45 INFO  ce[][o.s.c.t.CeProcessingSchedulerImpl] Gracefully stopping workers...
2020.06.26 07:02:45 INFO  ce[][o.s.ce.app.CeServer] Compute Engine is stopped
2020.06.26 07:03:27 INFO  ce[][o.s.p.ProcessEntryPoint] Starting ce
2020.06.26 07:03:27 INFO  ce[][o.s.ce.app.CeServer] Compute Engine starting up...
2020.06.26 07:03:28 INFO  ce[][o.e.p.PluginsService] no modules loaded
2020.06.26 07:03:28 INFO  ce[][o.e.p.PluginsService] loaded plugin [org.elasticsearch.join.ParentJoinPlugin]
2020.06.26 07:03:28 INFO  ce[][o.e.p.PluginsService] loaded plugin [org.elasticsearch.percolator.PercolatorPlugin]
2020.06.26 07:03:28 INFO  ce[][o.e.p.PluginsService] loaded plugin [org.elasticsearch.transport.Netty4Plugin]
2020.06.26 07:03:29 INFO  ce[][o.s.s.e.EsClientProvider] Connected to local Elasticsearch: [127.0.0.1:9001]
2020.06.26 07:03:29 INFO  ce[][o.sonar.db.Database] Create JDBC data source for jdbc:h2:tcp://127.0.0.1:9092/sonar
2020.06.26 07:03:29 WARN  ce[][o.s.db.dialect.H2] H2 database should be used for evaluation purpose only.
2020.06.26 07:03:30 INFO  ce[][o.s.s.p.ServerFileSystemImpl] SonarQube home: /opt/sonarqube
2020.06.26 07:03:30 INFO  ce[][o.s.c.c.CePluginRepository] Load plugins
2020.06.26 07:03:30 INFO  ce[][o.s.c.c.ComputeEngineContainerImpl] Running Community edition
2020.06.26 07:03:30 INFO  ce[][o.s.ce.app.CeServer] Compute Engine is operational
2020.06.26 07:04:06 INFO  ce[][o.s.p.ProcessEntryPoint] Gracefully stopping process
2020.06.26 07:04:06 INFO  ce[][o.s.ce.app.CeServer] Compute Engine is stopping...
2020.06.26 07:04:06 INFO  ce[][o.s.c.t.CeProcessingSchedulerImpl] Gracefully stopping workers...
2020.06.26 07:04:07 INFO  ce[][o.s.ce.app.CeServer] Compute Engine is stopped
2020.06.26 07:04:51 INFO  ce[][o.s.p.ProcessEntryPoint] Starting ce
2020.06.26 07:04:51 INFO  ce[][o.s.ce.app.CeServer] Compute Engine starting up...
2020.06.26 07:04:51 INFO  ce[][o.e.p.PluginsService] no modules loaded
2020.06.26 07:04:51 INFO  ce[][o.e.p.PluginsService] loaded plugin [org.elasticsearch.join.ParentJoinPlugin]
2020.06.26 07:04:51 INFO  ce[][o.e.p.PluginsService] loaded plugin [org.elasticsearch.percolator.PercolatorPlugin]
2020.06.26 07:04:51 INFO  ce[][o.e.p.PluginsService] loaded plugin [org.elasticsearch.transport.Netty4Plugin]
2020.06.26 07:04:52 INFO  ce[][o.s.s.e.EsClientProvider] Connected to local Elasticsearch: [127.0.0.1:9001]
2020.06.26 07:04:52 INFO  ce[][o.sonar.db.Database] Create JDBC data source for jdbc:h2:tcp://127.0.0.1:9092/sonar
2020.06.26 07:04:52 WARN  ce[][o.s.db.dialect.H2] H2 database should be used for evaluation purpose only.
2020.06.26 07:04:53 INFO  ce[][o.s.s.p.ServerFileSystemImpl] SonarQube home: /opt/sonarqube
2020.06.26 07:04:53 INFO  ce[][o.s.c.c.CePluginRepository] Load plugins
2020.06.26 07:04:53 INFO  ce[][o.s.c.c.ComputeEngineContainerImpl] Running Community edition
2020.06.26 07:04:54 INFO  ce[][o.s.ce.app.CeServer] Compute Engine is operational
2020.06.26 07:05:01 INFO  ce[][o.s.p.ProcessEntryPoint] Gracefully stopping process
2020.06.26 07:05:01 INFO  ce[][o.s.ce.app.CeServer] Compute Engine is stopping...
2020.06.26 07:05:01 INFO  ce[][o.s.c.t.CeProcessingSchedulerImpl] Gracefully stopping workers...
2020.06.26 07:05:02 INFO  ce[][o.s.ce.app.CeServer] Compute Engine is stopped
2020.06.26 07:05:43 INFO  ce[][o.s.p.ProcessEntryPoint] Starting ce
2020.06.26 07:05:43 INFO  ce[][o.s.ce.app.CeServer] Compute Engine starting up...
2020.06.26 07:05:44 INFO  ce[][o.e.p.PluginsService] no modules loaded
2020.06.26 07:05:44 INFO  ce[][o.e.p.PluginsService] loaded plugin [org.elasticsearch.join.ParentJoinPlugin]
2020.06.26 07:05:44 INFO  ce[][o.e.p.PluginsService] loaded plugin [org.elasticsearch.percolator.PercolatorPlugin]
2020.06.26 07:05:44 INFO  ce[][o.e.p.PluginsService] loaded plugin [org.elasticsearch.transport.Netty4Plugin]
2020.06.26 07:05:45 INFO  ce[][o.s.s.e.EsClientProvider] Connected to local Elasticsearch: [127.0.0.1:9001]
2020.06.26 07:05:45 INFO  ce[][o.sonar.db.Database] Create JDBC data source for jdbc:h2:tcp://127.0.0.1:9092/sonar
2020.06.26 07:05:45 WARN  ce[][o.s.db.dialect.H2] H2 database should be used for evaluation purpose only.
2020.06.26 07:05:45 INFO  ce[][o.s.s.p.ServerFileSystemImpl] SonarQube home: /opt/sonarqube
2020.06.26 07:05:45 INFO  ce[][o.s.c.c.CePluginRepository] Load plugins
2020.06.26 07:05:46 INFO  ce[][o.s.c.c.ComputeEngineContainerImpl] Running Community edition
2020.06.26 07:05:46 INFO  ce[][o.s.ce.app.CeServer] Compute Engine is operational
2020.06.26 07:05:53 INFO  ce[][o.s.p.ProcessEntryPoint] Gracefully stopping process
2020.06.26 07:05:53 INFO  ce[][o.s.ce.app.CeServer] Compute Engine is stopping...
2020.06.26 07:05:53 INFO  ce[][o.s.c.t.CeProcessingSchedulerImpl] Gracefully stopping workers...
2020.06.26 07:05:54 INFO  ce[][o.s.ce.app.CeServer] Compute Engine is stopped
2020.06.26 07:06:36 INFO  ce[][o.s.p.ProcessEntryPoint] Starting ce
2020.06.26 07:06:36 INFO  ce[][o.s.ce.app.CeServer] Compute Engine starting up...
2020.06.26 07:06:37 INFO  ce[][o.e.p.PluginsService] no modules loaded
2020.06.26 07:06:37 INFO  ce[][o.e.p.PluginsService] loaded plugin [org.elasticsearch.join.ParentJoinPlugin]
2020.06.26 07:06:37 INFO  ce[][o.e.p.PluginsService] loaded plugin [org.elasticsearch.percolator.PercolatorPlugin]
2020.06.26 07:06:37 INFO  ce[][o.e.p.PluginsService] loaded plugin [org.elasticsearch.transport.Netty4Plugin]
2020.06.26 07:06:38 INFO  ce[][o.s.s.e.EsClientProvider] Connected to local Elasticsearch: [127.0.0.1:9001]
2020.06.26 07:06:38 INFO  ce[][o.sonar.db.Database] Create JDBC data source for jdbc:h2:tcp://127.0.0.1:9092/sonar
2020.06.26 07:06:38 WARN  ce[][o.s.db.dialect.H2] H2 database should be used for evaluation purpose only.
2020.06.26 07:06:39 INFO  ce[][o.s.s.p.ServerFileSystemImpl] SonarQube home: /opt/sonarqube
2020.06.26 07:06:39 INFO  ce[][o.s.c.c.CePluginRepository] Load plugins
2020.06.26 07:06:39 INFO  ce[][o.s.c.c.ComputeEngineContainerImpl] Running Community edition
2020.06.26 07:06:39 INFO  ce[][o.s.ce.app.CeServer] Compute Engine is operational
2020.06.26 07:07:25 INFO  ce[][o.s.p.ProcessEntryPoint] Gracefully stopping process
2020.06.26 07:07:25 INFO  ce[][o.s.ce.app.CeServer] Compute Engine is stopping...
2020.06.26 07:07:25 INFO  ce[][o.s.c.t.CeProcessingSchedulerImpl] Gracefully stopping workers...
2020.06.26 07:07:26 INFO  ce[][o.s.ce.app.CeServer] Compute Engine is stopped
2020.06.26 07:08:08 INFO  ce[][o.s.p.ProcessEntryPoint] Starting ce
2020.06.26 07:08:08 INFO  ce[][o.s.ce.app.CeServer] Compute Engine starting up...
2020.06.26 07:08:08 INFO  ce[][o.e.p.PluginsService] no modules loaded
2020.06.26 07:08:08 INFO  ce[][o.e.p.PluginsService] loaded plugin [org.elasticsearch.join.ParentJoinPlugin]
2020.06.26 07:08:08 INFO  ce[][o.e.p.PluginsService] loaded plugin [org.elasticsearch.percolator.PercolatorPlugin]
2020.06.26 07:08:08 INFO  ce[][o.e.p.PluginsService] loaded plugin [org.elasticsearch.transport.Netty4Plugin]
2020.06.26 07:08:09 INFO  ce[][o.s.s.e.EsClientProvider] Connected to local Elasticsearch: [127.0.0.1:9001]
2020.06.26 07:08:09 INFO  ce[][o.sonar.db.Database] Create JDBC data source for jdbc:h2:tcp://127.0.0.1:9092/sonar
2020.06.26 07:08:09 WARN  ce[][o.s.db.dialect.H2] H2 database should be used for evaluation purpose only.
2020.06.26 07:08:10 INFO  ce[][o.s.s.p.ServerFileSystemImpl] SonarQube home: /opt/sonarqube
2020.06.26 07:08:10 INFO  ce[][o.s.c.c.CePluginRepository] Load plugins
2020.06.26 07:08:11 INFO  ce[][o.s.c.c.ComputeEngineContainerImpl] Running Community edition
2020.06.26 07:08:11 INFO  ce[][o.s.ce.app.CeServer] Compute Engine is operational
2020.06.26 07:09:30 INFO  ce[][o.s.p.ProcessEntryPoint] Gracefully stopping process
2020.06.26 07:09:30 INFO  ce[][o.s.ce.app.CeServer] Compute Engine is stopping...
2020.06.26 07:09:30 INFO  ce[][o.s.c.t.CeProcessingSchedulerImpl] Gracefully stopping workers...
2020.06.26 07:09:30 INFO  ce[][o.s.ce.app.CeServer] Compute Engine is stopped
2020.06.26 07:10:12 INFO  ce[][o.s.p.ProcessEntryPoint] Starting ce
2020.06.26 07:10:12 INFO  ce[][o.s.ce.app.CeServer] Compute Engine starting up...
2020.06.26 07:10:13 INFO  ce[][o.e.p.PluginsService] no modules loaded
2020.06.26 07:10:13 INFO  ce[][o.e.p.PluginsService] loaded plugin [org.elasticsearch.join.ParentJoinPlugin]
2020.06.26 07:10:13 INFO  ce[][o.e.p.PluginsService] loaded plugin [org.elasticsearch.percolator.PercolatorPlugin]
2020.06.26 07:10:13 INFO  ce[][o.e.p.PluginsService] loaded plugin [org.elasticsearch.transport.Netty4Plugin]
2020.06.26 07:10:14 INFO  ce[][o.s.s.e.EsClientProvider] Connected to local Elasticsearch: [127.0.0.1:9001]
2020.06.26 07:10:14 INFO  ce[][o.sonar.db.Database] Create JDBC data source for jdbc:h2:tcp://127.0.0.1:9092/sonar
2020.06.26 07:10:14 WARN  ce[][o.s.db.dialect.H2] H2 database should be used for evaluation purpose only.
2020.06.26 07:10:14 INFO  ce[][o.s.s.p.ServerFileSystemImpl] SonarQube home: /opt/sonarqube
2020.06.26 07:10:14 INFO  ce[][o.s.c.c.CePluginRepository] Load plugins
2020.06.26 07:10:15 INFO  ce[][o.s.c.c.ComputeEngineContainerImpl] Running Community edition
2020.06.26 07:10:15 INFO  ce[][o.s.ce.app.CeServer] Compute Engine is operational
2020.06.26 07:11:23 INFO  ce[][o.s.p.ProcessEntryPoint] Gracefully stopping process
2020.06.26 07:11:23 INFO  ce[][o.s.ce.app.CeServer] Compute Engine is stopping...
2020.06.26 07:11:23 INFO  ce[][o.s.c.t.CeProcessingSchedulerImpl] Gracefully stopping workers...
2020.06.26 07:11:23 INFO  ce[][o.s.ce.app.CeServer] Compute Engine is stopped
2020.06.26 07:12:05 INFO  ce[][o.s.p.ProcessEntryPoint] Starting ce
2020.06.26 07:12:05 INFO  ce[][o.s.ce.app.CeServer] Compute Engine starting up...
2020.06.26 07:12:06 INFO  ce[][o.e.p.PluginsService] no modules loaded
2020.06.26 07:12:06 INFO  ce[][o.e.p.PluginsService] loaded plugin [org.elasticsearch.join.ParentJoinPlugin]
2020.06.26 07:12:06 INFO  ce[][o.e.p.PluginsService] loaded plugin [org.elasticsearch.percolator.PercolatorPlugin]
2020.06.26 07:12:06 INFO  ce[][o.e.p.PluginsService] loaded plugin [org.elasticsearch.transport.Netty4Plugin]
2020.06.26 07:12:07 INFO  ce[][o.s.s.e.EsClientProvider] Connected to local Elasticsearch: [127.0.0.1:9001]
2020.06.26 07:12:07 INFO  ce[][o.sonar.db.Database] Create JDBC data source for jdbc:h2:tcp://127.0.0.1:9092/sonar
2020.06.26 07:12:07 WARN  ce[][o.s.db.dialect.H2] H2 database should be used for evaluation purpose only.
2020.06.26 07:12:08 INFO  ce[][o.s.s.p.ServerFileSystemImpl] SonarQube home: /opt/sonarqube
2020.06.26 07:12:08 INFO  ce[][o.s.c.c.CePluginRepository] Load plugins
2020.06.26 07:12:08 INFO  ce[][o.s.c.c.ComputeEngineContainerImpl] Running Community edition
2020.06.26 07:12:08 INFO  ce[][o.s.ce.app.CeServer] Compute Engine is operational
2020.06.26 07:15:31 INFO  ce[][o.s.p.ProcessEntryPoint] Gracefully stopping process
2020.06.26 07:15:31 INFO  ce[][o.s.ce.app.CeServer] Compute Engine is stopping...
2020.06.26 07:15:31 INFO  ce[][o.s.c.t.CeProcessingSchedulerImpl] Gracefully stopping workers...
2020.06.26 07:15:31 INFO  ce[][o.s.ce.app.CeServer] Compute Engine is stopped
2020.06.26 07:16:13 INFO  ce[][o.s.p.ProcessEntryPoint] Starting ce
2020.06.26 07:16:13 INFO  ce[][o.s.ce.app.CeServer] Compute Engine starting up...
2020.06.26 07:16:13 INFO  ce[][o.e.p.PluginsService] no modules loaded
2020.06.26 07:16:13 INFO  ce[][o.e.p.PluginsService] loaded plugin [org.elasticsearch.join.ParentJoinPlugin]
2020.06.26 07:16:13 INFO  ce[][o.e.p.PluginsService] loaded plugin [org.elasticsearch.percolator.PercolatorPlugin]
2020.06.26 07:16:13 INFO  ce[][o.e.p.PluginsService] loaded plugin [org.elasticsearch.transport.Netty4Plugin]
2020.06.26 07:16:14 INFO  ce[][o.s.s.e.EsClientProvider] Connected to local Elasticsearch: [127.0.0.1:9001]
2020.06.26 07:16:14 INFO  ce[][o.sonar.db.Database] Create JDBC data source for jdbc:h2:tcp://127.0.0.1:9092/sonar
2020.06.26 07:16:14 WARN  ce[][o.s.db.dialect.H2] H2 database should be used for evaluation purpose only.
2020.06.26 07:16:15 INFO  ce[][o.s.s.p.ServerFileSystemImpl] SonarQube home: /opt/sonarqube
2020.06.26 07:16:15 INFO  ce[][o.s.c.c.CePluginRepository] Load plugins
2020.06.26 07:16:16 INFO  ce[][o.s.c.c.ComputeEngineContainerImpl] Running Community edition
2020.06.26 07:16:16 INFO  ce[][o.s.ce.app.CeServer] Compute Engine is operational
2020.06.26 07:17:48 INFO  ce[][o.s.p.ProcessEntryPoint] Gracefully stopping process
2020.06.26 07:17:48 INFO  ce[][o.s.ce.app.CeServer] Compute Engine is stopping...
2020.06.26 07:17:48 INFO  ce[][o.s.c.t.CeProcessingSchedulerImpl] Gracefully stopping workers...
2020.06.26 07:17:49 INFO  ce[][o.s.ce.app.CeServer] Compute Engine is stopped
2020.06.26 07:18:29 INFO  ce[][o.s.p.ProcessEntryPoint] Starting ce
2020.06.26 07:18:29 INFO  ce[][o.s.ce.app.CeServer] Compute Engine starting up...
2020.06.26 07:18:30 INFO  ce[][o.e.p.PluginsService] no modules loaded
2020.06.26 07:18:30 INFO  ce[][o.e.p.PluginsService] loaded plugin [org.elasticsearch.join.ParentJoinPlugin]
2020.06.26 07:18:30 INFO  ce[][o.e.p.PluginsService] loaded plugin [org.elasticsearch.percolator.PercolatorPlugin]
2020.06.26 07:18:30 INFO  ce[][o.e.p.PluginsService] loaded plugin [org.elasticsearch.transport.Netty4Plugin]
2020.06.26 07:18:31 INFO  ce[][o.s.s.e.EsClientProvider] Connected to local Elasticsearch: [127.0.0.1:9001]
2020.06.26 07:18:31 INFO  ce[][o.sonar.db.Database] Create JDBC data source for jdbc:h2:tcp://127.0.0.1:9092/sonar
2020.06.26 07:18:31 WARN  ce[][o.s.db.dialect.H2] H2 database should be used for evaluation purpose only.
2020.06.26 07:18:32 INFO  ce[][o.s.s.p.ServerFileSystemImpl] SonarQube home: /opt/sonarqube
2020.06.26 07:18:32 INFO  ce[][o.s.c.c.CePluginRepository] Load plugins
2020.06.26 07:18:32 INFO  ce[][o.s.c.c.ComputeEngineContainerImpl] Running Community edition
2020.06.26 07:18:32 INFO  ce[][o.s.ce.app.CeServer] Compute Engine is operational
2020.06.26 07:19:46 INFO  ce[][o.s.p.ProcessEntryPoint] Gracefully stopping process
2020.06.26 07:19:46 INFO  ce[][o.s.ce.app.CeServer] Compute Engine is stopping...
2020.06.26 07:19:46 INFO  ce[][o.s.c.t.CeProcessingSchedulerImpl] Gracefully stopping workers...
2020.06.26 07:19:46 INFO  ce[][o.s.ce.app.CeServer] Compute Engine is stopped
2020.06.26 07:20:27 INFO  ce[][o.s.p.ProcessEntryPoint] Starting ce
2020.06.26 07:20:27 INFO  ce[][o.s.ce.app.CeServer] Compute Engine starting up...
2020.06.26 07:20:28 INFO  ce[][o.e.p.PluginsService] no modules loaded
2020.06.26 07:20:28 INFO  ce[][o.e.p.PluginsService] loaded plugin [org.elasticsearch.join.ParentJoinPlugin]
2020.06.26 07:20:28 INFO  ce[][o.e.p.PluginsService] loaded plugin [org.elasticsearch.percolator.PercolatorPlugin]
2020.06.26 07:20:28 INFO  ce[][o.e.p.PluginsService] loaded plugin [org.elasticsearch.transport.Netty4Plugin]
2020.06.26 07:20:29 INFO  ce[][o.s.s.e.EsClientProvider] Connected to local Elasticsearch: [127.0.0.1:9001]
2020.06.26 07:20:29 INFO  ce[][o.sonar.db.Database] Create JDBC data source for jdbc:h2:tcp://127.0.0.1:9092/sonar
2020.06.26 07:20:29 WARN  ce[][o.s.db.dialect.H2] H2 database should be used for evaluation purpose only.
2020.06.26 07:20:30 INFO  ce[][o.s.s.p.ServerFileSystemImpl] SonarQube home: /opt/sonarqube
2020.06.26 07:20:30 INFO  ce[][o.s.c.c.CePluginRepository] Load plugins
2020.06.26 07:20:30 INFO  ce[][o.s.c.c.ComputeEngineContainerImpl] Running Community edition
2020.06.26 07:20:30 INFO  ce[][o.s.ce.app.CeServer] Compute Engine is operational
2020.06.26 07:21:22 INFO  ce[][o.s.p.ProcessEntryPoint] Gracefully stopping process
2020.06.26 07:21:22 INFO  ce[][o.s.ce.app.CeServer] Compute Engine is stopping...
2020.06.26 07:21:22 INFO  ce[][o.s.c.t.CeProcessingSchedulerImpl] Gracefully stopping workers...
2020.06.26 07:21:23 INFO  ce[][o.s.ce.app.CeServer] Compute Engine is stopped
2020.06.26 07:22:05 INFO  ce[][o.s.p.ProcessEntryPoint] Starting ce
2020.06.26 07:22:05 INFO  ce[][o.s.ce.app.CeServer] Compute Engine starting up...
2020.06.26 07:22:06 INFO  ce[][o.e.p.PluginsService] no modules loaded
2020.06.26 07:22:06 INFO  ce[][o.e.p.PluginsService] loaded plugin [org.elasticsearch.join.ParentJoinPlugin]
2020.06.26 07:22:06 INFO  ce[][o.e.p.PluginsService] loaded plugin [org.elasticsearch.percolator.PercolatorPlugin]
2020.06.26 07:22:06 INFO  ce[][o.e.p.PluginsService] loaded plugin [org.elasticsearch.transport.Netty4Plugin]
2020.06.26 07:22:06 INFO  ce[][o.s.s.e.EsClientProvider] Connected to local Elasticsearch: [127.0.0.1:9001]
2020.06.26 07:22:06 INFO  ce[][o.sonar.db.Database] Create JDBC data source for jdbc:h2:tcp://127.0.0.1:9092/sonar
2020.06.26 07:22:07 WARN  ce[][o.s.db.dialect.H2] H2 database should be used for evaluation purpose only.
2020.06.26 07:22:07 INFO  ce[][o.s.s.p.ServerFileSystemImpl] SonarQube home: /opt/sonarqube
2020.06.26 07:22:07 INFO  ce[][o.s.c.c.CePluginRepository] Load plugins
2020.06.26 07:22:08 INFO  ce[][o.s.c.c.ComputeEngineContainerImpl] Running Community edition
2020.06.26 07:22:08 INFO  ce[][o.s.ce.app.CeServer] Compute Engine is operational
2020.06.26 07:22:22 INFO  ce[][o.s.p.ProcessEntryPoint] Gracefully stopping process
2020.06.26 07:22:22 INFO  ce[][o.s.ce.app.CeServer] Compute Engine is stopping...
2020.06.26 07:22:22 INFO  ce[][o.s.c.t.CeProcessingSchedulerImpl] Gracefully stopping workers...
2020.06.26 07:22:23 INFO  ce[][o.s.ce.app.CeServer] Compute Engine is stopped
2020.06.26 07:23:04 INFO  ce[][o.s.p.ProcessEntryPoint] Starting ce
2020.06.26 07:23:04 INFO  ce[][o.s.ce.app.CeServer] Compute Engine starting up...
2020.06.26 07:23:05 INFO  ce[][o.e.p.PluginsService] no modules loaded
2020.06.26 07:23:05 INFO  ce[][o.e.p.PluginsService] loaded plugin [org.elasticsearch.join.ParentJoinPlugin]
2020.06.26 07:23:05 INFO  ce[][o.e.p.PluginsService] loaded plugin [org.elasticsearch.percolator.PercolatorPlugin]
2020.06.26 07:23:05 INFO  ce[][o.e.p.PluginsService] loaded plugin [org.elasticsearch.transport.Netty4Plugin]
2020.06.26 07:23:06 INFO  ce[][o.s.s.e.EsClientProvider] Connected to local Elasticsearch: [127.0.0.1:9001]
2020.06.26 07:23:06 INFO  ce[][o.sonar.db.Database] Create JDBC data source for jdbc:h2:tcp://127.0.0.1:9092/sonar
2020.06.26 07:23:06 WARN  ce[][o.s.db.dialect.H2] H2 database should be used for evaluation purpose only.
2020.06.26 07:23:06 INFO  ce[][o.s.s.p.ServerFileSystemImpl] SonarQube home: /opt/sonarqube
2020.06.26 07:23:06 INFO  ce[][o.s.c.c.CePluginRepository] Load plugins
2020.06.26 07:23:07 INFO  ce[][o.s.c.c.ComputeEngineContainerImpl] Running Community edition
2020.06.26 07:23:07 INFO  ce[][o.s.ce.app.CeServer] Compute Engine is operational
2020.06.26 07:24:33 INFO  ce[][o.s.p.ProcessEntryPoint] Gracefully stopping process
2020.06.26 07:24:33 INFO  ce[][o.s.ce.app.CeServer] Compute Engine is stopping...
2020.06.26 07:24:33 INFO  ce[][o.s.c.t.CeProcessingSchedulerImpl] Gracefully stopping workers...
2020.06.26 07:24:34 INFO  ce[][o.s.ce.app.CeServer] Compute Engine is stopped
2020.06.26 07:25:16 INFO  ce[][o.s.p.ProcessEntryPoint] Starting ce
2020.06.26 07:25:16 INFO  ce[][o.s.ce.app.CeServer] Compute Engine starting up...
2020.06.26 07:25:17 INFO  ce[][o.e.p.PluginsService] no modules loaded
2020.06.26 07:25:17 INFO  ce[][o.e.p.PluginsService] loaded plugin [org.elasticsearch.join.ParentJoinPlugin]
2020.06.26 07:25:17 INFO  ce[][o.e.p.PluginsService] loaded plugin [org.elasticsearch.percolator.PercolatorPlugin]
2020.06.26 07:25:17 INFO  ce[][o.e.p.PluginsService] loaded plugin [org.elasticsearch.transport.Netty4Plugin]
2020.06.26 07:25:18 INFO  ce[][o.s.s.e.EsClientProvider] Connected to local Elasticsearch: [127.0.0.1:9001]
2020.06.26 07:25:18 INFO  ce[][o.sonar.db.Database] Create JDBC data source for jdbc:h2:tcp://127.0.0.1:9092/sonar
2020.06.26 07:25:18 WARN  ce[][o.s.db.dialect.H2] H2 database should be used for evaluation purpose only.
2020.06.26 07:25:18 INFO  ce[][o.s.p.ProcessEntryPoint] Gracefully stopping process
2020.06.26 07:25:19 INFO  ce[][o.s.s.p.ServerFileSystemImpl] SonarQube home: /opt/sonarqube
2020.06.26 07:25:20 INFO  ce[][o.s.c.c.CePluginRepository] Load plugins
2020.06.26 07:25:20 INFO  ce[][o.s.c.c.ComputeEngineContainerImpl] Running Community edition
2020.06.26 07:25:21 INFO  ce[][o.s.ce.app.CeServer] Compute Engine is operational
2020.06.26 07:25:21 INFO  ce[][o.s.ce.app.CeServer] Compute Engine is stopping...
2020.06.26 07:25:21 INFO  ce[][o.s.c.t.CeProcessingSchedulerImpl] Gracefully stopping workers...
2020.06.26 07:25:21 INFO  ce[][o.s.c.t.CeProcessingSchedulerImpl] Hard stopping workers...
2020.06.26 07:25:23 INFO  ce[][o.s.ce.app.CeServer] Compute Engine is stopped
2020.06.26 07:26:03 INFO  ce[][o.s.p.ProcessEntryPoint] Starting ce
2020.06.26 07:26:03 INFO  ce[][o.s.ce.app.CeServer] Compute Engine starting up...
2020.06.26 07:26:03 INFO  ce[][o.e.p.PluginsService] no modules loaded
2020.06.26 07:26:03 INFO  ce[][o.e.p.PluginsService] loaded plugin [org.elasticsearch.join.ParentJoinPlugin]
2020.06.26 07:26:03 INFO  ce[][o.e.p.PluginsService] loaded plugin [org.elasticsearch.percolator.PercolatorPlugin]
2020.06.26 07:26:03 INFO  ce[][o.e.p.PluginsService] loaded plugin [org.elasticsearch.transport.Netty4Plugin]
2020.06.26 07:26:04 INFO  ce[][o.s.s.e.EsClientProvider] Connected to local Elasticsearch: [127.0.0.1:9001]
2020.06.26 07:26:04 INFO  ce[][o.sonar.db.Database] Create JDBC data source for jdbc:h2:tcp://127.0.0.1:9092/sonar
2020.06.26 07:26:05 WARN  ce[][o.s.db.dialect.H2] H2 database should be used for evaluation purpose only.
2020.06.26 07:26:05 INFO  ce[][o.s.s.p.ServerFileSystemImpl] SonarQube home: /opt/sonarqube
2020.06.26 07:26:05 INFO  ce[][o.s.c.c.CePluginRepository] Load plugins
2020.06.26 07:26:06 INFO  ce[][o.s.c.c.ComputeEngineContainerImpl] Running Community edition
2020.06.26 07:26:06 INFO  ce[][o.s.ce.app.CeServer] Compute Engine is operational
2020.06.26 07:26:36 INFO  ce[][o.s.p.ProcessEntryPoint] Gracefully stopping process
2020.06.26 07:26:36 INFO  ce[][o.s.ce.app.CeServer] Compute Engine is stopping...
2020.06.26 07:26:36 INFO  ce[][o.s.c.t.CeProcessingSchedulerImpl] Gracefully stopping workers...
2020.06.26 07:26:37 INFO  ce[][o.s.ce.app.CeServer] Compute Engine is stopped
2020.06.26 07:27:19 INFO  ce[][o.s.p.ProcessEntryPoint] Starting ce
2020.06.26 07:27:19 INFO  ce[][o.s.ce.app.CeServer] Compute Engine starting up...
2020.06.26 07:27:19 INFO  ce[][o.e.p.PluginsService] no modules loaded
2020.06.26 07:27:19 INFO  ce[][o.e.p.PluginsService] loaded plugin [org.elasticsearch.join.ParentJoinPlugin]
2020.06.26 07:27:19 INFO  ce[][o.e.p.PluginsService] loaded plugin [org.elasticsearch.percolator.PercolatorPlugin]
2020.06.26 07:27:19 INFO  ce[][o.e.p.PluginsService] loaded plugin [org.elasticsearch.transport.Netty4Plugin]
2020.06.26 07:27:20 INFO  ce[][o.s.s.e.EsClientProvider] Connected to local Elasticsearch: [127.0.0.1:9001]
2020.06.26 07:27:20 INFO  ce[][o.sonar.db.Database] Create JDBC data source for jdbc:h2:tcp://127.0.0.1:9092/sonar
2020.06.26 07:27:20 WARN  ce[][o.s.db.dialect.H2] H2 database should be used for evaluation purpose only.
2020.06.26 07:27:21 INFO  ce[][o.s.s.p.ServerFileSystemImpl] SonarQube home: /opt/sonarqube
2020.06.26 07:27:21 INFO  ce[][o.s.c.c.CePluginRepository] Load plugins
2020.06.26 07:27:22 INFO  ce[][o.s.c.c.ComputeEngineContainerImpl] Running Community edition
2020.06.26 07:27:22 INFO  ce[][o.s.ce.app.CeServer] Compute Engine is operational
2020.06.26 07:28:37 INFO  ce[][o.s.p.ProcessEntryPoint] Gracefully stopping process
2020.06.26 07:28:37 INFO  ce[][o.s.ce.app.CeServer] Compute Engine is stopping...
2020.06.26 07:28:37 INFO  ce[][o.s.c.t.CeProcessingSchedulerImpl] Gracefully stopping workers...
2020.06.26 07:28:37 INFO  ce[][o.s.ce.app.CeServer] Compute Engine is stopped
2020.06.26 07:29:18 INFO  ce[][o.s.p.ProcessEntryPoint] Starting ce
2020.06.26 07:29:18 INFO  ce[][o.s.ce.app.CeServer] Compute Engine starting up...
2020.06.26 07:29:19 INFO  ce[][o.e.p.PluginsService] no modules loaded
2020.06.26 07:29:19 INFO  ce[][o.e.p.PluginsService] loaded plugin [org.elasticsearch.join.ParentJoinPlugin]
2020.06.26 07:29:19 INFO  ce[][o.e.p.PluginsService] loaded plugin [org.elasticsearch.percolator.PercolatorPlugin]
2020.06.26 07:29:19 INFO  ce[][o.e.p.PluginsService] loaded plugin [org.elasticsearch.transport.Netty4Plugin]
2020.06.26 07:29:20 INFO  ce[][o.s.s.e.EsClientProvider] Connected to local Elasticsearch: [127.0.0.1:9001]
2020.06.26 07:29:20 INFO  ce[][o.sonar.db.Database] Create JDBC data source for jdbc:h2:tcp://127.0.0.1:9092/sonar
2020.06.26 07:29:20 WARN  ce[][o.s.db.dialect.H2] H2 database should be used for evaluation purpose only.
2020.06.26 07:29:20 INFO  ce[][o.s.s.p.ServerFileSystemImpl] SonarQube home: /opt/sonarqube
2020.06.26 07:29:20 INFO  ce[][o.s.c.c.CePluginRepository] Load plugins
2020.06.26 07:29:21 INFO  ce[][o.s.c.c.ComputeEngineContainerImpl] Running Community edition
2020.06.26 07:29:21 INFO  ce[][o.s.ce.app.CeServer] Compute Engine is operational
2020.06.26 07:46:40 INFO  ce[][o.s.p.ProcessEntryPoint] Gracefully stopping process
2020.06.26 07:46:40 INFO  ce[][o.s.ce.app.CeServer] Compute Engine is stopping...
2020.06.26 07:46:40 INFO  ce[][o.s.c.t.CeProcessingSchedulerImpl] Gracefully stopping workers...
2020.06.26 07:46:41 INFO  ce[][o.s.ce.app.CeServer] Compute Engine is stopped
2020.06.26 07:47:23 INFO  ce[][o.s.p.ProcessEntryPoint] Starting ce
2020.06.26 07:47:23 INFO  ce[][o.s.ce.app.CeServer] Compute Engine starting up...
2020.06.26 07:47:23 INFO  ce[][o.e.p.PluginsService] no modules loaded
2020.06.26 07:47:23 INFO  ce[][o.e.p.PluginsService] loaded plugin [org.elasticsearch.join.ParentJoinPlugin]
2020.06.26 07:47:23 INFO  ce[][o.e.p.PluginsService] loaded plugin [org.elasticsearch.percolator.PercolatorPlugin]
2020.06.26 07:47:23 INFO  ce[][o.e.p.PluginsService] loaded plugin [org.elasticsearch.transport.Netty4Plugin]
2020.06.26 07:47:24 INFO  ce[][o.s.s.e.EsClientProvider] Connected to local Elasticsearch: [127.0.0.1:9001]
2020.06.26 07:47:24 INFO  ce[][o.sonar.db.Database] Create JDBC data source for jdbc:h2:tcp://127.0.0.1:9092/sonar
2020.06.26 07:47:24 WARN  ce[][o.s.db.dialect.H2] H2 database should be used for evaluation purpose only.
2020.06.26 07:47:25 INFO  ce[][o.s.s.p.ServerFileSystemImpl] SonarQube home: /opt/sonarqube
2020.06.26 07:47:25 INFO  ce[][o.s.c.c.CePluginRepository] Load plugins
2020.06.26 07:47:26 INFO  ce[][o.s.c.c.ComputeEngineContainerImpl] Running Community edition
2020.06.26 07:47:26 INFO  ce[][o.s.ce.app.CeServer] Compute Engine is operational
2020.06.26 07:58:44 INFO  ce[][o.s.p.ProcessEntryPoint] Gracefully stopping process
2020.06.26 07:58:44 INFO  ce[][o.s.ce.app.CeServer] Compute Engine is stopping...
2020.06.26 07:58:44 INFO  ce[][o.s.c.t.CeProcessingSchedulerImpl] Gracefully stopping workers...
2020.06.26 07:58:45 INFO  ce[][o.s.ce.app.CeServer] Compute Engine is stopped
2020.06.26 07:59:26 INFO  ce[][o.s.p.ProcessEntryPoint] Starting ce
2020.06.26 07:59:26 INFO  ce[][o.s.ce.app.CeServer] Compute Engine starting up...
2020.06.26 07:59:27 INFO  ce[][o.e.p.PluginsService] no modules loaded
2020.06.26 07:59:27 INFO  ce[][o.e.p.PluginsService] loaded plugin [org.elasticsearch.join.ParentJoinPlugin]
2020.06.26 07:59:27 INFO  ce[][o.e.p.PluginsService] loaded plugin [org.elasticsearch.percolator.PercolatorPlugin]
2020.06.26 07:59:27 INFO  ce[][o.e.p.PluginsService] loaded plugin [org.elasticsearch.transport.Netty4Plugin]
2020.06.26 07:59:28 INFO  ce[][o.s.s.e.EsClientProvider] Connected to local Elasticsearch: [127.0.0.1:9001]
2020.06.26 07:59:28 INFO  ce[][o.sonar.db.Database] Create JDBC data source for jdbc:h2:tcp://127.0.0.1:9092/sonar
2020.06.26 07:59:28 WARN  ce[][o.s.db.dialect.H2] H2 database should be used for evaluation purpose only.
2020.06.26 07:59:29 INFO  ce[][o.s.s.p.ServerFileSystemImpl] SonarQube home: /opt/sonarqube
2020.06.26 07:59:29 INFO  ce[][o.s.c.c.CePluginRepository] Load plugins
2020.06.26 07:59:29 INFO  ce[][o.s.c.c.ComputeEngineContainerImpl] Running Community edition
2020.06.26 07:59:29 INFO  ce[][o.s.ce.app.CeServer] Compute Engine is operational
2020.06.26 08:01:19 INFO  ce[][o.s.p.ProcessEntryPoint] Gracefully stopping process
2020.06.26 08:01:19 INFO  ce[][o.s.ce.app.CeServer] Compute Engine is stopping...
2020.06.26 08:01:19 INFO  ce[][o.s.c.t.CeProcessingSchedulerImpl] Gracefully stopping workers...
2020.06.26 08:01:19 INFO  ce[][o.s.ce.app.CeServer] Compute Engine is stopped
2020.06.26 08:03:04 INFO  ce[][o.s.p.ProcessEntryPoint] Starting ce
2020.06.26 08:03:04 INFO  ce[][o.s.ce.app.CeServer] Compute Engine starting up...
2020.06.26 08:03:05 INFO  ce[][o.e.p.PluginsService] no modules loaded
2020.06.26 08:03:05 INFO  ce[][o.e.p.PluginsService] loaded plugin [org.elasticsearch.join.ParentJoinPlugin]
2020.06.26 08:03:05 INFO  ce[][o.e.p.PluginsService] loaded plugin [org.elasticsearch.percolator.PercolatorPlugin]
2020.06.26 08:03:05 INFO  ce[][o.e.p.PluginsService] loaded plugin [org.elasticsearch.transport.Netty4Plugin]
2020.06.26 08:03:06 INFO  ce[][o.s.s.e.EsClientProvider] Connected to local Elasticsearch: [127.0.0.1:9001]
2020.06.26 08:03:06 INFO  ce[][o.sonar.db.Database] Create JDBC data source for jdbc:h2:tcp://127.0.0.1:9092/sonar
2020.06.26 08:03:06 WARN  ce[][o.s.db.dialect.H2] H2 database should be used for evaluation purpose only.
2020.06.26 08:03:06 INFO  ce[][o.s.s.p.ServerFileSystemImpl] SonarQube home: /opt/sonarqube
2020.06.26 08:03:06 INFO  ce[][o.s.c.c.CePluginRepository] Load plugins
2020.06.26 08:03:07 INFO  ce[][o.s.c.c.ComputeEngineContainerImpl] Running Community edition
2020.06.26 08:03:07 INFO  ce[][o.s.ce.app.CeServer] Compute Engine is operational
2020.06.26 08:10:25 INFO  ce[][o.s.p.ProcessEntryPoint] Gracefully stopping process
2020.06.26 08:10:25 INFO  ce[][o.s.ce.app.CeServer] Compute Engine is stopping...
2020.06.26 08:10:25 INFO  ce[][o.s.c.t.CeProcessingSchedulerImpl] Gracefully stopping workers...
2020.06.26 08:10:25 INFO  ce[][o.s.ce.app.CeServer] Compute Engine is stopped
2020.06.26 08:12:08 INFO  ce[][o.s.p.ProcessEntryPoint] Starting ce
2020.06.26 08:12:08 INFO  ce[][o.s.ce.app.CeServer] Compute Engine starting up...
2020.06.26 08:12:08 INFO  ce[][o.e.p.PluginsService] no modules loaded
2020.06.26 08:12:08 INFO  ce[][o.e.p.PluginsService] loaded plugin [org.elasticsearch.join.ParentJoinPlugin]
2020.06.26 08:12:08 INFO  ce[][o.e.p.PluginsService] loaded plugin [org.elasticsearch.percolator.PercolatorPlugin]
2020.06.26 08:12:08 INFO  ce[][o.e.p.PluginsService] loaded plugin [org.elasticsearch.transport.Netty4Plugin]
2020.06.26 08:12:09 INFO  ce[][o.s.s.e.EsClientProvider] Connected to local Elasticsearch: [127.0.0.1:9001]
2020.06.26 08:12:09 INFO  ce[][o.sonar.db.Database] Create JDBC data source for jdbc:h2:tcp://127.0.0.1:9092/sonar
2020.06.26 08:12:10 WARN  ce[][o.s.db.dialect.H2] H2 database should be used for evaluation purpose only.
2020.06.26 08:12:10 INFO  ce[][o.s.s.p.ServerFileSystemImpl] SonarQube home: /opt/sonarqube
2020.06.26 08:12:10 INFO  ce[][o.s.c.c.CePluginRepository] Load plugins
2020.06.26 08:12:11 INFO  ce[][o.s.c.c.ComputeEngineContainerImpl] Running Community edition
2020.06.26 08:12:11 INFO  ce[][o.s.ce.app.CeServer] Compute Engine is operational
2020.06.26 08:14:34 INFO  ce[][o.s.p.ProcessEntryPoint] Gracefully stopping process
2020.06.26 08:14:34 INFO  ce[][o.s.ce.app.CeServer] Compute Engine is stopping...
2020.06.26 08:14:34 INFO  ce[][o.s.c.t.CeProcessingSchedulerImpl] Gracefully stopping workers...
2020.06.26 08:14:34 INFO  ce[][o.s.ce.app.CeServer] Compute Engine is stopped
2020.06.26 08:15:24 INFO  ce[][o.s.p.ProcessEntryPoint] Starting ce
2020.06.26 08:15:24 INFO  ce[][o.s.ce.app.CeServer] Compute Engine starting up...
2020.06.26 08:15:25 INFO  ce[][o.e.p.PluginsService] no modules loaded
2020.06.26 08:15:25 INFO  ce[][o.e.p.PluginsService] loaded plugin [org.elasticsearch.join.ParentJoinPlugin]
2020.06.26 08:15:25 INFO  ce[][o.e.p.PluginsService] loaded plugin [org.elasticsearch.percolator.PercolatorPlugin]
2020.06.26 08:15:25 INFO  ce[][o.e.p.PluginsService] loaded plugin [org.elasticsearch.transport.Netty4Plugin]
2020.06.26 08:15:26 INFO  ce[][o.s.s.e.EsClientProvider] Connected to local Elasticsearch: [127.0.0.1:9001]
2020.06.26 08:15:26 INFO  ce[][o.sonar.db.Database] Create JDBC data source for jdbc:h2:tcp://127.0.0.1:9092/sonar
2020.06.26 08:15:26 WARN  ce[][o.s.db.dialect.H2] H2 database should be used for evaluation purpose only.
2020.06.26 08:15:26 INFO  ce[][o.s.s.p.ServerFileSystemImpl] SonarQube home: /opt/sonarqube
2020.06.26 08:15:27 INFO  ce[][o.s.c.c.CePluginRepository] Load plugins
2020.06.26 08:15:27 INFO  ce[][o.s.c.c.ComputeEngineContainerImpl] Running Community edition
2020.06.26 08:15:27 INFO  ce[][o.s.ce.app.CeServer] Compute Engine is operational
2020.06.26 08:15:28 INFO  ce[][o.s.p.ProcessEntryPoint] Gracefully stopping process
2020.06.26 08:15:28 INFO  ce[][o.s.ce.app.CeServer] Compute Engine is stopping...
2020.06.26 08:15:28 INFO  ce[][o.s.c.t.CeProcessingSchedulerImpl] Gracefully stopping workers...
2020.06.26 08:15:28 INFO  ce[][o.s.c.t.CeProcessingSchedulerImpl] Hard stopping workers...
2020.06.26 08:15:30 INFO  ce[][o.s.ce.app.CeServer] Compute Engine is stopped
2020.06.26 08:16:17 INFO  ce[][o.s.p.ProcessEntryPoint] Starting ce
2020.06.26 08:16:17 INFO  ce[][o.s.ce.app.CeServer] Compute Engine starting up...
2020.06.26 08:16:18 INFO  ce[][o.e.p.PluginsService] no modules loaded
2020.06.26 08:16:18 INFO  ce[][o.e.p.PluginsService] loaded plugin [org.elasticsearch.join.ParentJoinPlugin]
2020.06.26 08:16:18 INFO  ce[][o.e.p.PluginsService] loaded plugin [org.elasticsearch.percolator.PercolatorPlugin]
2020.06.26 08:16:18 INFO  ce[][o.e.p.PluginsService] loaded plugin [org.elasticsearch.transport.Netty4Plugin]
2020.06.26 08:16:19 INFO  ce[][o.s.s.e.EsClientProvider] Connected to local Elasticsearch: [127.0.0.1:9001]
2020.06.26 08:16:19 INFO  ce[][o.sonar.db.Database] Create JDBC data source for jdbc:h2:tcp://127.0.0.1:9092/sonar
2020.06.26 08:16:19 WARN  ce[][o.s.db.dialect.H2] H2 database should be used for evaluation purpose only.
2020.06.26 08:16:20 INFO  ce[][o.s.s.p.ServerFileSystemImpl] SonarQube home: /opt/sonarqube
2020.06.26 08:16:20 INFO  ce[][o.s.c.c.CePluginRepository] Load plugins
2020.06.26 08:16:20 INFO  ce[][o.s.c.c.ComputeEngineContainerImpl] Running Community edition
2020.06.26 08:16:20 INFO  ce[][o.s.ce.app.CeServer] Compute Engine is operational
2020.06.26 08:17:57 INFO  ce[][o.s.p.ProcessEntryPoint] Gracefully stopping process
2020.06.26 08:17:57 INFO  ce[][o.s.ce.app.CeServer] Compute Engine is stopping...
2020.06.26 08:17:57 INFO  ce[][o.s.c.t.CeProcessingSchedulerImpl] Gracefully stopping workers...
2020.06.26 08:17:58 INFO  ce[][o.s.ce.app.CeServer] Compute Engine is stopped
2020.06.26 08:19:12 INFO  ce[][o.s.p.ProcessEntryPoint] Starting ce
2020.06.26 08:19:12 INFO  ce[][o.s.ce.app.CeServer] Compute Engine starting up...
2020.06.26 08:19:12 INFO  ce[][o.e.p.PluginsService] no modules loaded
2020.06.26 08:19:12 INFO  ce[][o.e.p.PluginsService] loaded plugin [org.elasticsearch.join.ParentJoinPlugin]
2020.06.26 08:19:12 INFO  ce[][o.e.p.PluginsService] loaded plugin [org.elasticsearch.percolator.PercolatorPlugin]
2020.06.26 08:19:12 INFO  ce[][o.e.p.PluginsService] loaded plugin [org.elasticsearch.transport.Netty4Plugin]
2020.06.26 08:19:13 INFO  ce[][o.s.s.e.EsClientProvider] Connected to local Elasticsearch: [127.0.0.1:9001]
2020.06.26 08:19:13 INFO  ce[][o.sonar.db.Database] Create JDBC data source for jdbc:h2:tcp://127.0.0.1:9092/sonar
2020.06.26 08:19:13 WARN  ce[][o.s.db.dialect.H2] H2 database should be used for evaluation purpose only.
2020.06.26 08:19:14 INFO  ce[][o.s.s.p.ServerFileSystemImpl] SonarQube home: /opt/sonarqube
2020.06.26 08:19:14 INFO  ce[][o.s.c.c.CePluginRepository] Load plugins
2020.06.26 08:19:15 INFO  ce[][o.s.c.c.ComputeEngineContainerImpl] Running Community edition
2020.06.26 08:19:15 INFO  ce[][o.s.ce.app.CeServer] Compute Engine is operational
2020.06.26 08:20:05 INFO  ce[][o.s.p.ProcessEntryPoint] Gracefully stopping process
2020.06.26 08:20:05 INFO  ce[][o.s.ce.app.CeServer] Compute Engine is stopping...
2020.06.26 08:20:05 INFO  ce[][o.s.c.t.CeProcessingSchedulerImpl] Gracefully stopping workers...
2020.06.26 08:20:06 INFO  ce[][o.s.ce.app.CeServer] Compute Engine is stopped
2020.06.26 08:21:16 INFO  ce[][o.s.p.ProcessEntryPoint] Starting ce
2020.06.26 08:21:16 INFO  ce[][o.s.ce.app.CeServer] Compute Engine starting up...
2020.06.26 08:21:16 INFO  ce[][o.e.p.PluginsService] no modules loaded
2020.06.26 08:21:16 INFO  ce[][o.e.p.PluginsService] loaded plugin [org.elasticsearch.join.ParentJoinPlugin]
2020.06.26 08:21:16 INFO  ce[][o.e.p.PluginsService] loaded plugin [org.elasticsearch.percolator.PercolatorPlugin]
2020.06.26 08:21:16 INFO  ce[][o.e.p.PluginsService] loaded plugin [org.elasticsearch.transport.Netty4Plugin]
2020.06.26 08:21:17 INFO  ce[][o.s.s.e.EsClientProvider] Connected to local Elasticsearch: [127.0.0.1:9001]
2020.06.26 08:21:17 INFO  ce[][o.sonar.db.Database] Create JDBC data source for jdbc:h2:tcp://127.0.0.1:9092/sonar
2020.06.26 08:21:17 WARN  ce[][o.s.db.dialect.H2] H2 database should be used for evaluation purpose only.
2020.06.26 08:21:18 INFO  ce[][o.s.s.p.ServerFileSystemImpl] SonarQube home: /opt/sonarqube
2020.06.26 08:21:18 INFO  ce[][o.s.c.c.CePluginRepository] Load plugins
2020.06.26 08:21:19 INFO  ce[][o.s.c.c.ComputeEngineContainerImpl] Running Community edition
2020.06.26 08:21:19 INFO  ce[][o.s.ce.app.CeServer] Compute Engine is operational
2020.06.26 08:22:10 INFO  ce[][o.s.p.ProcessEntryPoint] Gracefully stopping process
2020.06.26 08:22:10 INFO  ce[][o.s.ce.app.CeServer] Compute Engine is stopping...
2020.06.26 08:22:10 INFO  ce[][o.s.c.t.CeProcessingSchedulerImpl] Gracefully stopping workers...
2020.06.26 08:22:11 INFO  ce[][o.s.ce.app.CeServer] Compute Engine is stopped
2020.06.26 08:23:07 INFO  ce[][o.s.p.ProcessEntryPoint] Starting ce
2020.06.26 08:23:07 INFO  ce[][o.s.ce.app.CeServer] Compute Engine starting up...
2020.06.26 08:23:08 INFO  ce[][o.e.p.PluginsService] no modules loaded
2020.06.26 08:23:08 INFO  ce[][o.e.p.PluginsService] loaded plugin [org.elasticsearch.join.ParentJoinPlugin]
2020.06.26 08:23:08 INFO  ce[][o.e.p.PluginsService] loaded plugin [org.elasticsearch.percolator.PercolatorPlugin]
2020.06.26 08:23:08 INFO  ce[][o.e.p.PluginsService] loaded plugin [org.elasticsearch.transport.Netty4Plugin]
2020.06.26 08:23:09 INFO  ce[][o.s.s.e.EsClientProvider] Connected to local Elasticsearch: [127.0.0.1:9001]
2020.06.26 08:23:09 INFO  ce[][o.sonar.db.Database] Create JDBC data source for jdbc:h2:tcp://127.0.0.1:9092/sonar
2020.06.26 08:23:09 WARN  ce[][o.s.db.dialect.H2] H2 database should be used for evaluation purpose only.
2020.06.26 08:23:09 INFO  ce[][o.s.s.p.ServerFileSystemImpl] SonarQube home: /opt/sonarqube
2020.06.26 08:23:10 INFO  ce[][o.s.c.c.CePluginRepository] Load plugins
2020.06.26 08:23:10 INFO  ce[][o.s.c.c.ComputeEngineContainerImpl] Running Community edition
2020.06.26 08:23:10 INFO  ce[][o.s.ce.app.CeServer] Compute Engine is operational
2020.06.26 08:26:39 INFO  ce[][o.s.p.ProcessEntryPoint] Gracefully stopping process
2020.06.26 08:26:39 INFO  ce[][o.s.ce.app.CeServer] Compute Engine is stopping...
2020.06.26 08:26:39 INFO  ce[][o.s.c.t.CeProcessingSchedulerImpl] Gracefully stopping workers...
2020.06.26 08:26:40 INFO  ce[][o.s.ce.app.CeServer] Compute Engine is stopped
2020.06.26 08:27:38 INFO  ce[][o.s.p.ProcessEntryPoint] Starting ce
2020.06.26 08:27:38 INFO  ce[][o.s.ce.app.CeServer] Compute Engine starting up...
2020.06.26 08:27:39 INFO  ce[][o.e.p.PluginsService] no modules loaded
2020.06.26 08:27:39 INFO  ce[][o.e.p.PluginsService] loaded plugin [org.elasticsearch.join.ParentJoinPlugin]
2020.06.26 08:27:39 INFO  ce[][o.e.p.PluginsService] loaded plugin [org.elasticsearch.percolator.PercolatorPlugin]
2020.06.26 08:27:39 INFO  ce[][o.e.p.PluginsService] loaded plugin [org.elasticsearch.transport.Netty4Plugin]
2020.06.26 08:27:40 INFO  ce[][o.s.s.e.EsClientProvider] Connected to local Elasticsearch: [127.0.0.1:9001]
2020.06.26 08:27:40 INFO  ce[][o.sonar.db.Database] Create JDBC data source for jdbc:h2:tcp://127.0.0.1:9092/sonar
2020.06.26 08:27:40 WARN  ce[][o.s.db.dialect.H2] H2 database should be used for evaluation purpose only.
2020.06.26 08:27:41 INFO  ce[][o.s.s.p.ServerFileSystemImpl] SonarQube home: /opt/sonarqube
2020.06.26 08:27:41 INFO  ce[][o.s.c.c.CePluginRepository] Load plugins
2020.06.26 08:27:41 INFO  ce[][o.s.c.c.ComputeEngineContainerImpl] Running Community edition
2020.06.26 08:27:41 INFO  ce[][o.s.ce.app.CeServer] Compute Engine is operational
2020.06.26 13:50:35 INFO  ce[][o.s.p.ProcessEntryPoint] Gracefully stopping process
2020.06.26 13:50:35 INFO  ce[][o.s.ce.app.CeServer] Compute Engine is stopping...
2020.06.26 13:50:35 INFO  ce[][o.s.c.t.CeProcessingSchedulerImpl] Gracefully stopping workers...
2020.06.26 13:50:35 INFO  ce[][o.s.ce.app.CeServer] Compute Engine is stopped
2020.06.26 13:51:32 INFO  ce[][o.s.p.ProcessEntryPoint] Starting ce
2020.06.26 13:51:33 INFO  ce[][o.s.ce.app.CeServer] Compute Engine starting up...
2020.06.26 13:51:33 INFO  ce[][o.e.p.PluginsService] no modules loaded
2020.06.26 13:51:33 INFO  ce[][o.e.p.PluginsService] loaded plugin [org.elasticsearch.join.ParentJoinPlugin]
2020.06.26 13:51:33 INFO  ce[][o.e.p.PluginsService] loaded plugin [org.elasticsearch.percolator.PercolatorPlugin]
2020.06.26 13:51:33 INFO  ce[][o.e.p.PluginsService] loaded plugin [org.elasticsearch.transport.Netty4Plugin]
2020.06.26 13:51:34 INFO  ce[][o.s.s.e.EsClientProvider] Connected to local Elasticsearch: [127.0.0.1:9001]
2020.06.26 13:51:34 INFO  ce[][o.sonar.db.Database] Create JDBC data source for jdbc:h2:tcp://127.0.0.1:9092/sonar
2020.06.26 13:51:34 WARN  ce[][o.s.db.dialect.H2] H2 database should be used for evaluation purpose only.
2020.06.26 13:51:35 INFO  ce[][o.s.s.p.ServerFileSystemImpl] SonarQube home: /opt/sonarqube
2020.06.26 13:51:35 INFO  ce[][o.s.c.c.CePluginRepository] Load plugins
2020.06.26 13:51:36 INFO  ce[][o.s.c.c.ComputeEngineContainerImpl] Running Community edition
2020.06.26 13:51:36 INFO  ce[][o.s.ce.app.CeServer] Compute Engine is operational
2020.06.26 13:52:13 INFO  ce[][o.s.p.ProcessEntryPoint] Gracefully stopping process
2020.06.26 13:52:13 INFO  ce[][o.s.ce.app.CeServer] Compute Engine is stopping...
2020.06.26 13:52:13 INFO  ce[][o.s.c.t.CeProcessingSchedulerImpl] Gracefully stopping workers...
2020.06.26 13:52:14 INFO  ce[][o.s.ce.app.CeServer] Compute Engine is stopped
2020.06.26 13:59:31 INFO  ce[][o.s.p.ProcessEntryPoint] Starting ce
2020.06.26 13:59:31 INFO  ce[][o.s.ce.app.CeServer] Compute Engine starting up...
2020.06.26 13:59:31 INFO  ce[][o.e.p.PluginsService] no modules loaded
2020.06.26 13:59:31 INFO  ce[][o.e.p.PluginsService] loaded plugin [org.elasticsearch.join.ParentJoinPlugin]
2020.06.26 13:59:31 INFO  ce[][o.e.p.PluginsService] loaded plugin [org.elasticsearch.percolator.PercolatorPlugin]
2020.06.26 13:59:31 INFO  ce[][o.e.p.PluginsService] loaded plugin [org.elasticsearch.transport.Netty4Plugin]
2020.06.26 13:59:32 INFO  ce[][o.s.s.e.EsClientProvider] Connected to local Elasticsearch: [127.0.0.1:9001]
2020.06.26 13:59:32 INFO  ce[][o.sonar.db.Database] Create JDBC data source for jdbc:h2:tcp://127.0.0.1:9092/sonar
2020.06.26 13:59:33 WARN  ce[][o.s.db.dialect.H2] H2 database should be used for evaluation purpose only.
2020.06.26 13:59:34 INFO  ce[][o.s.s.p.ServerFileSystemImpl] SonarQube home: /opt/sonarqube
2020.06.26 13:59:34 INFO  ce[][o.s.c.c.CePluginRepository] Load plugins
2020.06.26 13:59:34 INFO  ce[][o.s.c.c.ComputeEngineContainerImpl] Running Community edition
2020.06.26 13:59:34 INFO  ce[][o.s.ce.app.CeServer] Compute Engine is operational
