2020.06.29 08:24:48 INFO  ce[][o.s.p.ProcessEntryPoint] Gracefully stopping process
2020.06.29 08:24:48 INFO  ce[][o.s.ce.app.CeServer] Compute Engine is stopping...
2020.06.29 08:24:48 INFO  ce[][o.s.c.t.CeProcessingSchedulerImpl] Gracefully stopping workers...
2020.06.29 08:24:48 INFO  ce[][o.s.ce.app.CeServer] Compute Engine is stopped
2020.06.29 08:27:03 INFO  ce[][o.s.p.ProcessEntryPoint] Starting ce
2020.06.29 08:27:03 INFO  ce[][o.s.ce.app.CeServer] Compute Engine starting up...
2020.06.29 08:27:04 INFO  ce[][o.e.p.PluginsService] no modules loaded
2020.06.29 08:27:04 INFO  ce[][o.e.p.PluginsService] loaded plugin [org.elasticsearch.join.ParentJoinPlugin]
2020.06.29 08:27:04 INFO  ce[][o.e.p.PluginsService] loaded plugin [org.elasticsearch.percolator.PercolatorPlugin]
2020.06.29 08:27:04 INFO  ce[][o.e.p.PluginsService] loaded plugin [org.elasticsearch.transport.Netty4Plugin]
2020.06.29 08:27:05 INFO  ce[][o.s.s.e.EsClientProvider] Connected to local Elasticsearch: [127.0.0.1:9001]
2020.06.29 08:27:05 INFO  ce[][o.sonar.db.Database] Create JDBC data source for jdbc:h2:tcp://127.0.0.1:9092/sonar
2020.06.29 08:27:05 WARN  ce[][o.s.db.dialect.H2] H2 database should be used for evaluation purpose only.
2020.06.29 08:27:06 INFO  ce[][o.s.s.p.ServerFileSystemImpl] SonarQube home: /opt/sonarqube
2020.06.29 08:27:06 INFO  ce[][o.s.c.c.CePluginRepository] Load plugins
2020.06.29 08:27:07 INFO  ce[][o.s.c.c.ComputeEngineContainerImpl] Running Community edition
2020.06.29 08:27:07 INFO  ce[][o.s.ce.app.CeServer] Compute Engine is operational
2020.06.29 09:19:08 INFO  ce[][o.s.p.ProcessEntryPoint] Gracefully stopping process
2020.06.29 09:19:08 INFO  ce[][o.s.ce.app.CeServer] Compute Engine is stopping...
2020.06.29 09:19:08 INFO  ce[][o.s.c.t.CeProcessingSchedulerImpl] Gracefully stopping workers...
2020.06.29 09:19:08 INFO  ce[][o.s.ce.app.CeServer] Compute Engine is stopped
2020.06.29 09:30:11 INFO  ce[][o.s.p.ProcessEntryPoint] Starting ce
2020.06.29 09:30:11 INFO  ce[][o.s.ce.app.CeServer] Compute Engine starting up...
2020.06.29 09:30:11 INFO  ce[][o.e.p.PluginsService] no modules loaded
2020.06.29 09:30:11 INFO  ce[][o.e.p.PluginsService] loaded plugin [org.elasticsearch.join.ParentJoinPlugin]
2020.06.29 09:30:11 INFO  ce[][o.e.p.PluginsService] loaded plugin [org.elasticsearch.percolator.PercolatorPlugin]
2020.06.29 09:30:11 INFO  ce[][o.e.p.PluginsService] loaded plugin [org.elasticsearch.transport.Netty4Plugin]
2020.06.29 09:30:12 INFO  ce[][o.s.s.e.EsClientProvider] Connected to local Elasticsearch: [127.0.0.1:9001]
2020.06.29 09:30:12 INFO  ce[][o.sonar.db.Database] Create JDBC data source for jdbc:h2:tcp://127.0.0.1:9092/sonar
2020.06.29 09:30:13 WARN  ce[][o.s.db.dialect.H2] H2 database should be used for evaluation purpose only.
2020.06.29 09:30:13 INFO  ce[][o.s.s.p.ServerFileSystemImpl] SonarQube home: /opt/sonarqube
2020.06.29 09:30:13 INFO  ce[][o.s.c.c.CePluginRepository] Load plugins
2020.06.29 09:30:14 INFO  ce[][o.s.c.c.ComputeEngineContainerImpl] Running Community edition
2020.06.29 09:30:14 INFO  ce[][o.s.ce.app.CeServer] Compute Engine is operational
2020.06.29 09:43:20 INFO  ce[][o.s.p.ProcessEntryPoint] Gracefully stopping process
2020.06.29 09:43:20 INFO  ce[][o.s.ce.app.CeServer] Compute Engine is stopping...
2020.06.29 09:43:20 INFO  ce[][o.s.c.t.CeProcessingSchedulerImpl] Gracefully stopping workers...
2020.06.29 09:43:20 INFO  ce[][o.s.ce.app.CeServer] Compute Engine is stopped
2020.06.29 09:53:32 INFO  ce[][o.s.p.ProcessEntryPoint] Starting ce
2020.06.29 09:53:32 INFO  ce[][o.s.ce.app.CeServer] Compute Engine starting up...
2020.06.29 09:53:32 INFO  ce[][o.e.p.PluginsService] no modules loaded
2020.06.29 09:53:32 INFO  ce[][o.e.p.PluginsService] loaded plugin [org.elasticsearch.join.ParentJoinPlugin]
2020.06.29 09:53:32 INFO  ce[][o.e.p.PluginsService] loaded plugin [org.elasticsearch.percolator.PercolatorPlugin]
2020.06.29 09:53:32 INFO  ce[][o.e.p.PluginsService] loaded plugin [org.elasticsearch.transport.Netty4Plugin]
2020.06.29 09:53:33 INFO  ce[][o.s.s.e.EsClientProvider] Connected to local Elasticsearch: [127.0.0.1:9001]
2020.06.29 09:53:33 INFO  ce[][o.sonar.db.Database] Create JDBC data source for jdbc:h2:tcp://127.0.0.1:9092/sonar
2020.06.29 09:53:33 WARN  ce[][o.s.db.dialect.H2] H2 database should be used for evaluation purpose only.
2020.06.29 09:53:34 INFO  ce[][o.s.s.p.ServerFileSystemImpl] SonarQube home: /opt/sonarqube
2020.06.29 09:53:34 INFO  ce[][o.s.c.c.CePluginRepository] Load plugins
2020.06.29 09:53:35 INFO  ce[][o.s.c.c.ComputeEngineContainerImpl] Running Community edition
2020.06.29 09:53:35 INFO  ce[][o.s.ce.app.CeServer] Compute Engine is operational
2020.06.29 11:10:55 INFO  ce[][o.s.p.ProcessEntryPoint] Gracefully stopping process
2020.06.29 11:10:55 INFO  ce[][o.s.ce.app.CeServer] Compute Engine is stopping...
2020.06.29 11:10:55 INFO  ce[][o.s.c.t.CeProcessingSchedulerImpl] Gracefully stopping workers...
2020.06.29 11:10:55 INFO  ce[][o.s.ce.app.CeServer] Compute Engine is stopped
