2020.06.29 08:24:48 INFO  app[][o.s.a.SchedulerImpl] Stopping SonarQube
2020.06.29 08:24:48 INFO  app[][o.s.a.SchedulerImpl] Process[ce] is stopped
2020.06.29 08:24:49 INFO  app[][o.s.a.SchedulerImpl] Process[web] is stopped
2020.06.29 08:24:50 WARN  app[][o.s.a.p.AbstractManagedProcess] Process exited with exit value [es]: 143
2020.06.29 08:24:50 INFO  app[][o.s.a.SchedulerImpl] Process[es] is stopped
2020.06.29 08:24:50 INFO  app[][o.s.a.SchedulerImpl] SonarQube is stopped
2020.06.29 08:26:15 INFO  app[][o.s.a.AppFileSystem] Cleaning or creating temp directory /opt/sonarqube/temp
2020.06.29 08:26:15 INFO  app[][o.s.a.es.EsSettings] Elasticsearch listening on /127.0.0.1:9001
2020.06.29 08:26:16 INFO  app[][o.s.a.ProcessLauncherImpl] Launch process[[key='es', ipcIndex=1, logFilenamePrefix=es]] from [/opt/sonarqube/elasticsearch]: /opt/sonarqube/elasticsearch/bin/elasticsearch
2020.06.29 08:26:16 INFO  app[][o.s.a.SchedulerImpl] Waiting for Elasticsearch to be up and running
2020.06.29 08:26:17 INFO  app[][o.e.p.PluginsService] no modules loaded
2020.06.29 08:26:17 INFO  app[][o.e.p.PluginsService] loaded plugin [org.elasticsearch.transport.Netty4Plugin]
2020.06.29 08:26:31 INFO  app[][o.s.a.SchedulerImpl] Process[es] is up
2020.06.29 08:26:31 INFO  app[][o.s.a.ProcessLauncherImpl] Launch process[[key='web', ipcIndex=2, logFilenamePrefix=web]] from [/opt/sonarqube]: /opt/java/openjdk/bin/java -Djava.awt.headless=true -Dfile.encoding=UTF-8 -Djava.io.tmpdir=/opt/sonarqube/temp -XX:-OmitStackTraceInFastThrow --add-opens=java.base/java.util=ALL-UNNAMED --add-opens=java.base/java.lang=ALL-UNNAMED --add-opens=java.base/java.io=ALL-UNNAMED --add-opens=java.rmi/sun.rmi.transport=ALL-UNNAMED -Xmx512m -Xms128m -XX:+HeapDumpOnOutOfMemoryError -Dhttp.nonProxyHosts=localhost|127.*|[::1] -cp ./lib/common/*:/opt/sonarqube/lib/jdbc/h2/h2-1.4.199.jar org.sonar.server.app.WebServer /opt/sonarqube/temp/sq-process1131559559259308832properties
2020.06.29 08:27:03 INFO  app[][o.s.a.SchedulerImpl] Process[web] is up
2020.06.29 08:27:03 INFO  app[][o.s.a.ProcessLauncherImpl] Launch process[[key='ce', ipcIndex=3, logFilenamePrefix=ce]] from [/opt/sonarqube]: /opt/java/openjdk/bin/java -Djava.awt.headless=true -Dfile.encoding=UTF-8 -Djava.io.tmpdir=/opt/sonarqube/temp -XX:-OmitStackTraceInFastThrow --add-opens=java.base/java.util=ALL-UNNAMED -Xmx512m -Xms128m -XX:+HeapDumpOnOutOfMemoryError -Dhttp.nonProxyHosts=localhost|127.*|[::1] -cp ./lib/common/*:/opt/sonarqube/lib/jdbc/h2/h2-1.4.199.jar org.sonar.ce.app.CeServer /opt/sonarqube/temp/sq-process16094028341975301803properties
2020.06.29 08:27:07 INFO  app[][o.s.a.SchedulerImpl] Process[ce] is up
2020.06.29 08:27:07 INFO  app[][o.s.a.SchedulerImpl] SonarQube is up
2020.06.29 09:19:08 INFO  app[][o.s.a.SchedulerImpl] Stopping SonarQube
2020.06.29 09:19:09 INFO  app[][o.s.a.SchedulerImpl] Process[ce] is stopped
2020.06.29 09:19:11 INFO  app[][o.s.a.SchedulerImpl] Process[web] is stopped
2020.06.29 09:19:11 WARN  app[][o.s.a.p.AbstractManagedProcess] Process exited with exit value [es]: 143
2020.06.29 09:19:11 INFO  app[][o.s.a.SchedulerImpl] Process[es] is stopped
2020.06.29 09:19:11 INFO  app[][o.s.a.SchedulerImpl] SonarQube is stopped
2020.06.29 09:29:29 INFO  app[][o.s.a.AppFileSystem] Cleaning or creating temp directory /opt/sonarqube/temp
2020.06.29 09:29:29 INFO  app[][o.s.a.es.EsSettings] Elasticsearch listening on /127.0.0.1:9001
2020.06.29 09:29:29 INFO  app[][o.s.a.ProcessLauncherImpl] Launch process[[key='es', ipcIndex=1, logFilenamePrefix=es]] from [/opt/sonarqube/elasticsearch]: /opt/sonarqube/elasticsearch/bin/elasticsearch
2020.06.29 09:29:29 INFO  app[][o.s.a.SchedulerImpl] Waiting for Elasticsearch to be up and running
2020.06.29 09:29:30 INFO  app[][o.e.p.PluginsService] no modules loaded
2020.06.29 09:29:30 INFO  app[][o.e.p.PluginsService] loaded plugin [org.elasticsearch.transport.Netty4Plugin]
2020.06.29 09:29:48 INFO  app[][o.s.a.SchedulerImpl] Process[es] is up
2020.06.29 09:29:48 INFO  app[][o.s.a.ProcessLauncherImpl] Launch process[[key='web', ipcIndex=2, logFilenamePrefix=web]] from [/opt/sonarqube]: /opt/java/openjdk/bin/java -Djava.awt.headless=true -Dfile.encoding=UTF-8 -Djava.io.tmpdir=/opt/sonarqube/temp -XX:-OmitStackTraceInFastThrow --add-opens=java.base/java.util=ALL-UNNAMED --add-opens=java.base/java.lang=ALL-UNNAMED --add-opens=java.base/java.io=ALL-UNNAMED --add-opens=java.rmi/sun.rmi.transport=ALL-UNNAMED -Xmx512m -Xms128m -XX:+HeapDumpOnOutOfMemoryError -Dhttp.nonProxyHosts=localhost|127.*|[::1] -cp ./lib/common/*:/opt/sonarqube/lib/jdbc/h2/h2-1.4.199.jar org.sonar.server.app.WebServer /opt/sonarqube/temp/sq-process853790994008812364properties
2020.06.29 09:30:11 INFO  app[][o.s.a.SchedulerImpl] Process[web] is up
2020.06.29 09:30:11 INFO  app[][o.s.a.ProcessLauncherImpl] Launch process[[key='ce', ipcIndex=3, logFilenamePrefix=ce]] from [/opt/sonarqube]: /opt/java/openjdk/bin/java -Djava.awt.headless=true -Dfile.encoding=UTF-8 -Djava.io.tmpdir=/opt/sonarqube/temp -XX:-OmitStackTraceInFastThrow --add-opens=java.base/java.util=ALL-UNNAMED -Xmx512m -Xms128m -XX:+HeapDumpOnOutOfMemoryError -Dhttp.nonProxyHosts=localhost|127.*|[::1] -cp ./lib/common/*:/opt/sonarqube/lib/jdbc/h2/h2-1.4.199.jar org.sonar.ce.app.CeServer /opt/sonarqube/temp/sq-process15238483892723241584properties
2020.06.29 09:30:14 INFO  app[][o.s.a.SchedulerImpl] Process[ce] is up
2020.06.29 09:30:14 INFO  app[][o.s.a.SchedulerImpl] SonarQube is up
2020.06.29 09:43:20 INFO  app[][o.s.a.SchedulerImpl] Stopping SonarQube
2020.06.29 09:43:20 INFO  app[][o.s.a.SchedulerImpl] Process[ce] is stopped
2020.06.29 09:43:23 INFO  app[][o.s.a.SchedulerImpl] Process[web] is stopped
2020.06.29 09:43:23 WARN  app[][o.s.a.p.AbstractManagedProcess] Process exited with exit value [es]: 143
2020.06.29 09:43:23 INFO  app[][o.s.a.SchedulerImpl] Process[es] is stopped
2020.06.29 09:43:23 INFO  app[][o.s.a.SchedulerImpl] SonarQube is stopped
2020.06.29 09:52:50 INFO  app[][o.s.a.AppFileSystem] Cleaning or creating temp directory /opt/sonarqube/temp
2020.06.29 09:52:50 INFO  app[][o.s.a.es.EsSettings] Elasticsearch listening on /127.0.0.1:9001
2020.06.29 09:52:50 INFO  app[][o.s.a.ProcessLauncherImpl] Launch process[[key='es', ipcIndex=1, logFilenamePrefix=es]] from [/opt/sonarqube/elasticsearch]: /opt/sonarqube/elasticsearch/bin/elasticsearch
2020.06.29 09:52:50 INFO  app[][o.s.a.SchedulerImpl] Waiting for Elasticsearch to be up and running
2020.06.29 09:52:51 INFO  app[][o.e.p.PluginsService] no modules loaded
2020.06.29 09:52:51 INFO  app[][o.e.p.PluginsService] loaded plugin [org.elasticsearch.transport.Netty4Plugin]
2020.06.29 09:53:09 INFO  app[][o.s.a.SchedulerImpl] Process[es] is up
2020.06.29 09:53:09 INFO  app[][o.s.a.ProcessLauncherImpl] Launch process[[key='web', ipcIndex=2, logFilenamePrefix=web]] from [/opt/sonarqube]: /opt/java/openjdk/bin/java -Djava.awt.headless=true -Dfile.encoding=UTF-8 -Djava.io.tmpdir=/opt/sonarqube/temp -XX:-OmitStackTraceInFastThrow --add-opens=java.base/java.util=ALL-UNNAMED --add-opens=java.base/java.lang=ALL-UNNAMED --add-opens=java.base/java.io=ALL-UNNAMED --add-opens=java.rmi/sun.rmi.transport=ALL-UNNAMED -Xmx512m -Xms128m -XX:+HeapDumpOnOutOfMemoryError -Dhttp.nonProxyHosts=localhost|127.*|[::1] -cp ./lib/common/*:/opt/sonarqube/lib/jdbc/h2/h2-1.4.199.jar org.sonar.server.app.WebServer /opt/sonarqube/temp/sq-process13990663105795747485properties
2020.06.29 09:53:31 INFO  app[][o.s.a.SchedulerImpl] Process[web] is up
2020.06.29 09:53:31 INFO  app[][o.s.a.ProcessLauncherImpl] Launch process[[key='ce', ipcIndex=3, logFilenamePrefix=ce]] from [/opt/sonarqube]: /opt/java/openjdk/bin/java -Djava.awt.headless=true -Dfile.encoding=UTF-8 -Djava.io.tmpdir=/opt/sonarqube/temp -XX:-OmitStackTraceInFastThrow --add-opens=java.base/java.util=ALL-UNNAMED -Xmx512m -Xms128m -XX:+HeapDumpOnOutOfMemoryError -Dhttp.nonProxyHosts=localhost|127.*|[::1] -cp ./lib/common/*:/opt/sonarqube/lib/jdbc/h2/h2-1.4.199.jar org.sonar.ce.app.CeServer /opt/sonarqube/temp/sq-process969031340093953200properties
2020.06.29 09:53:35 INFO  app[][o.s.a.SchedulerImpl] Process[ce] is up
2020.06.29 09:53:35 INFO  app[][o.s.a.SchedulerImpl] SonarQube is up
2020.06.29 11:10:55 INFO  app[][o.s.a.SchedulerImpl] Stopping SonarQube
2020.06.29 11:10:55 INFO  app[][o.s.a.SchedulerImpl] Process[ce] is stopped
2020.06.29 11:10:56 INFO  app[][o.s.a.SchedulerImpl] Process[web] is stopped
2020.06.29 11:10:56 WARN  app[][o.s.a.p.AbstractManagedProcess] Process exited with exit value [es]: 143
2020.06.29 11:10:56 INFO  app[][o.s.a.SchedulerImpl] Process[es] is stopped
2020.06.29 11:10:56 INFO  app[][o.s.a.SchedulerImpl] SonarQube is stopped
