2020.07.01 07:57:49 INFO  ce[][o.s.p.ProcessEntryPoint] Gracefully stopping process
2020.07.01 07:57:49 INFO  ce[][o.s.ce.app.CeServer] Compute Engine is stopping...
2020.07.01 07:57:49 INFO  ce[][o.s.c.t.CeProcessingSchedulerImpl] Gracefully stopping workers...
2020.07.01 07:57:49 INFO  ce[][o.s.ce.app.CeServer] Compute Engine is stopped
2020.07.01 08:25:56 INFO  ce[][o.s.p.ProcessEntryPoint] Starting ce
2020.07.01 08:25:56 INFO  ce[][o.s.ce.app.CeServer] Compute Engine starting up...
2020.07.01 08:25:56 INFO  ce[][o.e.p.PluginsService] no modules loaded
2020.07.01 08:25:56 INFO  ce[][o.e.p.PluginsService] loaded plugin [org.elasticsearch.join.ParentJoinPlugin]
2020.07.01 08:25:56 INFO  ce[][o.e.p.PluginsService] loaded plugin [org.elasticsearch.percolator.PercolatorPlugin]
2020.07.01 08:25:56 INFO  ce[][o.e.p.PluginsService] loaded plugin [org.elasticsearch.transport.Netty4Plugin]
2020.07.01 08:25:57 INFO  ce[][o.s.s.e.EsClientProvider] Connected to local Elasticsearch: [127.0.0.1:9001]
2020.07.01 08:25:57 INFO  ce[][o.sonar.db.Database] Create JDBC data source for jdbc:postgresql://sonardb:5432/sonar
2020.07.01 08:25:58 INFO  ce[][o.s.s.p.ServerFileSystemImpl] SonarQube home: /opt/sonarqube
2020.07.01 08:25:58 INFO  ce[][o.s.c.c.CePluginRepository] Load plugins
2020.07.01 08:25:59 INFO  ce[][o.s.c.c.ComputeEngineContainerImpl] Running Community edition
2020.07.01 08:25:59 INFO  ce[][o.s.ce.app.CeServer] Compute Engine is operational
2020.07.01 08:26:29 INFO  ce[][o.s.p.ProcessEntryPoint] Gracefully stopping process
2020.07.01 08:26:29 INFO  ce[][o.s.ce.app.CeServer] Compute Engine is stopping...
2020.07.01 08:26:29 INFO  ce[][o.s.c.t.CeProcessingSchedulerImpl] Gracefully stopping workers...
2020.07.01 08:26:30 INFO  ce[][o.s.ce.app.CeServer] Compute Engine is stopped
2020.07.01 11:47:28 INFO  ce[][o.s.p.ProcessEntryPoint] Starting ce
2020.07.01 11:47:28 INFO  ce[][o.s.ce.app.CeServer] Compute Engine starting up...
2020.07.01 11:47:28 INFO  ce[][o.e.p.PluginsService] no modules loaded
2020.07.01 11:47:28 INFO  ce[][o.e.p.PluginsService] loaded plugin [org.elasticsearch.join.ParentJoinPlugin]
2020.07.01 11:47:28 INFO  ce[][o.e.p.PluginsService] loaded plugin [org.elasticsearch.percolator.PercolatorPlugin]
2020.07.01 11:47:28 INFO  ce[][o.e.p.PluginsService] loaded plugin [org.elasticsearch.transport.Netty4Plugin]
2020.07.01 11:47:29 INFO  ce[][o.s.s.e.EsClientProvider] Connected to local Elasticsearch: [127.0.0.1:9001]
2020.07.01 11:47:29 INFO  ce[][o.sonar.db.Database] Create JDBC data source for jdbc:postgresql://sonardb:5432/sonar
2020.07.01 11:47:30 INFO  ce[][o.s.s.p.ServerFileSystemImpl] SonarQube home: /opt/sonarqube
2020.07.01 11:47:30 INFO  ce[][o.s.c.c.CePluginRepository] Load plugins
2020.07.01 11:47:31 INFO  ce[][o.s.c.c.ComputeEngineContainerImpl] Running Community edition
2020.07.01 11:47:31 INFO  ce[][o.s.ce.app.CeServer] Compute Engine is operational
