2020.07.01 07:57:49 INFO  app[][o.s.a.SchedulerImpl] Stopping SonarQube
2020.07.01 07:57:49 INFO  app[][o.s.a.SchedulerImpl] Process[ce] is stopped
2020.07.01 07:57:51 INFO  app[][o.s.a.SchedulerImpl] Process[web] is stopped
2020.07.01 07:57:51 INFO  app[][o.s.a.SchedulerImpl] Process[es] is stopped
2020.07.01 07:57:51 WARN  app[][o.s.a.p.AbstractManagedProcess] Process exited with exit value [es]: 143
2020.07.01 07:57:51 INFO  app[][o.s.a.SchedulerImpl] SonarQube is stopped
2020.07.01 07:58:10 INFO  app[][o.s.a.AppFileSystem] Cleaning or creating temp directory /opt/sonarqube/temp
2020.07.01 07:58:10 INFO  app[][o.s.a.es.EsSettings] Elasticsearch listening on /127.0.0.1:9001
2020.07.01 07:58:10 INFO  app[][o.s.a.ProcessLauncherImpl] Launch process[[key='es', ipcIndex=1, logFilenamePrefix=es]] from [/opt/sonarqube/elasticsearch]: /opt/sonarqube/elasticsearch/bin/elasticsearch
2020.07.01 07:58:10 INFO  app[][o.s.a.SchedulerImpl] Waiting for Elasticsearch to be up and running
2020.07.01 07:58:11 INFO  app[][o.e.p.PluginsService] no modules loaded
2020.07.01 07:58:11 INFO  app[][o.e.p.PluginsService] loaded plugin [org.elasticsearch.transport.Netty4Plugin]
2020.07.01 07:58:28 INFO  app[][o.s.a.SchedulerImpl] Process[es] is up
2020.07.01 07:58:28 INFO  app[][o.s.a.ProcessLauncherImpl] Launch process[[key='web', ipcIndex=2, logFilenamePrefix=web]] from [/opt/sonarqube]: /opt/java/openjdk/bin/java -Djava.awt.headless=true -Dfile.encoding=UTF-8 -Djava.io.tmpdir=/opt/sonarqube/temp -XX:-OmitStackTraceInFastThrow --add-opens=java.base/java.util=ALL-UNNAMED --add-opens=java.base/java.lang=ALL-UNNAMED --add-opens=java.base/java.io=ALL-UNNAMED --add-opens=java.rmi/sun.rmi.transport=ALL-UNNAMED -Xmx512m -Xms128m -XX:+HeapDumpOnOutOfMemoryError -Dhttp.nonProxyHosts=localhost|127.*|[::1] -cp ./lib/common/*:/opt/sonarqube/lib/jdbc/postgresql/postgresql-42.2.11.jar org.sonar.server.app.WebServer /opt/sonarqube/temp/sq-process12181440581469302102properties
2020.07.01 07:58:41 INFO  app[][o.s.a.SchedulerImpl] Process[web] is stopped
2020.07.01 07:58:41 WARN  app[][o.s.a.p.AbstractManagedProcess] Process exited with exit value [es]: 143
2020.07.01 07:58:41 INFO  app[][o.s.a.SchedulerImpl] Process[es] is stopped
2020.07.01 07:58:41 INFO  app[][o.s.a.SchedulerImpl] SonarQube is stopped
2020.07.01 08:04:08 INFO  app[][o.s.a.AppFileSystem] Cleaning or creating temp directory /opt/sonarqube/temp
2020.07.01 08:04:08 INFO  app[][o.s.a.es.EsSettings] Elasticsearch listening on /127.0.0.1:9001
2020.07.01 08:04:08 INFO  app[][o.s.a.ProcessLauncherImpl] Launch process[[key='es', ipcIndex=1, logFilenamePrefix=es]] from [/opt/sonarqube/elasticsearch]: /opt/sonarqube/elasticsearch/bin/elasticsearch
2020.07.01 08:04:08 INFO  app[][o.s.a.SchedulerImpl] Waiting for Elasticsearch to be up and running
2020.07.01 08:04:08 INFO  app[][o.e.p.PluginsService] no modules loaded
2020.07.01 08:04:08 INFO  app[][o.e.p.PluginsService] loaded plugin [org.elasticsearch.transport.Netty4Plugin]
2020.07.01 08:04:26 INFO  app[][o.s.a.SchedulerImpl] Process[es] is up
2020.07.01 08:04:26 INFO  app[][o.s.a.ProcessLauncherImpl] Launch process[[key='web', ipcIndex=2, logFilenamePrefix=web]] from [/opt/sonarqube]: /opt/java/openjdk/bin/java -Djava.awt.headless=true -Dfile.encoding=UTF-8 -Djava.io.tmpdir=/opt/sonarqube/temp -XX:-OmitStackTraceInFastThrow --add-opens=java.base/java.util=ALL-UNNAMED --add-opens=java.base/java.lang=ALL-UNNAMED --add-opens=java.base/java.io=ALL-UNNAMED --add-opens=java.rmi/sun.rmi.transport=ALL-UNNAMED -Xmx512m -Xms128m -XX:+HeapDumpOnOutOfMemoryError -Dhttp.nonProxyHosts=localhost|127.*|[::1] -cp ./lib/common/*:/opt/sonarqube/lib/jdbc/postgresql/postgresql-42.2.11.jar org.sonar.server.app.WebServer /opt/sonarqube/temp/sq-process12533056298801441560properties
2020.07.01 08:04:36 INFO  app[][o.s.a.SchedulerImpl] Process[web] is stopped
2020.07.01 08:04:37 INFO  app[][o.s.a.SchedulerImpl] Process[es] is stopped
2020.07.01 08:04:37 INFO  app[][o.s.a.SchedulerImpl] SonarQube is stopped
2020.07.01 08:04:37 WARN  app[][o.s.a.p.AbstractManagedProcess] Process exited with exit value [es]: 143
2020.07.01 08:06:19 INFO  app[][o.s.a.AppFileSystem] Cleaning or creating temp directory /opt/sonarqube/temp
2020.07.01 08:06:19 INFO  app[][o.s.a.es.EsSettings] Elasticsearch listening on /127.0.0.1:9001
2020.07.01 08:06:19 INFO  app[][o.s.a.ProcessLauncherImpl] Launch process[[key='es', ipcIndex=1, logFilenamePrefix=es]] from [/opt/sonarqube/elasticsearch]: /opt/sonarqube/elasticsearch/bin/elasticsearch
2020.07.01 08:06:19 INFO  app[][o.s.a.SchedulerImpl] Waiting for Elasticsearch to be up and running
2020.07.01 08:06:20 INFO  app[][o.e.p.PluginsService] no modules loaded
2020.07.01 08:06:20 INFO  app[][o.e.p.PluginsService] loaded plugin [org.elasticsearch.transport.Netty4Plugin]
2020.07.01 08:06:37 INFO  app[][o.s.a.SchedulerImpl] Process[es] is up
2020.07.01 08:06:37 INFO  app[][o.s.a.ProcessLauncherImpl] Launch process[[key='web', ipcIndex=2, logFilenamePrefix=web]] from [/opt/sonarqube]: /opt/java/openjdk/bin/java -Djava.awt.headless=true -Dfile.encoding=UTF-8 -Djava.io.tmpdir=/opt/sonarqube/temp -XX:-OmitStackTraceInFastThrow --add-opens=java.base/java.util=ALL-UNNAMED --add-opens=java.base/java.lang=ALL-UNNAMED --add-opens=java.base/java.io=ALL-UNNAMED --add-opens=java.rmi/sun.rmi.transport=ALL-UNNAMED -Xmx512m -Xms128m -XX:+HeapDumpOnOutOfMemoryError -Dhttp.nonProxyHosts=localhost|127.*|[::1] -cp ./lib/common/*:/opt/sonarqube/lib/jdbc/postgresql/postgresql-42.2.11.jar org.sonar.server.app.WebServer /opt/sonarqube/temp/sq-process12667266230993203039properties
2020.07.01 08:06:49 INFO  app[][o.s.a.SchedulerImpl] Process[web] is stopped
2020.07.01 08:06:49 WARN  app[][o.s.a.p.AbstractManagedProcess] Process exited with exit value [es]: 143
2020.07.01 08:06:49 INFO  app[][o.s.a.SchedulerImpl] Process[es] is stopped
2020.07.01 08:06:49 INFO  app[][o.s.a.SchedulerImpl] SonarQube is stopped
2020.07.01 08:13:08 INFO  app[][o.s.a.AppFileSystem] Cleaning or creating temp directory /opt/sonarqube/temp
2020.07.01 08:13:08 INFO  app[][o.s.a.es.EsSettings] Elasticsearch listening on /127.0.0.1:9001
2020.07.01 08:13:08 INFO  app[][o.s.a.ProcessLauncherImpl] Launch process[[key='es', ipcIndex=1, logFilenamePrefix=es]] from [/opt/sonarqube/elasticsearch]: /opt/sonarqube/elasticsearch/bin/elasticsearch
2020.07.01 08:13:08 INFO  app[][o.s.a.SchedulerImpl] Waiting for Elasticsearch to be up and running
2020.07.01 08:13:09 INFO  app[][o.e.p.PluginsService] no modules loaded
2020.07.01 08:13:09 INFO  app[][o.e.p.PluginsService] loaded plugin [org.elasticsearch.transport.Netty4Plugin]
2020.07.01 08:13:26 INFO  app[][o.s.a.SchedulerImpl] Process[es] is up
2020.07.01 08:13:26 INFO  app[][o.s.a.ProcessLauncherImpl] Launch process[[key='web', ipcIndex=2, logFilenamePrefix=web]] from [/opt/sonarqube]: /opt/java/openjdk/bin/java -Djava.awt.headless=true -Dfile.encoding=UTF-8 -Djava.io.tmpdir=/opt/sonarqube/temp -XX:-OmitStackTraceInFastThrow --add-opens=java.base/java.util=ALL-UNNAMED --add-opens=java.base/java.lang=ALL-UNNAMED --add-opens=java.base/java.io=ALL-UNNAMED --add-opens=java.rmi/sun.rmi.transport=ALL-UNNAMED -Xmx512m -Xms128m -XX:+HeapDumpOnOutOfMemoryError -Dhttp.nonProxyHosts=localhost|127.*|[::1] -cp ./lib/common/*:/opt/sonarqube/lib/jdbc/postgresql/postgresql-42.2.11.jar org.sonar.server.app.WebServer /opt/sonarqube/temp/sq-process4127281775455537590properties
2020.07.01 08:13:37 INFO  app[][o.s.a.SchedulerImpl] Process[web] is stopped
2020.07.01 08:13:37 WARN  app[][o.s.a.p.AbstractManagedProcess] Process exited with exit value [es]: 143
2020.07.01 08:13:37 INFO  app[][o.s.a.SchedulerImpl] Process[es] is stopped
2020.07.01 08:13:37 INFO  app[][o.s.a.SchedulerImpl] SonarQube is stopped
2020.07.01 08:19:28 INFO  app[][o.s.a.AppFileSystem] Cleaning or creating temp directory /opt/sonarqube/temp
2020.07.01 08:19:28 INFO  app[][o.s.a.es.EsSettings] Elasticsearch listening on /127.0.0.1:9001
2020.07.01 08:19:29 INFO  app[][o.s.a.ProcessLauncherImpl] Launch process[[key='es', ipcIndex=1, logFilenamePrefix=es]] from [/opt/sonarqube/elasticsearch]: /opt/sonarqube/elasticsearch/bin/elasticsearch
2020.07.01 08:19:29 INFO  app[][o.s.a.SchedulerImpl] Waiting for Elasticsearch to be up and running
2020.07.01 08:19:29 INFO  app[][o.e.p.PluginsService] no modules loaded
2020.07.01 08:19:29 INFO  app[][o.e.p.PluginsService] loaded plugin [org.elasticsearch.transport.Netty4Plugin]
2020.07.01 08:19:48 INFO  app[][o.s.a.SchedulerImpl] Process[es] is up
2020.07.01 08:19:48 INFO  app[][o.s.a.ProcessLauncherImpl] Launch process[[key='web', ipcIndex=2, logFilenamePrefix=web]] from [/opt/sonarqube]: /usr/local/openjdk-11/bin/java -Djava.awt.headless=true -Dfile.encoding=UTF-8 -Djava.io.tmpdir=/opt/sonarqube/temp --add-opens=java.base/java.util=ALL-UNNAMED --add-opens=java.base/java.lang=ALL-UNNAMED --add-opens=java.base/java.io=ALL-UNNAMED --add-opens=java.rmi/sun.rmi.transport=ALL-UNNAMED -Xmx512m -Xms128m -XX:+HeapDumpOnOutOfMemoryError -Djava.security.egd=file:/dev/./urandom -Dhttp.nonProxyHosts=localhost|127.*|[::1] -cp ./lib/common/*:/opt/sonarqube/lib/jdbc/postgresql/postgresql-42.2.5.jar org.sonar.server.app.WebServer /opt/sonarqube/temp/sq-process17342734752048649819properties
2020.07.01 08:20:08 INFO  app[][o.s.a.SchedulerImpl] Process[web] is stopped
2020.07.01 08:20:08 WARN  app[][o.s.a.p.AbstractManagedProcess] Process exited with exit value [es]: 143
2020.07.01 08:20:08 INFO  app[][o.s.a.SchedulerImpl] Process[es] is stopped
2020.07.01 08:20:08 INFO  app[][o.s.a.SchedulerImpl] SonarQube is stopped
2020.07.01 08:25:04 INFO  app[][o.s.a.AppFileSystem] Cleaning or creating temp directory /opt/sonarqube/temp
2020.07.01 08:25:04 INFO  app[][o.s.a.es.EsSettings] Elasticsearch listening on /127.0.0.1:9001
2020.07.01 08:25:05 INFO  app[][o.s.a.ProcessLauncherImpl] Launch process[[key='es', ipcIndex=1, logFilenamePrefix=es]] from [/opt/sonarqube/elasticsearch]: /opt/sonarqube/elasticsearch/bin/elasticsearch
2020.07.01 08:25:05 INFO  app[][o.s.a.SchedulerImpl] Waiting for Elasticsearch to be up and running
2020.07.01 08:25:05 INFO  app[][o.e.p.PluginsService] no modules loaded
2020.07.01 08:25:05 INFO  app[][o.e.p.PluginsService] loaded plugin [org.elasticsearch.transport.Netty4Plugin]
2020.07.01 08:25:22 INFO  app[][o.s.a.SchedulerImpl] Process[es] is up
2020.07.01 08:25:22 INFO  app[][o.s.a.ProcessLauncherImpl] Launch process[[key='web', ipcIndex=2, logFilenamePrefix=web]] from [/opt/sonarqube]: /usr/local/openjdk-11/bin/java -Djava.awt.headless=true -Dfile.encoding=UTF-8 -Djava.io.tmpdir=/opt/sonarqube/temp --add-opens=java.base/java.util=ALL-UNNAMED --add-opens=java.base/java.lang=ALL-UNNAMED --add-opens=java.base/java.io=ALL-UNNAMED --add-opens=java.rmi/sun.rmi.transport=ALL-UNNAMED -Xmx512m -Xms128m -XX:+HeapDumpOnOutOfMemoryError -Djava.security.egd=file:/dev/./urandom -Dhttp.nonProxyHosts=localhost|127.*|[::1] -cp ./lib/common/*:/opt/sonarqube/lib/jdbc/postgresql/postgresql-42.2.5.jar org.sonar.server.app.WebServer /opt/sonarqube/temp/sq-process9683774839786326721properties
2020.07.01 08:25:55 INFO  app[][o.s.a.SchedulerImpl] Process[web] is up
2020.07.01 08:25:55 INFO  app[][o.s.a.ProcessLauncherImpl] Launch process[[key='ce', ipcIndex=3, logFilenamePrefix=ce]] from [/opt/sonarqube]: /usr/local/openjdk-11/bin/java -Djava.awt.headless=true -Dfile.encoding=UTF-8 -Djava.io.tmpdir=/opt/sonarqube/temp --add-opens=java.base/java.util=ALL-UNNAMED -Xmx512m -Xms128m -XX:+HeapDumpOnOutOfMemoryError -Dhttp.nonProxyHosts=localhost|127.*|[::1] -cp ./lib/common/*:/opt/sonarqube/lib/jdbc/postgresql/postgresql-42.2.5.jar org.sonar.ce.app.CeServer /opt/sonarqube/temp/sq-process11628707606840861644properties
2020.07.01 08:25:59 INFO  app[][o.s.a.SchedulerImpl] Process[ce] is up
2020.07.01 08:25:59 INFO  app[][o.s.a.SchedulerImpl] SonarQube is up
2020.07.01 08:26:28 INFO  app[][o.s.a.SchedulerImpl] Stopping SonarQube
2020.07.01 08:26:30 INFO  app[][o.s.a.SchedulerImpl] Process[ce] is stopped
2020.07.01 08:26:30 INFO  app[][o.s.a.SchedulerImpl] Process[web] is stopped
2020.07.01 08:26:30 WARN  app[][o.s.a.p.AbstractManagedProcess] Process exited with exit value [es]: 143
2020.07.01 08:26:30 INFO  app[][o.s.a.SchedulerImpl] Process[es] is stopped
2020.07.01 08:26:30 INFO  app[][o.s.a.SchedulerImpl] SonarQube is stopped
2020.07.01 11:46:45 INFO  app[][o.s.a.AppFileSystem] Cleaning or creating temp directory /opt/sonarqube/temp
2020.07.01 11:46:45 INFO  app[][o.s.a.es.EsSettings] Elasticsearch listening on /127.0.0.1:9001
2020.07.01 11:46:45 INFO  app[][o.s.a.ProcessLauncherImpl] Launch process[[key='es', ipcIndex=1, logFilenamePrefix=es]] from [/opt/sonarqube/elasticsearch]: /opt/sonarqube/elasticsearch/bin/elasticsearch
2020.07.01 11:46:45 INFO  app[][o.s.a.SchedulerImpl] Waiting for Elasticsearch to be up and running
2020.07.01 11:46:46 INFO  app[][o.e.p.PluginsService] no modules loaded
2020.07.01 11:46:46 INFO  app[][o.e.p.PluginsService] loaded plugin [org.elasticsearch.transport.Netty4Plugin]
2020.07.01 11:47:02 INFO  app[][o.s.a.SchedulerImpl] Process[es] is up
2020.07.01 11:47:02 INFO  app[][o.s.a.ProcessLauncherImpl] Launch process[[key='web', ipcIndex=2, logFilenamePrefix=web]] from [/opt/sonarqube]: /usr/local/openjdk-11/bin/java -Djava.awt.headless=true -Dfile.encoding=UTF-8 -Djava.io.tmpdir=/opt/sonarqube/temp --add-opens=java.base/java.util=ALL-UNNAMED --add-opens=java.base/java.lang=ALL-UNNAMED --add-opens=java.base/java.io=ALL-UNNAMED --add-opens=java.rmi/sun.rmi.transport=ALL-UNNAMED -Xmx512m -Xms128m -XX:+HeapDumpOnOutOfMemoryError -Djava.security.egd=file:/dev/./urandom -Dhttp.nonProxyHosts=localhost|127.*|[::1] -cp ./lib/common/*:/opt/sonarqube/lib/jdbc/postgresql/postgresql-42.2.5.jar org.sonar.server.app.WebServer /opt/sonarqube/temp/sq-process10413377806058963967properties
2020.07.01 11:47:27 INFO  app[][o.s.a.SchedulerImpl] Process[web] is up
2020.07.01 11:47:27 INFO  app[][o.s.a.ProcessLauncherImpl] Launch process[[key='ce', ipcIndex=3, logFilenamePrefix=ce]] from [/opt/sonarqube]: /usr/local/openjdk-11/bin/java -Djava.awt.headless=true -Dfile.encoding=UTF-8 -Djava.io.tmpdir=/opt/sonarqube/temp --add-opens=java.base/java.util=ALL-UNNAMED -Xmx512m -Xms128m -XX:+HeapDumpOnOutOfMemoryError -Dhttp.nonProxyHosts=localhost|127.*|[::1] -cp ./lib/common/*:/opt/sonarqube/lib/jdbc/postgresql/postgresql-42.2.5.jar org.sonar.ce.app.CeServer /opt/sonarqube/temp/sq-process12647289765949799867properties
2020.07.01 11:47:32 INFO  app[][o.s.a.SchedulerImpl] Process[ce] is up
2020.07.01 11:47:32 INFO  app[][o.s.a.SchedulerImpl] SonarQube is up
